Performing Curl Test HAVE_FCNTL_O_NONBLOCK failed with the following output:
Change Dir: D:/Code/DC-Cryptocurrency/DCC-Miner/out/build/x64-Debug/CMakeFiles/CMakeTmp

Run Build Command(s):C:/Program Files/Microsoft Visual Studio/2022/Preview/Common7/IDE/CommonExtensions/Microsoft/CMake/Ninja/ninja.exe -v cmTC_96619 && [1/2] C:\PROGRA~1\MICROS~1\2022\Preview\VC\Tools\MSVC\1437~1.327\bin\Hostx64\x64\cl.exe  /nologo   /DWIN32 /D_WINDOWS /W3 -DHAVE_FCNTL_O_NONBLOCK  -DHAVE_WINDOWS_H -DHAVE_WS2TCPIP_H -DHAVE_WINSOCK2_H -DHAVE_WINCRYPT_H -DHAVE_STDIO_H -DHAVE_SYS_STAT_H -DHAVE_SYS_TYPES_H -DHAVE_SYS_UTIME_H -DHAVE_ASSERT_H -DHAVE_ERRNO_H -DHAVE_FCNTL_H -DHAVE_IO_H -DHAVE_LOCALE_H -DHAVE_SETJMP_H -DHAVE_SIGNAL_H -DHAVE_STDBOOL_H -DHAVE_STDIO_H -DHAVE_STDLIB_H -DHAVE_STRING_H -DHAVE_TIME_H -DHAVE_PROCESS_H -DHAVE_STDDEF_H -DHAVE_MALLOC_H -DHAVE_MEMORY_H /MDd /Zi /Ob0 /Od /RTC1 /showIncludes /FoCMakeFiles\cmTC_96619.dir\CurlTests.c.obj /FdCMakeFiles\cmTC_96619.dir\ /FS -c D:\Code\DC-Cryptocurrency\DCC-Miner\out\build\x64-Debug\_deps\curl-src\CMake\CurlTests.c
FAILED: CMakeFiles/cmTC_96619.dir/CurlTests.c.obj 
C:\PROGRA~1\MICROS~1\2022\Preview\VC\Tools\MSVC\1437~1.327\bin\Hostx64\x64\cl.exe  /nologo   /DWIN32 /D_WINDOWS /W3 -DHAVE_FCNTL_O_NONBLOCK  -DHAVE_WINDOWS_H -DHAVE_WS2TCPIP_H -DHAVE_WINSOCK2_H -DHAVE_WINCRYPT_H -DHAVE_STDIO_H -DHAVE_SYS_STAT_H -DHAVE_SYS_TYPES_H -DHAVE_SYS_UTIME_H -DHAVE_ASSERT_H -DHAVE_ERRNO_H -DHAVE_FCNTL_H -DHAVE_IO_H -DHAVE_LOCALE_H -DHAVE_SETJMP_H -DHAVE_SIGNAL_H -DHAVE_STDBOOL_H -DHAVE_STDIO_H -DHAVE_STDLIB_H -DHAVE_STRING_H -DHAVE_TIME_H -DHAVE_PROCESS_H -DHAVE_STDDEF_H -DHAVE_MALLOC_H -DHAVE_MEMORY_H /MDd /Zi /Ob0 /Od /RTC1 /showIncludes /FoCMakeFiles\cmTC_96619.dir\CurlTests.c.obj /FdCMakeFiles\cmTC_96619.dir\ /FS -c D:\Code\DC-Cryptocurrency\DCC-Miner\out\build\x64-Debug\_deps\curl-src\CMake\CurlTests.c
D:\Code\DC-Cryptocurrency\DCC-Miner\out\build\x64-Debug\_deps\curl-src\CMake\CurlTests.c(44): fatal error C1083: Cannot open include file: 'unistd.h': No such file or directory
ninja: build stopped: subcommand failed.


Performing Curl Test HAVE_IOCTLSOCKET_CAMEL failed with the following output:
Change Dir: D:/Code/DC-Cryptocurrency/DCC-Miner/out/build/x64-Debug/CMakeFiles/CMakeTmp

Run Build Command(s):C:/Program Files/Microsoft Visual Studio/2022/Preview/Common7/IDE/CommonExtensions/Microsoft/CMake/Ninja/ninja.exe -v cmTC_ce7ae && [1/2] C:\PROGRA~1\MICROS~1\2022\Preview\VC\Tools\MSVC\1437~1.327\bin\Hostx64\x64\cl.exe  /nologo   /DWIN32 /D_WINDOWS /W3 -DHAVE_IOCTLSOCKET_CAMEL  -DHAVE_WINDOWS_H -DHAVE_WS2TCPIP_H -DHAVE_WINSOCK2_H -DHAVE_WINCRYPT_H -DHAVE_STDIO_H -DHAVE_SYS_STAT_H -DHAVE_SYS_TYPES_H -DHAVE_SYS_UTIME_H -DHAVE_ASSERT_H -DHAVE_ERRNO_H -DHAVE_FCNTL_H -DHAVE_IO_H -DHAVE_LOCALE_H -DHAVE_SETJMP_H -DHAVE_SIGNAL_H -DHAVE_STDBOOL_H -DHAVE_STDIO_H -DHAVE_STDLIB_H -DHAVE_STRING_H -DHAVE_TIME_H -DHAVE_PROCESS_H -DHAVE_STDDEF_H -DHAVE_MALLOC_H -DHAVE_MEMORY_H /MDd /Zi /Ob0 /Od /RTC1 /showIncludes /FoCMakeFiles\cmTC_ce7ae.dir\CurlTests.c.obj /FdCMakeFiles\cmTC_ce7ae.dir\ /FS -c D:\Code\DC-Cryptocurrency\DCC-Miner\out\build\x64-Debug\_deps\curl-src\CMake\CurlTests.c
D:\Code\DC-Cryptocurrency\DCC-Miner\out\build\x64-Debug\_deps\curl-src\CMake\CurlTests.c(265): warning C4013: 'IoctlSocket' undefined; assuming extern returning int
[2/2] cmd.exe /C "cd . && "C:\Program Files\Microsoft Visual Studio\2022\Preview\Common7\IDE\CommonExtensions\Microsoft\CMake\CMake\bin\cmake.exe" -E vs_link_exe --intdir=CMakeFiles\cmTC_ce7ae.dir --rc=C:\PROGRA~2\WI3CF2~1\10\bin\100220~1.0\x64\rc.exe --mt=C:\PROGRA~2\WI3CF2~1\10\bin\100220~1.0\x64\mt.exe --manifests  -- C:\PROGRA~1\MICROS~1\2022\Preview\VC\Tools\MSVC\1437~1.327\bin\Hostx64\x64\link.exe /nologo CMakeFiles\cmTC_ce7ae.dir\CurlTests.c.obj  /out:cmTC_ce7ae.exe /implib:cmTC_ce7ae.lib /pdb:cmTC_ce7ae.pdb /version:0.0 /machine:x64  /debug /INCREMENTAL /subsystem:console  ws2_32.lib  kernel32.lib user32.lib gdi32.lib winspool.lib shell32.lib ole32.lib oleaut32.lib uuid.lib comdlg32.lib advapi32.lib && cmd.exe /C "cd /D D:\Code\DC-Cryptocurrency\DCC-Miner\out\build\x64-Debug\CMakeFiles\CMakeTmp && C:\Windows\System32\WindowsPowerShell\v1.0\powershell.exe -noprofile -executionpolicy Bypass -file C:/Users/Sam/vcpkg/scripts/buildsystems/msbuild/applocal.ps1 -targetBinary D:/Code/DC-Cryptocurrency/DCC-Miner/out/build/x64-Debug/CMakeFiles/CMakeTmp/cmTC_ce7ae.exe -installedDir C:/Users/Sam/vcpkg/installed/x64-windows/debug/bin -OutVariable out""
FAILED: cmTC_ce7ae.exe 
cmd.exe /C "cd . && "C:\Program Files\Microsoft Visual Studio\2022\Preview\Common7\IDE\CommonExtensions\Microsoft\CMake\CMake\bin\cmake.exe" -E vs_link_exe --intdir=CMakeFiles\cmTC_ce7ae.dir --rc=C:\PROGRA~2\WI3CF2~1\10\bin\100220~1.0\x64\rc.exe --mt=C:\PROGRA~2\WI3CF2~1\10\bin\100220~1.0\x64\mt.exe --manifests  -- C:\PROGRA~1\MICROS~1\2022\Preview\VC\Tools\MSVC\1437~1.327\bin\Hostx64\x64\link.exe /nologo CMakeFiles\cmTC_ce7ae.dir\CurlTests.c.obj  /out:cmTC_ce7ae.exe /implib:cmTC_ce7ae.lib /pdb:cmTC_ce7ae.pdb /version:0.0 /machine:x64  /debug /INCREMENTAL /subsystem:console  ws2_32.lib  kernel32.lib user32.lib gdi32.lib winspool.lib shell32.lib ole32.lib oleaut32.lib uuid.lib comdlg32.lib advapi32.lib && cmd.exe /C "cd /D D:\Code\DC-Cryptocurrency\DCC-Miner\out\build\x64-Debug\CMakeFiles\CMakeTmp && C:\Windows\System32\WindowsPowerShell\v1.0\powershell.exe -noprofile -executionpolicy Bypass -file C:/Users/Sam/vcpkg/scripts/buildsystems/msbuild/applocal.ps1 -targetBinary D:/Code/DC-Cryptocurrency/DCC-Miner/out/build/x64-Debug/CMakeFiles/CMakeTmp/cmTC_ce7ae.exe -installedDir C:/Users/Sam/vcpkg/installed/x64-windows/debug/bin -OutVariable out""
LINK Pass 1: command "C:\PROGRA~1\MICROS~1\2022\Preview\VC\Tools\MSVC\1437~1.327\bin\Hostx64\x64\link.exe /nologo CMakeFiles\cmTC_ce7ae.dir\CurlTests.c.obj /out:cmTC_ce7ae.exe /implib:cmTC_ce7ae.lib /pdb:cmTC_ce7ae.pdb /version:0.0 /machine:x64 /debug /INCREMENTAL /subsystem:console ws2_32.lib kernel32.lib user32.lib gdi32.lib winspool.lib shell32.lib ole32.lib oleaut32.lib uuid.lib comdlg32.lib advapi32.lib /MANIFEST /MANIFESTFILE:CMakeFiles\cmTC_ce7ae.dir/intermediate.manifest CMakeFiles\cmTC_ce7ae.dir/manifest.res" failed (exit code 1120) with the following output:
CurlTests.c.obj : error LNK2019: unresolved external symbol IoctlSocket referenced in function main
cmTC_ce7ae.exe : fatal error LNK1120: 1 unresolved externals
ninja: build stopped: subcommand failed.


Performing Curl Test HAVE_IOCTLSOCKET_CAMEL_FIONBIO failed with the following output:
Change Dir: D:/Code/DC-Cryptocurrency/DCC-Miner/out/build/x64-Debug/CMakeFiles/CMakeTmp

Run Build Command(s):C:/Program Files/Microsoft Visual Studio/2022/Preview/Common7/IDE/CommonExtensions/Microsoft/CMake/Ninja/ninja.exe -v cmTC_af602 && [1/2] C:\PROGRA~1\MICROS~1\2022\Preview\VC\Tools\MSVC\1437~1.327\bin\Hostx64\x64\cl.exe  /nologo   /DWIN32 /D_WINDOWS /W3 -DHAVE_IOCTLSOCKET_CAMEL_FIONBIO  -DHAVE_WINDOWS_H -DHAVE_WS2TCPIP_H -DHAVE_WINSOCK2_H -DHAVE_WINCRYPT_H -DHAVE_STDIO_H -DHAVE_SYS_STAT_H -DHAVE_SYS_TYPES_H -DHAVE_SYS_UTIME_H -DHAVE_ASSERT_H -DHAVE_ERRNO_H -DHAVE_FCNTL_H -DHAVE_IO_H -DHAVE_LOCALE_H -DHAVE_SETJMP_H -DHAVE_SIGNAL_H -DHAVE_STDBOOL_H -DHAVE_STDIO_H -DHAVE_STDLIB_H -DHAVE_STRING_H -DHAVE_TIME_H -DHAVE_PROCESS_H -DHAVE_STDDEF_H -DHAVE_MALLOC_H -DHAVE_MEMORY_H /MDd /Zi /Ob0 /Od /RTC1 /showIncludes /FoCMakeFiles\cmTC_af602.dir\CurlTests.c.obj /FdCMakeFiles\cmTC_af602.dir\ /FS -c D:\Code\DC-Cryptocurrency\DCC-Miner\out\build\x64-Debug\_deps\curl-src\CMake\CurlTests.c
D:\Code\DC-Cryptocurrency\DCC-Miner\out\build\x64-Debug\_deps\curl-src\CMake\CurlTests.c(289): warning C4013: 'IoctlSocket' undefined; assuming extern returning int
[2/2] cmd.exe /C "cd . && "C:\Program Files\Microsoft Visual Studio\2022\Preview\Common7\IDE\CommonExtensions\Microsoft\CMake\CMake\bin\cmake.exe" -E vs_link_exe --intdir=CMakeFiles\cmTC_af602.dir --rc=C:\PROGRA~2\WI3CF2~1\10\bin\100220~1.0\x64\rc.exe --mt=C:\PROGRA~2\WI3CF2~1\10\bin\100220~1.0\x64\mt.exe --manifests  -- C:\PROGRA~1\MICROS~1\2022\Preview\VC\Tools\MSVC\1437~1.327\bin\Hostx64\x64\link.exe /nologo CMakeFiles\cmTC_af602.dir\CurlTests.c.obj  /out:cmTC_af602.exe /implib:cmTC_af602.lib /pdb:cmTC_af602.pdb /version:0.0 /machine:x64  /debug /INCREMENTAL /subsystem:console  ws2_32.lib  kernel32.lib user32.lib gdi32.lib winspool.lib shell32.lib ole32.lib oleaut32.lib uuid.lib comdlg32.lib advapi32.lib && cmd.exe /C "cd /D D:\Code\DC-Cryptocurrency\DCC-Miner\out\build\x64-Debug\CMakeFiles\CMakeTmp && C:\Windows\System32\WindowsPowerShell\v1.0\powershell.exe -noprofile -executionpolicy Bypass -file C:/Users/Sam/vcpkg/scripts/buildsystems/msbuild/applocal.ps1 -targetBinary D:/Code/DC-Cryptocurrency/DCC-Miner/out/build/x64-Debug/CMakeFiles/CMakeTmp/cmTC_af602.exe -installedDir C:/Users/Sam/vcpkg/installed/x64-windows/debug/bin -OutVariable out""
FAILED: cmTC_af602.exe 
cmd.exe /C "cd . && "C:\Program Files\Microsoft Visual Studio\2022\Preview\Common7\IDE\CommonExtensions\Microsoft\CMake\CMake\bin\cmake.exe" -E vs_link_exe --intdir=CMakeFiles\cmTC_af602.dir --rc=C:\PROGRA~2\WI3CF2~1\10\bin\100220~1.0\x64\rc.exe --mt=C:\PROGRA~2\WI3CF2~1\10\bin\100220~1.0\x64\mt.exe --manifests  -- C:\PROGRA~1\MICROS~1\2022\Preview\VC\Tools\MSVC\1437~1.327\bin\Hostx64\x64\link.exe /nologo CMakeFiles\cmTC_af602.dir\CurlTests.c.obj  /out:cmTC_af602.exe /implib:cmTC_af602.lib /pdb:cmTC_af602.pdb /version:0.0 /machine:x64  /debug /INCREMENTAL /subsystem:console  ws2_32.lib  kernel32.lib user32.lib gdi32.lib winspool.lib shell32.lib ole32.lib oleaut32.lib uuid.lib comdlg32.lib advapi32.lib && cmd.exe /C "cd /D D:\Code\DC-Cryptocurrency\DCC-Miner\out\build\x64-Debug\CMakeFiles\CMakeTmp && C:\Windows\System32\WindowsPowerShell\v1.0\powershell.exe -noprofile -executionpolicy Bypass -file C:/Users/Sam/vcpkg/scripts/buildsystems/msbuild/applocal.ps1 -targetBinary D:/Code/DC-Cryptocurrency/DCC-Miner/out/build/x64-Debug/CMakeFiles/CMakeTmp/cmTC_af602.exe -installedDir C:/Users/Sam/vcpkg/installed/x64-windows/debug/bin -OutVariable out""
LINK Pass 1: command "C:\PROGRA~1\MICROS~1\2022\Preview\VC\Tools\MSVC\1437~1.327\bin\Hostx64\x64\link.exe /nologo CMakeFiles\cmTC_af602.dir\CurlTests.c.obj /out:cmTC_af602.exe /implib:cmTC_af602.lib /pdb:cmTC_af602.pdb /version:0.0 /machine:x64 /debug /INCREMENTAL /subsystem:console ws2_32.lib kernel32.lib user32.lib gdi32.lib winspool.lib shell32.lib ole32.lib oleaut32.lib uuid.lib comdlg32.lib advapi32.lib /MANIFEST /MANIFESTFILE:CMakeFiles\cmTC_af602.dir/intermediate.manifest CMakeFiles\cmTC_af602.dir/manifest.res" failed (exit code 1120) with the following output:
CurlTests.c.obj : error LNK2019: unresolved external symbol IoctlSocket referenced in function main
cmTC_af602.exe : fatal error LNK1120: 1 unresolved externals
ninja: build stopped: subcommand failed.


Performing Curl Test HAVE_IOCTL_FIONBIO failed with the following output:
Change Dir: D:/Code/DC-Cryptocurrency/DCC-Miner/out/build/x64-Debug/CMakeFiles/CMakeTmp

Run Build Command(s):C:/Program Files/Microsoft Visual Studio/2022/Preview/Common7/IDE/CommonExtensions/Microsoft/CMake/Ninja/ninja.exe -v cmTC_f2648 && [1/2] C:\PROGRA~1\MICROS~1\2022\Preview\VC\Tools\MSVC\1437~1.327\bin\Hostx64\x64\cl.exe  /nologo   /DWIN32 /D_WINDOWS /W3 -DHAVE_IOCTL_FIONBIO  -DHAVE_WINDOWS_H -DHAVE_WS2TCPIP_H -DHAVE_WINSOCK2_H -DHAVE_WINCRYPT_H -DHAVE_STDIO_H -DHAVE_SYS_STAT_H -DHAVE_SYS_TYPES_H -DHAVE_SYS_UTIME_H -DHAVE_ASSERT_H -DHAVE_ERRNO_H -DHAVE_FCNTL_H -DHAVE_IO_H -DHAVE_LOCALE_H -DHAVE_SETJMP_H -DHAVE_SIGNAL_H -DHAVE_STDBOOL_H -DHAVE_STDIO_H -DHAVE_STDLIB_H -DHAVE_STRING_H -DHAVE_TIME_H -DHAVE_PROCESS_H -DHAVE_STDDEF_H -DHAVE_MALLOC_H -DHAVE_MEMORY_H /MDd /Zi /Ob0 /Od /RTC1 /showIncludes /FoCMakeFiles\cmTC_f2648.dir\CurlTests.c.obj /FdCMakeFiles\cmTC_f2648.dir\ /FS -c D:\Code\DC-Cryptocurrency\DCC-Miner\out\build\x64-Debug\_deps\curl-src\CMake\CurlTests.c
FAILED: CMakeFiles/cmTC_f2648.dir/CurlTests.c.obj 
C:\PROGRA~1\MICROS~1\2022\Preview\VC\Tools\MSVC\1437~1.327\bin\Hostx64\x64\cl.exe  /nologo   /DWIN32 /D_WINDOWS /W3 -DHAVE_IOCTL_FIONBIO  -DHAVE_WINDOWS_H -DHAVE_WS2TCPIP_H -DHAVE_WINSOCK2_H -DHAVE_WINCRYPT_H -DHAVE_STDIO_H -DHAVE_SYS_STAT_H -DHAVE_SYS_TYPES_H -DHAVE_SYS_UTIME_H -DHAVE_ASSERT_H -DHAVE_ERRNO_H -DHAVE_FCNTL_H -DHAVE_IO_H -DHAVE_LOCALE_H -DHAVE_SETJMP_H -DHAVE_SIGNAL_H -DHAVE_STDBOOL_H -DHAVE_STDIO_H -DHAVE_STDLIB_H -DHAVE_STRING_H -DHAVE_TIME_H -DHAVE_PROCESS_H -DHAVE_STDDEF_H -DHAVE_MALLOC_H -DHAVE_MEMORY_H /MDd /Zi /Ob0 /Od /RTC1 /showIncludes /FoCMakeFiles\cmTC_f2648.dir\CurlTests.c.obj /FdCMakeFiles\cmTC_f2648.dir\ /FS -c D:\Code\DC-Cryptocurrency\DCC-Miner\out\build\x64-Debug\_deps\curl-src\CMake\CurlTests.c
D:\Code\DC-Cryptocurrency\DCC-Miner\out\build\x64-Debug\_deps\curl-src\CMake\CurlTests.c(343): warning C4013: 'ioctl' undefined; assuming extern returning int
D:\Code\DC-Cryptocurrency\DCC-Miner\out\build\x64-Debug\_deps\curl-src\CMake\CurlTests.c(343): error C2065: 'FIONBIO': undeclared identifier
ninja: build stopped: subcommand failed.


Performing Curl Test HAVE_IOCTL_SIOCGIFADDR failed with the following output:
Change Dir: D:/Code/DC-Cryptocurrency/DCC-Miner/out/build/x64-Debug/CMakeFiles/CMakeTmp

Run Build Command(s):C:/Program Files/Microsoft Visual Studio/2022/Preview/Common7/IDE/CommonExtensions/Microsoft/CMake/Ninja/ninja.exe -v cmTC_addda && [1/2] C:\PROGRA~1\MICROS~1\2022\Preview\VC\Tools\MSVC\1437~1.327\bin\Hostx64\x64\cl.exe  /nologo   /DWIN32 /D_WINDOWS /W3 -DHAVE_IOCTL_SIOCGIFADDR  -DHAVE_WINDOWS_H -DHAVE_WS2TCPIP_H -DHAVE_WINSOCK2_H -DHAVE_WINCRYPT_H -DHAVE_STDIO_H -DHAVE_SYS_STAT_H -DHAVE_SYS_TYPES_H -DHAVE_SYS_UTIME_H -DHAVE_ASSERT_H -DHAVE_ERRNO_H -DHAVE_FCNTL_H -DHAVE_IO_H -DHAVE_LOCALE_H -DHAVE_SETJMP_H -DHAVE_SIGNAL_H -DHAVE_STDBOOL_H -DHAVE_STDIO_H -DHAVE_STDLIB_H -DHAVE_STRING_H -DHAVE_TIME_H -DHAVE_PROCESS_H -DHAVE_STDDEF_H -DHAVE_MALLOC_H -DHAVE_MEMORY_H /MDd /Zi /Ob0 /Od /RTC1 /showIncludes /FoCMakeFiles\cmTC_addda.dir\CurlTests.c.obj /FdCMakeFiles\cmTC_addda.dir\ /FS -c D:\Code\DC-Cryptocurrency\DCC-Miner\out\build\x64-Debug\_deps\curl-src\CMake\CurlTests.c
FAILED: CMakeFiles/cmTC_addda.dir/CurlTests.c.obj 
C:\PROGRA~1\MICROS~1\2022\Preview\VC\Tools\MSVC\1437~1.327\bin\Hostx64\x64\cl.exe  /nologo   /DWIN32 /D_WINDOWS /W3 -DHAVE_IOCTL_SIOCGIFADDR  -DHAVE_WINDOWS_H -DHAVE_WS2TCPIP_H -DHAVE_WINSOCK2_H -DHAVE_WINCRYPT_H -DHAVE_STDIO_H -DHAVE_SYS_STAT_H -DHAVE_SYS_TYPES_H -DHAVE_SYS_UTIME_H -DHAVE_ASSERT_H -DHAVE_ERRNO_H -DHAVE_FCNTL_H -DHAVE_IO_H -DHAVE_LOCALE_H -DHAVE_SETJMP_H -DHAVE_SIGNAL_H -DHAVE_STDBOOL_H -DHAVE_STDIO_H -DHAVE_STDLIB_H -DHAVE_STRING_H -DHAVE_TIME_H -DHAVE_PROCESS_H -DHAVE_STDDEF_H -DHAVE_MALLOC_H -DHAVE_MEMORY_H /MDd /Zi /Ob0 /Od /RTC1 /showIncludes /FoCMakeFiles\cmTC_addda.dir\CurlTests.c.obj /FdCMakeFiles\cmTC_addda.dir\ /FS -c D:\Code\DC-Cryptocurrency\DCC-Miner\out\build\x64-Debug\_deps\curl-src\CMake\CurlTests.c
D:\Code\DC-Cryptocurrency\DCC-Miner\out\build\x64-Debug\_deps\curl-src\CMake\CurlTests.c(368): fatal error C1083: Cannot open include file: 'net/if.h': No such file or directory
ninja: build stopped: subcommand failed.


Performing Curl Test HAVE_SETSOCKOPT_SO_NONBLOCK failed with the following output:
Change Dir: D:/Code/DC-Cryptocurrency/DCC-Miner/out/build/x64-Debug/CMakeFiles/CMakeTmp

Run Build Command(s):C:/Program Files/Microsoft Visual Studio/2022/Preview/Common7/IDE/CommonExtensions/Microsoft/CMake/Ninja/ninja.exe -v cmTC_7f96d && [1/2] C:\PROGRA~1\MICROS~1\2022\Preview\VC\Tools\MSVC\1437~1.327\bin\Hostx64\x64\cl.exe  /nologo   /DWIN32 /D_WINDOWS /W3 -DHAVE_SETSOCKOPT_SO_NONBLOCK  -DHAVE_WINDOWS_H -DHAVE_WS2TCPIP_H -DHAVE_WINSOCK2_H -DHAVE_WINCRYPT_H -DHAVE_STDIO_H -DHAVE_SYS_STAT_H -DHAVE_SYS_TYPES_H -DHAVE_SYS_UTIME_H -DHAVE_ASSERT_H -DHAVE_ERRNO_H -DHAVE_FCNTL_H -DHAVE_IO_H -DHAVE_LOCALE_H -DHAVE_SETJMP_H -DHAVE_SIGNAL_H -DHAVE_STDBOOL_H -DHAVE_STDIO_H -DHAVE_STDLIB_H -DHAVE_STRING_H -DHAVE_TIME_H -DHAVE_PROCESS_H -DHAVE_STDDEF_H -DHAVE_MALLOC_H -DHAVE_MEMORY_H /MDd /Zi /Ob0 /Od /RTC1 /showIncludes /FoCMakeFiles\cmTC_7f96d.dir\CurlTests.c.obj /FdCMakeFiles\cmTC_7f96d.dir\ /FS -c D:\Code\DC-Cryptocurrency\DCC-Miner\out\build\x64-Debug\_deps\curl-src\CMake\CurlTests.c
FAILED: CMakeFiles/cmTC_7f96d.dir/CurlTests.c.obj 
C:\PROGRA~1\MICROS~1\2022\Preview\VC\Tools\MSVC\1437~1.327\bin\Hostx64\x64\cl.exe  /nologo   /DWIN32 /D_WINDOWS /W3 -DHAVE_SETSOCKOPT_SO_NONBLOCK  -DHAVE_WINDOWS_H -DHAVE_WS2TCPIP_H -DHAVE_WINSOCK2_H -DHAVE_WINCRYPT_H -DHAVE_STDIO_H -DHAVE_SYS_STAT_H -DHAVE_SYS_TYPES_H -DHAVE_SYS_UTIME_H -DHAVE_ASSERT_H -DHAVE_ERRNO_H -DHAVE_FCNTL_H -DHAVE_IO_H -DHAVE_LOCALE_H -DHAVE_SETJMP_H -DHAVE_SIGNAL_H -DHAVE_STDBOOL_H -DHAVE_STDIO_H -DHAVE_STDLIB_H -DHAVE_STRING_H -DHAVE_TIME_H -DHAVE_PROCESS_H -DHAVE_STDDEF_H -DHAVE_MALLOC_H -DHAVE_MEMORY_H /MDd /Zi /Ob0 /Od /RTC1 /showIncludes /FoCMakeFiles\cmTC_7f96d.dir\CurlTests.c.obj /FdCMakeFiles\cmTC_7f96d.dir\ /FS -c D:\Code\DC-Cryptocurrency\DCC-Miner\out\build\x64-Debug\_deps\curl-src\CMake\CurlTests.c
D:\Code\DC-Cryptocurrency\DCC-Miner\out\build\x64-Debug\_deps\curl-src\CMake\CurlTests.c(404): error C2065: 'SO_NONBLOCK': undeclared identifier
ninja: build stopped: subcommand failed.


Performing Curl Test HAVE_SOCKADDR_IN6_SIN6_SCOPE_ID failed with the following output:
Change Dir: D:/Code/DC-Cryptocurrency/DCC-Miner/out/build/x64-Debug/CMakeFiles/CMakeTmp

Run Build Command(s):C:/Program Files/Microsoft Visual Studio/2022/Preview/Common7/IDE/CommonExtensions/Microsoft/CMake/Ninja/ninja.exe -v cmTC_fa0e5 && [1/2] C:\PROGRA~1\MICROS~1\2022\Preview\VC\Tools\MSVC\1437~1.327\bin\Hostx64\x64\cl.exe  /nologo   /DWIN32 /D_WINDOWS /W3 -DHAVE_SOCKADDR_IN6_SIN6_SCOPE_ID  -DHAVE_WINDOWS_H -DHAVE_WS2TCPIP_H -DHAVE_WINSOCK2_H -DHAVE_WINCRYPT_H -DHAVE_STDIO_H -DHAVE_SYS_STAT_H -DHAVE_SYS_TYPES_H -DHAVE_SYS_UTIME_H -DHAVE_ASSERT_H -DHAVE_ERRNO_H -DHAVE_FCNTL_H -DHAVE_IO_H -DHAVE_LOCALE_H -DHAVE_SETJMP_H -DHAVE_SIGNAL_H -DHAVE_STDBOOL_H -DHAVE_STDIO_H -DHAVE_STDLIB_H -DHAVE_STRING_H -DHAVE_TIME_H -DHAVE_PROCESS_H -DHAVE_STDDEF_H -DHAVE_MALLOC_H -DHAVE_MEMORY_H /MDd /Zi /Ob0 /Od /RTC1 /showIncludes /FoCMakeFiles\cmTC_fa0e5.dir\CurlTests.c.obj /FdCMakeFiles\cmTC_fa0e5.dir\ /FS -c D:\Code\DC-Cryptocurrency\DCC-Miner\out\build\x64-Debug\_deps\curl-src\CMake\CurlTests.c
[2/2] cmd.exe /C "cd . && "C:\Program Files\Microsoft Visual Studio\2022\Preview\Common7\IDE\CommonExtensions\Microsoft\CMake\CMake\bin\cmake.exe" -E vs_link_exe --intdir=CMakeFiles\cmTC_fa0e5.dir --rc=C:\PROGRA~2\WI3CF2~1\10\bin\100220~1.0\x64\rc.exe --mt=C:\PROGRA~2\WI3CF2~1\10\bin\100220~1.0\x64\mt.exe --manifests  -- C:\PROGRA~1\MICROS~1\2022\Preview\VC\Tools\MSVC\1437~1.327\bin\Hostx64\x64\link.exe /nologo CMakeFiles\cmTC_fa0e5.dir\CurlTests.c.obj  /out:cmTC_fa0e5.exe /implib:cmTC_fa0e5.lib /pdb:cmTC_fa0e5.pdb /version:0.0 /machine:x64  /debug /INCREMENTAL /subsystem:console  ws2_32.lib  kernel32.lib user32.lib gdi32.lib winspool.lib shell32.lib ole32.lib oleaut32.lib uuid.lib comdlg32.lib advapi32.lib && cmd.exe /C "cd /D D:\Code\DC-Cryptocurrency\DCC-Miner\out\build\x64-Debug\CMakeFiles\CMakeTmp && C:\Windows\System32\WindowsPowerShell\v1.0\powershell.exe -noprofile -executionpolicy Bypass -file C:/Users/Sam/vcpkg/scripts/buildsystems/msbuild/applocal.ps1 -targetBinary D:/Code/DC-Cryptocurrency/DCC-Miner/out/build/x64-Debug/CMakeFiles/CMakeTmp/cmTC_fa0e5.exe -installedDir C:/Users/Sam/vcpkg/installed/x64-windows/debug/bin -OutVariable out""
FAILED: cmTC_fa0e5.exe 
cmd.exe /C "cd . && "C:\Program Files\Microsoft Visual Studio\2022\Preview\Common7\IDE\CommonExtensions\Microsoft\CMake\CMake\bin\cmake.exe" -E vs_link_exe --intdir=CMakeFiles\cmTC_fa0e5.dir --rc=C:\PROGRA~2\WI3CF2~1\10\bin\100220~1.0\x64\rc.exe --mt=C:\PROGRA~2\WI3CF2~1\10\bin\100220~1.0\x64\mt.exe --manifests  -- C:\PROGRA~1\MICROS~1\2022\Preview\VC\Tools\MSVC\1437~1.327\bin\Hostx64\x64\link.exe /nologo CMakeFiles\cmTC_fa0e5.dir\CurlTests.c.obj  /out:cmTC_fa0e5.exe /implib:cmTC_fa0e5.lib /pdb:cmTC_fa0e5.pdb /version:0.0 /machine:x64  /debug /INCREMENTAL /subsystem:console  ws2_32.lib  kernel32.lib user32.lib gdi32.lib winspool.lib shell32.lib ole32.lib oleaut32.lib uuid.lib comdlg32.lib advapi32.lib && cmd.exe /C "cd /D D:\Code\DC-Cryptocurrency\DCC-Miner\out\build\x64-Debug\CMakeFiles\CMakeTmp && C:\Windows\System32\WindowsPowerShell\v1.0\powershell.exe -noprofile -executionpolicy Bypass -file C:/Users/Sam/vcpkg/scripts/buildsystems/msbuild/applocal.ps1 -targetBinary D:/Code/DC-Cryptocurrency/DCC-Miner/out/build/x64-Debug/CMakeFiles/CMakeTmp/cmTC_fa0e5.exe -installedDir C:/Users/Sam/vcpkg/installed/x64-windows/debug/bin -OutVariable out""
LINK Pass 1: command "C:\PROGRA~1\MICROS~1\2022\Preview\VC\Tools\MSVC\1437~1.327\bin\Hostx64\x64\link.exe /nologo CMakeFiles\cmTC_fa0e5.dir\CurlTests.c.obj /out:cmTC_fa0e5.exe /implib:cmTC_fa0e5.lib /pdb:cmTC_fa0e5.pdb /version:0.0 /machine:x64 /debug /INCREMENTAL /subsystem:console ws2_32.lib kernel32.lib user32.lib gdi32.lib winspool.lib shell32.lib ole32.lib oleaut32.lib uuid.lib comdlg32.lib advapi32.lib /MANIFEST /MANIFESTFILE:CMakeFiles\cmTC_fa0e5.dir/intermediate.manifest CMakeFiles\cmTC_fa0e5.dir/manifest.res" failed (exit code 1120) with the following output:
MSVCRTD.lib(exe_main.obj) : error LNK2019: unresolved external symbol main referenced in function "int __cdecl invoke_main(void)" (?invoke_main@@YAHXZ)
cmTC_fa0e5.exe : fatal error LNK1120: 1 unresolved externals
ninja: build stopped: subcommand failed.


Performing Curl Test HAVE_FILE_OFFSET_BITS failed with the following output:
Change Dir: D:/Code/DC-Cryptocurrency/DCC-Miner/out/build/x64-Debug/CMakeFiles/CMakeTmp

Run Build Command(s):C:/Program Files/Microsoft Visual Studio/2022/Preview/Common7/IDE/CommonExtensions/Microsoft/CMake/Ninja/ninja.exe -v cmTC_2ef3b && [1/2] C:\PROGRA~1\MICROS~1\2022\Preview\VC\Tools\MSVC\1437~1.327\bin\Hostx64\x64\cl.exe  /nologo   /DWIN32 /D_WINDOWS /W3 -DHAVE_FILE_OFFSET_BITS  -DHAVE_WINDOWS_H -DHAVE_WS2TCPIP_H -DHAVE_WINSOCK2_H -DHAVE_WINCRYPT_H -DHAVE_STDIO_H -DHAVE_SYS_STAT_H -DHAVE_SYS_TYPES_H -DHAVE_SYS_UTIME_H -DHAVE_ASSERT_H -DHAVE_ERRNO_H -DHAVE_FCNTL_H -DHAVE_IO_H -DHAVE_LOCALE_H -DHAVE_SETJMP_H -DHAVE_SIGNAL_H -DHAVE_STDBOOL_H -DHAVE_STDIO_H -DHAVE_STDLIB_H -DHAVE_STRING_H -DHAVE_TIME_H -DHAVE_PROCESS_H -DHAVE_STDDEF_H -DHAVE_MALLOC_H -DHAVE_MEMORY_H /MDd /Zi /Ob0 /Od /RTC1 /showIncludes /FoCMakeFiles\cmTC_2ef3b.dir\CurlTests.c.obj /FdCMakeFiles\cmTC_2ef3b.dir\ /FS -c D:\Code\DC-Cryptocurrency\DCC-Miner\out\build\x64-Debug\_deps\curl-src\CMake\CurlTests.c
FAILED: CMakeFiles/cmTC_2ef3b.dir/CurlTests.c.obj 
C:\PROGRA~1\MICROS~1\2022\Preview\VC\Tools\MSVC\1437~1.327\bin\Hostx64\x64\cl.exe  /nologo   /DWIN32 /D_WINDOWS /W3 -DHAVE_FILE_OFFSET_BITS  -DHAVE_WINDOWS_H -DHAVE_WS2TCPIP_H -DHAVE_WINSOCK2_H -DHAVE_WINCRYPT_H -DHAVE_STDIO_H -DHAVE_SYS_STAT_H -DHAVE_SYS_TYPES_H -DHAVE_SYS_UTIME_H -DHAVE_ASSERT_H -DHAVE_ERRNO_H -DHAVE_FCNTL_H -DHAVE_IO_H -DHAVE_LOCALE_H -DHAVE_SETJMP_H -DHAVE_SIGNAL_H -DHAVE_STDBOOL_H -DHAVE_STDIO_H -DHAVE_STDLIB_H -DHAVE_STRING_H -DHAVE_TIME_H -DHAVE_PROCESS_H -DHAVE_STDDEF_H -DHAVE_MALLOC_H -DHAVE_MEMORY_H /MDd /Zi /Ob0 /Od /RTC1 /showIncludes /FoCMakeFiles\cmTC_2ef3b.dir\CurlTests.c.obj /FdCMakeFiles\cmTC_2ef3b.dir\ /FS -c D:\Code\DC-Cryptocurrency\DCC-Miner\out\build\x64-Debug\_deps\curl-src\CMake\CurlTests.c
D:\Code\DC-Cryptocurrency\DCC-Miner\out\build\x64-Debug\_deps\curl-src\CMake\CurlTests.c(218): warning C4293: '<<': shift count negative or too big, undefined behavior
D:\Code\DC-Cryptocurrency\DCC-Miner\out\build\x64-Debug\_deps\curl-src\CMake\CurlTests.c(219): warning C4293: '<<': shift count negative or too big, undefined behavior
D:\Code\DC-Cryptocurrency\DCC-Miner\out\build\x64-Debug\_deps\curl-src\CMake\CurlTests.c(218): error C2118: negative subscript
ninja: build stopped: subcommand failed.


Performing Curl Test HAVE_VARIADIC_MACROS_GCC failed with the following output:
Change Dir: D:/Code/DC-Cryptocurrency/DCC-Miner/out/build/x64-Debug/CMakeFiles/CMakeTmp

Run Build Command(s):C:/Program Files/Microsoft Visual Studio/2022/Preview/Common7/IDE/CommonExtensions/Microsoft/CMake/Ninja/ninja.exe -v cmTC_2597b && [1/2] C:\PROGRA~1\MICROS~1\2022\Preview\VC\Tools\MSVC\1437~1.327\bin\Hostx64\x64\cl.exe  /nologo   /DWIN32 /D_WINDOWS /W3 -DHAVE_VARIADIC_MACROS_GCC  -DHAVE_WINDOWS_H -DHAVE_WS2TCPIP_H -DHAVE_WINSOCK2_H -DHAVE_WINCRYPT_H -DHAVE_STDIO_H -DHAVE_SYS_STAT_H -DHAVE_SYS_TYPES_H -DHAVE_SYS_UTIME_H -DHAVE_ASSERT_H -DHAVE_ERRNO_H -DHAVE_FCNTL_H -DHAVE_IO_H -DHAVE_LOCALE_H -DHAVE_SETJMP_H -DHAVE_SIGNAL_H -DHAVE_STDBOOL_H -DHAVE_STDIO_H -DHAVE_STDLIB_H -DHAVE_STRING_H -DHAVE_TIME_H -DHAVE_PROCESS_H -DHAVE_STDDEF_H -DHAVE_MALLOC_H -DHAVE_MEMORY_H /MDd /Zi /Ob0 /Od /RTC1 /showIncludes /FoCMakeFiles\cmTC_2597b.dir\CurlTests.c.obj /FdCMakeFiles\cmTC_2597b.dir\ /FS -c D:\Code\DC-Cryptocurrency\DCC-Miner\out\build\x64-Debug\_deps\curl-src\CMake\CurlTests.c
FAILED: CMakeFiles/cmTC_2597b.dir/CurlTests.c.obj 
C:\PROGRA~1\MICROS~1\2022\Preview\VC\Tools\MSVC\1437~1.327\bin\Hostx64\x64\cl.exe  /nologo   /DWIN32 /D_WINDOWS /W3 -DHAVE_VARIADIC_MACROS_GCC  -DHAVE_WINDOWS_H -DHAVE_WS2TCPIP_H -DHAVE_WINSOCK2_H -DHAVE_WINCRYPT_H -DHAVE_STDIO_H -DHAVE_SYS_STAT_H -DHAVE_SYS_TYPES_H -DHAVE_SYS_UTIME_H -DHAVE_ASSERT_H -DHAVE_ERRNO_H -DHAVE_FCNTL_H -DHAVE_IO_H -DHAVE_LOCALE_H -DHAVE_SETJMP_H -DHAVE_SIGNAL_H -DHAVE_STDBOOL_H -DHAVE_STDIO_H -DHAVE_STDLIB_H -DHAVE_STRING_H -DHAVE_TIME_H -DHAVE_PROCESS_H -DHAVE_STDDEF_H -DHAVE_MALLOC_H -DHAVE_MEMORY_H /MDd /Zi /Ob0 /Od /RTC1 /showIncludes /FoCMakeFiles\cmTC_2597b.dir\CurlTests.c.obj /FdCMakeFiles\cmTC_2597b.dir\ /FS -c D:\Code\DC-Cryptocurrency\DCC-Miner\out\build\x64-Debug\_deps\curl-src\CMake\CurlTests.c
D:\Code\DC-Cryptocurrency\DCC-Miner\out\build\x64-Debug\_deps\curl-src\CMake\CurlTests.c(495): error C2010: '.': unexpected in macro parameter list
D:\Code\DC-Cryptocurrency\DCC-Miner\out\build\x64-Debug\_deps\curl-src\CMake\CurlTests.c(496): error C2010: '.': unexpected in macro parameter list
ninja: build stopped: subcommand failed.


Performing Curl Test HAVE_GLIBC_STRERROR_R failed with the following output:
Change Dir: D:/Code/DC-Cryptocurrency/DCC-Miner/out/build/x64-Debug/CMakeFiles/CMakeTmp

Run Build Command(s):C:/Program Files/Microsoft Visual Studio/2022/Preview/Common7/IDE/CommonExtensions/Microsoft/CMake/Ninja/ninja.exe -v cmTC_de842 && [1/2] C:\PROGRA~1\MICROS~1\2022\Preview\VC\Tools\MSVC\1437~1.327\bin\Hostx64\x64\cl.exe  /nologo   /DWIN32 /D_WINDOWS /W3 -DHAVE_GLIBC_STRERROR_R  -DHAVE_WINDOWS_H -DHAVE_WS2TCPIP_H -DHAVE_WINSOCK2_H -DHAVE_WINCRYPT_H -DHAVE_STDIO_H -DHAVE_SYS_STAT_H -DHAVE_SYS_TYPES_H -DHAVE_SYS_UTIME_H -DHAVE_ASSERT_H -DHAVE_ERRNO_H -DHAVE_FCNTL_H -DHAVE_IO_H -DHAVE_LOCALE_H -DHAVE_SETJMP_H -DHAVE_SIGNAL_H -DHAVE_STDBOOL_H -DHAVE_STDIO_H -DHAVE_STDLIB_H -DHAVE_STRING_H -DHAVE_TIME_H -DHAVE_PROCESS_H -DHAVE_STDDEF_H -DHAVE_MALLOC_H -DHAVE_MEMORY_H /MDd /Zi /Ob0 /Od /RTC1 /showIncludes /FoCMakeFiles\cmTC_de842.dir\CurlTests.c.obj /FdCMakeFiles\cmTC_de842.dir\ /FS -c D:\Code\DC-Cryptocurrency\DCC-Miner\out\build\x64-Debug\_deps\curl-src\CMake\CurlTests.c
FAILED: CMakeFiles/cmTC_de842.dir/CurlTests.c.obj 
C:\PROGRA~1\MICROS~1\2022\Preview\VC\Tools\MSVC\1437~1.327\bin\Hostx64\x64\cl.exe  /nologo   /DWIN32 /D_WINDOWS /W3 -DHAVE_GLIBC_STRERROR_R  -DHAVE_WINDOWS_H -DHAVE_WS2TCPIP_H -DHAVE_WINSOCK2_H -DHAVE_WINCRYPT_H -DHAVE_STDIO_H -DHAVE_SYS_STAT_H -DHAVE_SYS_TYPES_H -DHAVE_SYS_UTIME_H -DHAVE_ASSERT_H -DHAVE_ERRNO_H -DHAVE_FCNTL_H -DHAVE_IO_H -DHAVE_LOCALE_H -DHAVE_SETJMP_H -DHAVE_SIGNAL_H -DHAVE_STDBOOL_H -DHAVE_STDIO_H -DHAVE_STDLIB_H -DHAVE_STRING_H -DHAVE_TIME_H -DHAVE_PROCESS_H -DHAVE_STDDEF_H -DHAVE_MALLOC_H -DHAVE_MEMORY_H /MDd /Zi /Ob0 /Od /RTC1 /showIncludes /FoCMakeFiles\cmTC_de842.dir\CurlTests.c.obj /FdCMakeFiles\cmTC_de842.dir\ /FS -c D:\Code\DC-Cryptocurrency\DCC-Miner\out\build\x64-Debug\_deps\curl-src\CMake\CurlTests.c
D:\Code\DC-Cryptocurrency\DCC-Miner\out\build\x64-Debug\_deps\curl-src\CMake\CurlTests.c(420): warning C4013: 'strerror_r' undefined; assuming extern returning int
D:\Code\DC-Cryptocurrency\DCC-Miner\out\build\x64-Debug\_deps\curl-src\CMake\CurlTests.c(420): error C2109: subscript requires array or pointer type
D:\Code\DC-Cryptocurrency\DCC-Miner\out\build\x64-Debug\_deps\curl-src\CMake\CurlTests.c(420): error C2198: 'check': too few arguments for call
ninja: build stopped: subcommand failed.


Performing Curl Test HAVE_POSIX_STRERROR_R failed with the following output:
Change Dir: D:/Code/DC-Cryptocurrency/DCC-Miner/out/build/x64-Debug/CMakeFiles/CMakeTmp

Run Build Command(s):C:/Program Files/Microsoft Visual Studio/2022/Preview/Common7/IDE/CommonExtensions/Microsoft/CMake/Ninja/ninja.exe -v cmTC_ac916 && [1/2] C:\PROGRA~1\MICROS~1\2022\Preview\VC\Tools\MSVC\1437~1.327\bin\Hostx64\x64\cl.exe  /nologo   /DWIN32 /D_WINDOWS /W3 -DHAVE_POSIX_STRERROR_R  -DHAVE_WINDOWS_H -DHAVE_WS2TCPIP_H -DHAVE_WINSOCK2_H -DHAVE_WINCRYPT_H -DHAVE_STDIO_H -DHAVE_SYS_STAT_H -DHAVE_SYS_TYPES_H -DHAVE_SYS_UTIME_H -DHAVE_ASSERT_H -DHAVE_ERRNO_H -DHAVE_FCNTL_H -DHAVE_IO_H -DHAVE_LOCALE_H -DHAVE_SETJMP_H -DHAVE_SIGNAL_H -DHAVE_STDBOOL_H -DHAVE_STDIO_H -DHAVE_STDLIB_H -DHAVE_STRING_H -DHAVE_TIME_H -DHAVE_PROCESS_H -DHAVE_STDDEF_H -DHAVE_MALLOC_H -DHAVE_MEMORY_H /MDd /Zi /Ob0 /Od /RTC1 /showIncludes /FoCMakeFiles\cmTC_ac916.dir\CurlTests.c.obj /FdCMakeFiles\cmTC_ac916.dir\ /FS -c D:\Code\DC-Cryptocurrency\DCC-Miner\out\build\x64-Debug\_deps\curl-src\CMake\CurlTests.c
D:\Code\DC-Cryptocurrency\DCC-Miner\out\build\x64-Debug\_deps\curl-src\CMake\CurlTests.c(435): warning C4013: 'strerror_r' undefined; assuming extern returning int
D:\Code\DC-Cryptocurrency\DCC-Miner\out\build\x64-Debug\_deps\curl-src\CMake\CurlTests.c(435): warning C4244: 'function': conversion from 'int' to 'float', possible loss of data
[2/2] cmd.exe /C "cd . && "C:\Program Files\Microsoft Visual Studio\2022\Preview\Common7\IDE\CommonExtensions\Microsoft\CMake\CMake\bin\cmake.exe" -E vs_link_exe --intdir=CMakeFiles\cmTC_ac916.dir --rc=C:\PROGRA~2\WI3CF2~1\10\bin\100220~1.0\x64\rc.exe --mt=C:\PROGRA~2\WI3CF2~1\10\bin\100220~1.0\x64\mt.exe --manifests  -- C:\PROGRA~1\MICROS~1\2022\Preview\VC\Tools\MSVC\1437~1.327\bin\Hostx64\x64\link.exe /nologo CMakeFiles\cmTC_ac916.dir\CurlTests.c.obj  /out:cmTC_ac916.exe /implib:cmTC_ac916.lib /pdb:cmTC_ac916.pdb /version:0.0 /machine:x64  /debug /INCREMENTAL /subsystem:console  ws2_32.lib  kernel32.lib user32.lib gdi32.lib winspool.lib shell32.lib ole32.lib oleaut32.lib uuid.lib comdlg32.lib advapi32.lib && cmd.exe /C "cd /D D:\Code\DC-Cryptocurrency\DCC-Miner\out\build\x64-Debug\CMakeFiles\CMakeTmp && C:\Windows\System32\WindowsPowerShell\v1.0\powershell.exe -noprofile -executionpolicy Bypass -file C:/Users/Sam/vcpkg/scripts/buildsystems/msbuild/applocal.ps1 -targetBinary D:/Code/DC-Cryptocurrency/DCC-Miner/out/build/x64-Debug/CMakeFiles/CMakeTmp/cmTC_ac916.exe -installedDir C:/Users/Sam/vcpkg/installed/x64-windows/debug/bin -OutVariable out""
FAILED: cmTC_ac916.exe 
cmd.exe /C "cd . && "C:\Program Files\Microsoft Visual Studio\2022\Preview\Common7\IDE\CommonExtensions\Microsoft\CMake\CMake\bin\cmake.exe" -E vs_link_exe --intdir=CMakeFiles\cmTC_ac916.dir --rc=C:\PROGRA~2\WI3CF2~1\10\bin\100220~1.0\x64\rc.exe --mt=C:\PROGRA~2\WI3CF2~1\10\bin\100220~1.0\x64\mt.exe --manifests  -- C:\PROGRA~1\MICROS~1\2022\Preview\VC\Tools\MSVC\1437~1.327\bin\Hostx64\x64\link.exe /nologo CMakeFiles\cmTC_ac916.dir\CurlTests.c.obj  /out:cmTC_ac916.exe /implib:cmTC_ac916.lib /pdb:cmTC_ac916.pdb /version:0.0 /machine:x64  /debug /INCREMENTAL /subsystem:console  ws2_32.lib  kernel32.lib user32.lib gdi32.lib winspool.lib shell32.lib ole32.lib oleaut32.lib uuid.lib comdlg32.lib advapi32.lib && cmd.exe /C "cd /D D:\Code\DC-Cryptocurrency\DCC-Miner\out\build\x64-Debug\CMakeFiles\CMakeTmp && C:\Windows\System32\WindowsPowerShell\v1.0\powershell.exe -noprofile -executionpolicy Bypass -file C:/Users/Sam/vcpkg/scripts/buildsystems/msbuild/applocal.ps1 -targetBinary D:/Code/DC-Cryptocurrency/DCC-Miner/out/build/x64-Debug/CMakeFiles/CMakeTmp/cmTC_ac916.exe -installedDir C:/Users/Sam/vcpkg/installed/x64-windows/debug/bin -OutVariable out""
LINK Pass 1: command "C:\PROGRA~1\MICROS~1\2022\Preview\VC\Tools\MSVC\1437~1.327\bin\Hostx64\x64\link.exe /nologo CMakeFiles\cmTC_ac916.dir\CurlTests.c.obj /out:cmTC_ac916.exe /implib:cmTC_ac916.lib /pdb:cmTC_ac916.pdb /version:0.0 /machine:x64 /debug /INCREMENTAL /subsystem:console ws2_32.lib kernel32.lib user32.lib gdi32.lib winspool.lib shell32.lib ole32.lib oleaut32.lib uuid.lib comdlg32.lib advapi32.lib /MANIFEST /MANIFESTFILE:CMakeFiles\cmTC_ac916.dir/intermediate.manifest CMakeFiles\cmTC_ac916.dir/manifest.res" failed (exit code 1120) with the following output:
CurlTests.c.obj : error LNK2019: unresolved external symbol strerror_r referenced in function main
cmTC_ac916.exe : fatal error LNK1120: 1 unresolved externals
ninja: build stopped: subcommand failed.


Performing Curl Test HAVE_CLOCK_GETTIME_MONOTONIC failed with the following output:
Change Dir: D:/Code/DC-Cryptocurrency/DCC-Miner/out/build/x64-Debug/CMakeFiles/CMakeTmp

Run Build Command(s):C:/Program Files/Microsoft Visual Studio/2022/Preview/Common7/IDE/CommonExtensions/Microsoft/CMake/Ninja/ninja.exe -v cmTC_13495 && [1/2] C:\PROGRA~1\MICROS~1\2022\Preview\VC\Tools\MSVC\1437~1.327\bin\Hostx64\x64\cl.exe  /nologo   /DWIN32 /D_WINDOWS /W3 -DHAVE_CLOCK_GETTIME_MONOTONIC  -DHAVE_WINDOWS_H -DHAVE_WS2TCPIP_H -DHAVE_WINSOCK2_H -DHAVE_WINCRYPT_H -DHAVE_STDIO_H -DHAVE_SYS_STAT_H -DHAVE_SYS_TYPES_H -DHAVE_SYS_UTIME_H -DHAVE_ASSERT_H -DHAVE_ERRNO_H -DHAVE_FCNTL_H -DHAVE_IO_H -DHAVE_LOCALE_H -DHAVE_SETJMP_H -DHAVE_SIGNAL_H -DHAVE_STDBOOL_H -DHAVE_STDIO_H -DHAVE_STDLIB_H -DHAVE_STRING_H -DHAVE_TIME_H -DHAVE_PROCESS_H -DHAVE_STDDEF_H -DHAVE_MALLOC_H -DHAVE_MEMORY_H /MDd /Zi /Ob0 /Od /RTC1 /showIncludes /FoCMakeFiles\cmTC_13495.dir\CurlTests.c.obj /FdCMakeFiles\cmTC_13495.dir\ /FS -c D:\Code\DC-Cryptocurrency\DCC-Miner\out\build\x64-Debug\_deps\curl-src\CMake\CurlTests.c
FAILED: CMakeFiles/cmTC_13495.dir/CurlTests.c.obj 
C:\PROGRA~1\MICROS~1\2022\Preview\VC\Tools\MSVC\1437~1.327\bin\Hostx64\x64\cl.exe  /nologo   /DWIN32 /D_WINDOWS /W3 -DHAVE_CLOCK_GETTIME_MONOTONIC  -DHAVE_WINDOWS_H -DHAVE_WS2TCPIP_H -DHAVE_WINSOCK2_H -DHAVE_WINCRYPT_H -DHAVE_STDIO_H -DHAVE_SYS_STAT_H -DHAVE_SYS_TYPES_H -DHAVE_SYS_UTIME_H -DHAVE_ASSERT_H -DHAVE_ERRNO_H -DHAVE_FCNTL_H -DHAVE_IO_H -DHAVE_LOCALE_H -DHAVE_SETJMP_H -DHAVE_SIGNAL_H -DHAVE_STDBOOL_H -DHAVE_STDIO_H -DHAVE_STDLIB_H -DHAVE_STRING_H -DHAVE_TIME_H -DHAVE_PROCESS_H -DHAVE_STDDEF_H -DHAVE_MALLOC_H -DHAVE_MEMORY_H /MDd /Zi /Ob0 /Od /RTC1 /showIncludes /FoCMakeFiles\cmTC_13495.dir\CurlTests.c.obj /FdCMakeFiles\cmTC_13495.dir\ /FS -c D:\Code\DC-Cryptocurrency\DCC-Miner\out\build\x64-Debug\_deps\curl-src\CMake\CurlTests.c
D:\Code\DC-Cryptocurrency\DCC-Miner\out\build\x64-Debug\_deps\curl-src\CMake\CurlTests.c(460): warning C4013: 'clock_gettime' undefined; assuming extern returning int
D:\Code\DC-Cryptocurrency\DCC-Miner\out\build\x64-Debug\_deps\curl-src\CMake\CurlTests.c(460): error C2065: 'CLOCK_MONOTONIC': undeclared identifier
ninja: build stopped: subcommand failed.


Performing Curl Test HAVE_BUILTIN_AVAILABLE failed with the following output:
Change Dir: D:/Code/DC-Cryptocurrency/DCC-Miner/out/build/x64-Debug/CMakeFiles/CMakeTmp

Run Build Command(s):C:/Program Files/Microsoft Visual Studio/2022/Preview/Common7/IDE/CommonExtensions/Microsoft/CMake/Ninja/ninja.exe -v cmTC_e7bbb && [1/2] C:\PROGRA~1\MICROS~1\2022\Preview\VC\Tools\MSVC\1437~1.327\bin\Hostx64\x64\cl.exe  /nologo   /DWIN32 /D_WINDOWS /W3 -DHAVE_BUILTIN_AVAILABLE  -DHAVE_WINDOWS_H -DHAVE_WS2TCPIP_H -DHAVE_WINSOCK2_H -DHAVE_WINCRYPT_H -DHAVE_STDIO_H -DHAVE_SYS_STAT_H -DHAVE_SYS_TYPES_H -DHAVE_SYS_UTIME_H -DHAVE_ASSERT_H -DHAVE_ERRNO_H -DHAVE_FCNTL_H -DHAVE_IO_H -DHAVE_LOCALE_H -DHAVE_SETJMP_H -DHAVE_SIGNAL_H -DHAVE_STDBOOL_H -DHAVE_STDIO_H -DHAVE_STDLIB_H -DHAVE_STRING_H -DHAVE_TIME_H -DHAVE_PROCESS_H -DHAVE_STDDEF_H -DHAVE_MALLOC_H -DHAVE_MEMORY_H /MDd /Zi /Ob0 /Od /RTC1 /showIncludes /FoCMakeFiles\cmTC_e7bbb.dir\CurlTests.c.obj /FdCMakeFiles\cmTC_e7bbb.dir\ /FS -c D:\Code\DC-Cryptocurrency\DCC-Miner\out\build\x64-Debug\_deps\curl-src\CMake\CurlTests.c
FAILED: CMakeFiles/cmTC_e7bbb.dir/CurlTests.c.obj 
C:\PROGRA~1\MICROS~1\2022\Preview\VC\Tools\MSVC\1437~1.327\bin\Hostx64\x64\cl.exe  /nologo   /DWIN32 /D_WINDOWS /W3 -DHAVE_BUILTIN_AVAILABLE  -DHAVE_WINDOWS_H -DHAVE_WS2TCPIP_H -DHAVE_WINSOCK2_H -DHAVE_WINCRYPT_H -DHAVE_STDIO_H -DHAVE_SYS_STAT_H -DHAVE_SYS_TYPES_H -DHAVE_SYS_UTIME_H -DHAVE_ASSERT_H -DHAVE_ERRNO_H -DHAVE_FCNTL_H -DHAVE_IO_H -DHAVE_LOCALE_H -DHAVE_SETJMP_H -DHAVE_SIGNAL_H -DHAVE_STDBOOL_H -DHAVE_STDIO_H -DHAVE_STDLIB_H -DHAVE_STRING_H -DHAVE_TIME_H -DHAVE_PROCESS_H -DHAVE_STDDEF_H -DHAVE_MALLOC_H -DHAVE_MEMORY_H /MDd /Zi /Ob0 /Od /RTC1 /showIncludes /FoCMakeFiles\cmTC_e7bbb.dir\CurlTests.c.obj /FdCMakeFiles\cmTC_e7bbb.dir\ /FS -c D:\Code\DC-Cryptocurrency\DCC-Miner\out\build\x64-Debug\_deps\curl-src\CMake\CurlTests.c
D:\Code\DC-Cryptocurrency\DCC-Miner\out\build\x64-Debug\_deps\curl-src\CMake\CurlTests.c(467): warning C4013: '__builtin_available' undefined; assuming extern returning int
D:\Code\DC-Cryptocurrency\DCC-Miner\out\build\x64-Debug\_deps\curl-src\CMake\CurlTests.c(467): error C2065: 'macOS': undeclared identifier
D:\Code\DC-Cryptocurrency\DCC-Miner\out\build\x64-Debug\_deps\curl-src\CMake\CurlTests.c(467): error C2143: syntax error: missing ')' before 'constant'
D:\Code\DC-Cryptocurrency\DCC-Miner\out\build\x64-Debug\_deps\curl-src\CMake\CurlTests.c(467): error C2059: syntax error: ')'
D:\Code\DC-Cryptocurrency\DCC-Miner\out\build\x64-Debug\_deps\curl-src\CMake\CurlTests.c(467): error C2059: syntax error: ')'
ninja: build stopped: subcommand failed.


