Determining size of off64_t failed with the following output:
Change Dir: D:/Code/DC-Cryptocurrency/DCC-Miner/out/build/x64-release/CMakeFiles/CMakeTmp

Run Build Command(s):C:/Program Files/Microsoft Visual Studio/2022/Preview/Common7/IDE/CommonExtensions/Microsoft/CMake/Ninja/ninja.exe cmTC_38216 && [1/2] Building C object CMakeFiles\cmTC_38216.dir\OFF64_T.c.obj
FAILED: CMakeFiles/cmTC_38216.dir/OFF64_T.c.obj 
C:\PROGRA~1\MICROS~1\2022\Preview\VC\Tools\MSVC\1432~1.313\bin\Hostx64\x64\cl.exe  /nologo   /DWIN32 /D_WINDOWS /W3  /MDd /Zi /Ob0 /Od /RTC1 /showIncludes /FoCMakeFiles\cmTC_38216.dir\OFF64_T.c.obj /FdCMakeFiles\cmTC_38216.dir\ /FS -c D:\Code\DC-Cryptocurrency\DCC-Miner\out\build\x64-release\CMakeFiles\CheckTypeSize\OFF64_T.c
D:\Code\DC-Cryptocurrency\DCC-Miner\out\build\x64-release\CMakeFiles\CheckTypeSize\OFF64_T.c(29): error C2065: 'off64_t': undeclared identifier
D:\Code\DC-Cryptocurrency\DCC-Miner\out\build\x64-release\CMakeFiles\CheckTypeSize\OFF64_T.c(30): error C2065: 'off64_t': undeclared identifier
D:\Code\DC-Cryptocurrency\DCC-Miner\out\build\x64-release\CMakeFiles\CheckTypeSize\OFF64_T.c(31): error C2065: 'off64_t': undeclared identifier
D:\Code\DC-Cryptocurrency\DCC-Miner\out\build\x64-release\CMakeFiles\CheckTypeSize\OFF64_T.c(32): error C2065: 'off64_t': undeclared identifier
D:\Code\DC-Cryptocurrency\DCC-Miner\out\build\x64-release\CMakeFiles\CheckTypeSize\OFF64_T.c(33): error C2065: 'off64_t': undeclared identifier
ninja: build stopped: subcommand failed.


D:/Code/DC-Cryptocurrency/DCC-Miner/out/build/x64-release/CMakeFiles/CheckTypeSize/OFF64_T.c:
#include <sys/types.h>
#include <stdint.h>
#include <stddef.h>


#undef KEY
#if defined(__i386)
# define KEY '_','_','i','3','8','6'
#elif defined(__x86_64)
# define KEY '_','_','x','8','6','_','6','4'
#elif defined(__PPC64__)
# define KEY '_','_','P','P','C','6','4','_','_'
#elif defined(__ppc64__)
# define KEY '_','_','p','p','c','6','4','_','_'
#elif defined(__PPC__)
# define KEY '_','_','P','P','C','_','_'
#elif defined(__ppc__)
# define KEY '_','_','p','p','c','_','_'
#elif defined(__aarch64__)
# define KEY '_','_','a','a','r','c','h','6','4','_','_'
#elif defined(__ARM_ARCH_7A__)
# define KEY '_','_','A','R','M','_','A','R','C','H','_','7','A','_','_'
#elif defined(__ARM_ARCH_7S__)
# define KEY '_','_','A','R','M','_','A','R','C','H','_','7','S','_','_'
#endif

#define SIZE (sizeof(off64_t))
static char info_size[] =  {'I', 'N', 'F', 'O', ':', 's','i','z','e','[',
  ('0' + ((SIZE / 10000)%10)),
  ('0' + ((SIZE / 1000)%10)),
  ('0' + ((SIZE / 100)%10)),
  ('0' + ((SIZE / 10)%10)),
  ('0' +  (SIZE    % 10)),
  ']',
#ifdef KEY
  ' ','k','e','y','[', KEY, ']',
#endif
  '\0'};

#ifdef __CLASSIC_C__
int main(argc, argv) int argc; char *argv[];
#else
int main(int argc, char *argv[])
#endif
{
  int require = 0;
  require += info_size[argc];
  (void)argv;
  return require;
}


Determining if the function fseeko exists failed with the following output:
Change Dir: D:/Code/DC-Cryptocurrency/DCC-Miner/out/build/x64-release/CMakeFiles/CMakeTmp

Run Build Command(s):C:/Program Files/Microsoft Visual Studio/2022/Preview/Common7/IDE/CommonExtensions/Microsoft/CMake/Ninja/ninja.exe cmTC_3a33d && [1/2] Building C object CMakeFiles\cmTC_3a33d.dir\CheckFunctionExists.c.obj
[2/2] Linking C executable cmTC_3a33d.exe
FAILED: cmTC_3a33d.exe 
cmd.exe /C "cd . && "C:\Program Files\Microsoft Visual Studio\2022\Preview\Common7\IDE\CommonExtensions\Microsoft\CMake\CMake\bin\cmake.exe" -E vs_link_exe --intdir=CMakeFiles\cmTC_3a33d.dir --rc=C:\PROGRA~2\WI3CF2~1\10\bin\100190~1.0\x64\rc.exe --mt=C:\PROGRA~2\WI3CF2~1\10\bin\100190~1.0\x64\mt.exe --manifests  -- C:\PROGRA~1\MICROS~1\2022\Preview\VC\Tools\MSVC\1432~1.313\bin\Hostx64\x64\link.exe /nologo CMakeFiles\cmTC_3a33d.dir\CheckFunctionExists.c.obj  /out:cmTC_3a33d.exe /implib:cmTC_3a33d.lib /pdb:cmTC_3a33d.pdb /version:0.0 /machine:x64  /debug /INCREMENTAL /subsystem:console  kernel32.lib user32.lib gdi32.lib winspool.lib shell32.lib ole32.lib oleaut32.lib uuid.lib comdlg32.lib advapi32.lib && cd ."
LINK Pass 1: command "C:\PROGRA~1\MICROS~1\2022\Preview\VC\Tools\MSVC\1432~1.313\bin\Hostx64\x64\link.exe /nologo CMakeFiles\cmTC_3a33d.dir\CheckFunctionExists.c.obj /out:cmTC_3a33d.exe /implib:cmTC_3a33d.lib /pdb:cmTC_3a33d.pdb /version:0.0 /machine:x64 /debug /INCREMENTAL /subsystem:console kernel32.lib user32.lib gdi32.lib winspool.lib shell32.lib ole32.lib oleaut32.lib uuid.lib comdlg32.lib advapi32.lib /MANIFEST /MANIFESTFILE:CMakeFiles\cmTC_3a33d.dir/intermediate.manifest CMakeFiles\cmTC_3a33d.dir/manifest.res" failed (exit code 1120) with the following output:
CheckFunctionExists.c.obj : error LNK2019: unresolved external symbol fseeko referenced in function main
cmTC_3a33d.exe : fatal error LNK1120: 1 unresolved externals
ninja: build stopped: subcommand failed.



Determining if the include file unistd.h exists failed with the following output:
Change Dir: D:/Code/DC-Cryptocurrency/DCC-Miner/out/build/x64-release/CMakeFiles/CMakeTmp

Run Build Command(s):C:/Program Files/Microsoft Visual Studio/2022/Preview/Common7/IDE/CommonExtensions/Microsoft/CMake/Ninja/ninja.exe cmTC_09e9a && [1/2] Building C object CMakeFiles\cmTC_09e9a.dir\CheckIncludeFile.c.obj
FAILED: CMakeFiles/cmTC_09e9a.dir/CheckIncludeFile.c.obj 
C:\PROGRA~1\MICROS~1\2022\Preview\VC\Tools\MSVC\1432~1.313\bin\Hostx64\x64\cl.exe  /nologo   /DWIN32 /D_WINDOWS /W3  /MDd /Zi /Ob0 /Od /RTC1 /showIncludes /FoCMakeFiles\cmTC_09e9a.dir\CheckIncludeFile.c.obj /FdCMakeFiles\cmTC_09e9a.dir\ /FS -c D:\Code\DC-Cryptocurrency\DCC-Miner\out\build\x64-release\CMakeFiles\CMakeTmp\CheckIncludeFile.c
D:\Code\DC-Cryptocurrency\DCC-Miner\out\build\x64-release\CMakeFiles\CMakeTmp\CheckIncludeFile.c(1): fatal error C1083: Cannot open include file: 'unistd.h': No such file or directory
ninja: build stopped: subcommand failed.



Performing C++ SOURCE FILE Test LEAK_SANITIZER_AVAILABLE failed with the following output:
Change Dir: D:/Code/DC-Cryptocurrency/DCC-Miner/out/build/x64-release/CMakeFiles/CMakeTmp

Run Build Command(s):C:/Program Files/Microsoft Visual Studio/2022/Preview/Common7/IDE/CommonExtensions/Microsoft/CMake/Ninja/ninja.exe cmTC_95930 && [1/2] Building CXX object CMakeFiles\cmTC_95930.dir\src.cxx.obj
cl : Command line warning D9002 : ignoring unknown option '-fsanitize=leak'
[2/2] Linking CXX executable cmTC_95930.exe


Source file was:
int main() { return 0; }
Performing C++ SOURCE FILE Test UNDEFINED_BEHAVIOUR_SANITIZER_AVAILABLE failed with the following output:
Change Dir: D:/Code/DC-Cryptocurrency/DCC-Miner/out/build/x64-release/CMakeFiles/CMakeTmp

Run Build Command(s):C:/Program Files/Microsoft Visual Studio/2022/Preview/Common7/IDE/CommonExtensions/Microsoft/CMake/Ninja/ninja.exe cmTC_cc114 && [1/2] Building CXX object CMakeFiles\cmTC_cc114.dir\src.cxx.obj
cl : Command line warning D9002 : ignoring unknown option '-fsanitize=undefined'
[2/2] Linking CXX executable cmTC_cc114.exe


Source file was:
int main() { return 0; }
Determining if the include file pthread.h exists failed with the following output:
Change Dir: D:/Code/DC-Cryptocurrency/DCC-Miner/out/build/x64-release/CMakeFiles/CMakeTmp

Run Build Command(s):C:/Program Files/Microsoft Visual Studio/2022/Preview/Common7/IDE/CommonExtensions/Microsoft/CMake/Ninja/ninja.exe cmTC_29568 && [1/2] Building C object CMakeFiles\cmTC_29568.dir\CheckIncludeFile.c.obj
FAILED: CMakeFiles/cmTC_29568.dir/CheckIncludeFile.c.obj 
C:\PROGRA~1\MICROS~1\2022\Preview\VC\Tools\MSVC\1432~1.313\bin\Hostx64\x64\cl.exe  /nologo   /DWIN32 /D_WINDOWS /W3  /MDd /Zi /Ob0 /Od /RTC1    -D_WIN32_WINNT=0x0600 -D_WINSOCKAPI_= /showIncludes /FoCMakeFiles\cmTC_29568.dir\CheckIncludeFile.c.obj /FdCMakeFiles\cmTC_29568.dir\ /FS -c D:\Code\DC-Cryptocurrency\DCC-Miner\out\build\x64-release\CMakeFiles\CMakeTmp\CheckIncludeFile.c
D:\Code\DC-Cryptocurrency\DCC-Miner\out\build\x64-release\CMakeFiles\CMakeTmp\CheckIncludeFile.c(1): fatal error C1083: Cannot open include file: 'pthread.h': No such file or directory
ninja: build stopped: subcommand failed.



Determining if files windows.h;ws2tcpip.h;winsock2.h;wincrypt.h;stdio.h;sys/filio.h exist failed with the following output:
Change Dir: D:/Code/DC-Cryptocurrency/DCC-Miner/out/build/x64-release/CMakeFiles/CMakeTmp

Run Build Command(s):C:/Program Files/Microsoft Visual Studio/2022/Preview/Common7/IDE/CommonExtensions/Microsoft/CMake/Ninja/ninja.exe cmTC_f1f3c && [1/2] Building C object CMakeFiles\cmTC_f1f3c.dir\HAVE_SYS_FILIO_H.c.obj
FAILED: CMakeFiles/cmTC_f1f3c.dir/HAVE_SYS_FILIO_H.c.obj 
C:\PROGRA~1\MICROS~1\2022\Preview\VC\Tools\MSVC\1432~1.313\bin\Hostx64\x64\cl.exe  /nologo   /DWIN32 /D_WINDOWS /W3  /MDd /Zi /Ob0 /Od /RTC1    -D_WIN32_WINNT=0x0600 -D_WINSOCKAPI_= -DSECURITY_WIN32 /showIncludes /FoCMakeFiles\cmTC_f1f3c.dir\HAVE_SYS_FILIO_H.c.obj /FdCMakeFiles\cmTC_f1f3c.dir\ /FS -c D:\Code\DC-Cryptocurrency\DCC-Miner\out\build\x64-release\CMakeFiles\CheckIncludeFiles\HAVE_SYS_FILIO_H.c
D:\Code\DC-Cryptocurrency\DCC-Miner\out\build\x64-release\CMakeFiles\CheckIncludeFiles\HAVE_SYS_FILIO_H.c(7): fatal error C1083: Cannot open include file: 'sys/filio.h': No such file or directory
ninja: build stopped: subcommand failed.


Source:
/* */
#include <windows.h>
#include <ws2tcpip.h>
#include <winsock2.h>
#include <wincrypt.h>
#include <stdio.h>
#include <sys/filio.h>


int main(void){return 0;}

Determining if files windows.h;ws2tcpip.h;winsock2.h;wincrypt.h;stdio.h;sys/ioctl.h exist failed with the following output:
Change Dir: D:/Code/DC-Cryptocurrency/DCC-Miner/out/build/x64-release/CMakeFiles/CMakeTmp

Run Build Command(s):C:/Program Files/Microsoft Visual Studio/2022/Preview/Common7/IDE/CommonExtensions/Microsoft/CMake/Ninja/ninja.exe cmTC_10853 && [1/2] Building C object CMakeFiles\cmTC_10853.dir\HAVE_SYS_IOCTL_H.c.obj
FAILED: CMakeFiles/cmTC_10853.dir/HAVE_SYS_IOCTL_H.c.obj 
C:\PROGRA~1\MICROS~1\2022\Preview\VC\Tools\MSVC\1432~1.313\bin\Hostx64\x64\cl.exe  /nologo   /DWIN32 /D_WINDOWS /W3  /MDd /Zi /Ob0 /Od /RTC1    -D_WIN32_WINNT=0x0600 -D_WINSOCKAPI_= -DSECURITY_WIN32 /showIncludes /FoCMakeFiles\cmTC_10853.dir\HAVE_SYS_IOCTL_H.c.obj /FdCMakeFiles\cmTC_10853.dir\ /FS -c D:\Code\DC-Cryptocurrency\DCC-Miner\out\build\x64-release\CMakeFiles\CheckIncludeFiles\HAVE_SYS_IOCTL_H.c
D:\Code\DC-Cryptocurrency\DCC-Miner\out\build\x64-release\CMakeFiles\CheckIncludeFiles\HAVE_SYS_IOCTL_H.c(7): fatal error C1083: Cannot open include file: 'sys/ioctl.h': No such file or directory
ninja: build stopped: subcommand failed.


Source:
/* */
#include <windows.h>
#include <ws2tcpip.h>
#include <winsock2.h>
#include <wincrypt.h>
#include <stdio.h>
#include <sys/ioctl.h>


int main(void){return 0;}

Determining if files windows.h;ws2tcpip.h;winsock2.h;wincrypt.h;stdio.h;sys/resource.h exist failed with the following output:
Change Dir: D:/Code/DC-Cryptocurrency/DCC-Miner/out/build/x64-release/CMakeFiles/CMakeTmp

Run Build Command(s):C:/Program Files/Microsoft Visual Studio/2022/Preview/Common7/IDE/CommonExtensions/Microsoft/CMake/Ninja/ninja.exe cmTC_d70ac && [1/2] Building C object CMakeFiles\cmTC_d70ac.dir\HAVE_SYS_RESOURCE_H.c.obj
FAILED: CMakeFiles/cmTC_d70ac.dir/HAVE_SYS_RESOURCE_H.c.obj 
C:\PROGRA~1\MICROS~1\2022\Preview\VC\Tools\MSVC\1432~1.313\bin\Hostx64\x64\cl.exe  /nologo   /DWIN32 /D_WINDOWS /W3  /MDd /Zi /Ob0 /Od /RTC1    -D_WIN32_WINNT=0x0600 -D_WINSOCKAPI_= -DSECURITY_WIN32 /showIncludes /FoCMakeFiles\cmTC_d70ac.dir\HAVE_SYS_RESOURCE_H.c.obj /FdCMakeFiles\cmTC_d70ac.dir\ /FS -c D:\Code\DC-Cryptocurrency\DCC-Miner\out\build\x64-release\CMakeFiles\CheckIncludeFiles\HAVE_SYS_RESOURCE_H.c
D:\Code\DC-Cryptocurrency\DCC-Miner\out\build\x64-release\CMakeFiles\CheckIncludeFiles\HAVE_SYS_RESOURCE_H.c(7): fatal error C1083: Cannot open include file: 'sys/resource.h': No such file or directory
ninja: build stopped: subcommand failed.


Source:
/* */
#include <windows.h>
#include <ws2tcpip.h>
#include <winsock2.h>
#include <wincrypt.h>
#include <stdio.h>
#include <sys/resource.h>


int main(void){return 0;}

Determining if files windows.h;ws2tcpip.h;winsock2.h;wincrypt.h;stdio.h;sys/stat.h;sys/types.h;sys/uio.h exist failed with the following output:
Change Dir: D:/Code/DC-Cryptocurrency/DCC-Miner/out/build/x64-release/CMakeFiles/CMakeTmp

Run Build Command(s):C:/Program Files/Microsoft Visual Studio/2022/Preview/Common7/IDE/CommonExtensions/Microsoft/CMake/Ninja/ninja.exe cmTC_903fa && [1/2] Building C object CMakeFiles\cmTC_903fa.dir\HAVE_SYS_UIO_H.c.obj
FAILED: CMakeFiles/cmTC_903fa.dir/HAVE_SYS_UIO_H.c.obj 
C:\PROGRA~1\MICROS~1\2022\Preview\VC\Tools\MSVC\1432~1.313\bin\Hostx64\x64\cl.exe  /nologo   /DWIN32 /D_WINDOWS /W3  /MDd /Zi /Ob0 /Od /RTC1    -D_WIN32_WINNT=0x0600 -D_WINSOCKAPI_= -DSECURITY_WIN32 /showIncludes /FoCMakeFiles\cmTC_903fa.dir\HAVE_SYS_UIO_H.c.obj /FdCMakeFiles\cmTC_903fa.dir\ /FS -c D:\Code\DC-Cryptocurrency\DCC-Miner\out\build\x64-release\CMakeFiles\CheckIncludeFiles\HAVE_SYS_UIO_H.c
D:\Code\DC-Cryptocurrency\DCC-Miner\out\build\x64-release\CMakeFiles\CheckIncludeFiles\HAVE_SYS_UIO_H.c(9): fatal error C1083: Cannot open include file: 'sys/uio.h': No such file or directory
ninja: build stopped: subcommand failed.


Source:
/* */
#include <windows.h>
#include <ws2tcpip.h>
#include <winsock2.h>
#include <wincrypt.h>
#include <stdio.h>
#include <sys/stat.h>
#include <sys/types.h>
#include <sys/uio.h>


int main(void){return 0;}

Determining if files windows.h;ws2tcpip.h;winsock2.h;wincrypt.h;stdio.h;sys/stat.h;sys/types.h;sys/un.h exist failed with the following output:
Change Dir: D:/Code/DC-Cryptocurrency/DCC-Miner/out/build/x64-release/CMakeFiles/CMakeTmp

Run Build Command(s):C:/Program Files/Microsoft Visual Studio/2022/Preview/Common7/IDE/CommonExtensions/Microsoft/CMake/Ninja/ninja.exe cmTC_67a11 && [1/2] Building C object CMakeFiles\cmTC_67a11.dir\HAVE_SYS_UN_H.c.obj
FAILED: CMakeFiles/cmTC_67a11.dir/HAVE_SYS_UN_H.c.obj 
C:\PROGRA~1\MICROS~1\2022\Preview\VC\Tools\MSVC\1432~1.313\bin\Hostx64\x64\cl.exe  /nologo   /DWIN32 /D_WINDOWS /W3  /MDd /Zi /Ob0 /Od /RTC1    -D_WIN32_WINNT=0x0600 -D_WINSOCKAPI_= -DSECURITY_WIN32 /showIncludes /FoCMakeFiles\cmTC_67a11.dir\HAVE_SYS_UN_H.c.obj /FdCMakeFiles\cmTC_67a11.dir\ /FS -c D:\Code\DC-Cryptocurrency\DCC-Miner\out\build\x64-release\CMakeFiles\CheckIncludeFiles\HAVE_SYS_UN_H.c
D:\Code\DC-Cryptocurrency\DCC-Miner\out\build\x64-release\CMakeFiles\CheckIncludeFiles\HAVE_SYS_UN_H.c(9): fatal error C1083: Cannot open include file: 'sys/un.h': No such file or directory
ninja: build stopped: subcommand failed.


Source:
/* */
#include <windows.h>
#include <ws2tcpip.h>
#include <winsock2.h>
#include <wincrypt.h>
#include <stdio.h>
#include <sys/stat.h>
#include <sys/types.h>
#include <sys/un.h>


int main(void){return 0;}

Determining if files windows.h;ws2tcpip.h;winsock2.h;wincrypt.h;stdio.h;sys/stat.h;sys/types.h;sys/utime.h;sys/xattr.h exist failed with the following output:
Change Dir: D:/Code/DC-Cryptocurrency/DCC-Miner/out/build/x64-release/CMakeFiles/CMakeTmp

Run Build Command(s):C:/Program Files/Microsoft Visual Studio/2022/Preview/Common7/IDE/CommonExtensions/Microsoft/CMake/Ninja/ninja.exe cmTC_27c0c && [1/2] Building C object CMakeFiles\cmTC_27c0c.dir\HAVE_SYS_XATTR_H.c.obj
FAILED: CMakeFiles/cmTC_27c0c.dir/HAVE_SYS_XATTR_H.c.obj 
C:\PROGRA~1\MICROS~1\2022\Preview\VC\Tools\MSVC\1432~1.313\bin\Hostx64\x64\cl.exe  /nologo   /DWIN32 /D_WINDOWS /W3  /MDd /Zi /Ob0 /Od /RTC1    -D_WIN32_WINNT=0x0600 -D_WINSOCKAPI_= -DSECURITY_WIN32 /showIncludes /FoCMakeFiles\cmTC_27c0c.dir\HAVE_SYS_XATTR_H.c.obj /FdCMakeFiles\cmTC_27c0c.dir\ /FS -c D:\Code\DC-Cryptocurrency\DCC-Miner\out\build\x64-release\CMakeFiles\CheckIncludeFiles\HAVE_SYS_XATTR_H.c
D:\Code\DC-Cryptocurrency\DCC-Miner\out\build\x64-release\CMakeFiles\CheckIncludeFiles\HAVE_SYS_XATTR_H.c(10): fatal error C1083: Cannot open include file: 'sys/xattr.h': No such file or directory
ninja: build stopped: subcommand failed.


Source:
/* */
#include <windows.h>
#include <ws2tcpip.h>
#include <winsock2.h>
#include <wincrypt.h>
#include <stdio.h>
#include <sys/stat.h>
#include <sys/types.h>
#include <sys/utime.h>
#include <sys/xattr.h>


int main(void){return 0;}

Determining if files windows.h;ws2tcpip.h;winsock2.h;wincrypt.h;stdio.h;sys/stat.h;sys/types.h;sys/utime.h;arpa/tftp.h exist failed with the following output:
Change Dir: D:/Code/DC-Cryptocurrency/DCC-Miner/out/build/x64-release/CMakeFiles/CMakeTmp

Run Build Command(s):C:/Program Files/Microsoft Visual Studio/2022/Preview/Common7/IDE/CommonExtensions/Microsoft/CMake/Ninja/ninja.exe cmTC_df9cd && [1/2] Building C object CMakeFiles\cmTC_df9cd.dir\HAVE_ARPA_TFTP_H.c.obj
FAILED: CMakeFiles/cmTC_df9cd.dir/HAVE_ARPA_TFTP_H.c.obj 
C:\PROGRA~1\MICROS~1\2022\Preview\VC\Tools\MSVC\1432~1.313\bin\Hostx64\x64\cl.exe  /nologo   /DWIN32 /D_WINDOWS /W3  /MDd /Zi /Ob0 /Od /RTC1    -D_WIN32_WINNT=0x0600 -D_WINSOCKAPI_= -DSECURITY_WIN32 /showIncludes /FoCMakeFiles\cmTC_df9cd.dir\HAVE_ARPA_TFTP_H.c.obj /FdCMakeFiles\cmTC_df9cd.dir\ /FS -c D:\Code\DC-Cryptocurrency\DCC-Miner\out\build\x64-release\CMakeFiles\CheckIncludeFiles\HAVE_ARPA_TFTP_H.c
D:\Code\DC-Cryptocurrency\DCC-Miner\out\build\x64-release\CMakeFiles\CheckIncludeFiles\HAVE_ARPA_TFTP_H.c(10): fatal error C1083: Cannot open include file: 'arpa/tftp.h': No such file or directory
ninja: build stopped: subcommand failed.


Source:
/* */
#include <windows.h>
#include <ws2tcpip.h>
#include <winsock2.h>
#include <wincrypt.h>
#include <stdio.h>
#include <sys/stat.h>
#include <sys/types.h>
#include <sys/utime.h>
#include <arpa/tftp.h>


int main(void){return 0;}

Determining if files windows.h;ws2tcpip.h;winsock2.h;wincrypt.h;stdio.h;sys/stat.h;sys/types.h;sys/utime.h;assert.h;errno.h;fcntl.h;idn2.h exist failed with the following output:
Change Dir: D:/Code/DC-Cryptocurrency/DCC-Miner/out/build/x64-release/CMakeFiles/CMakeTmp

Run Build Command(s):C:/Program Files/Microsoft Visual Studio/2022/Preview/Common7/IDE/CommonExtensions/Microsoft/CMake/Ninja/ninja.exe cmTC_8f221 && [1/2] Building C object CMakeFiles\cmTC_8f221.dir\HAVE_IDN2_H.c.obj
FAILED: CMakeFiles/cmTC_8f221.dir/HAVE_IDN2_H.c.obj 
C:\PROGRA~1\MICROS~1\2022\Preview\VC\Tools\MSVC\1432~1.313\bin\Hostx64\x64\cl.exe  /nologo   /DWIN32 /D_WINDOWS /W3  /MDd /Zi /Ob0 /Od /RTC1    -D_WIN32_WINNT=0x0600 -D_WINSOCKAPI_= -DSECURITY_WIN32 /showIncludes /FoCMakeFiles\cmTC_8f221.dir\HAVE_IDN2_H.c.obj /FdCMakeFiles\cmTC_8f221.dir\ /FS -c D:\Code\DC-Cryptocurrency\DCC-Miner\out\build\x64-release\CMakeFiles\CheckIncludeFiles\HAVE_IDN2_H.c
D:\Code\DC-Cryptocurrency\DCC-Miner\out\build\x64-release\CMakeFiles\CheckIncludeFiles\HAVE_IDN2_H.c(13): fatal error C1083: Cannot open include file: 'idn2.h': No such file or directory
ninja: build stopped: subcommand failed.


Source:
/* */
#include <windows.h>
#include <ws2tcpip.h>
#include <winsock2.h>
#include <wincrypt.h>
#include <stdio.h>
#include <sys/stat.h>
#include <sys/types.h>
#include <sys/utime.h>
#include <assert.h>
#include <errno.h>
#include <fcntl.h>
#include <idn2.h>


int main(void){return 0;}

Determining if files windows.h;ws2tcpip.h;winsock2.h;wincrypt.h;stdio.h;sys/stat.h;sys/types.h;sys/utime.h;assert.h;errno.h;fcntl.h;ifaddrs.h exist failed with the following output:
Change Dir: D:/Code/DC-Cryptocurrency/DCC-Miner/out/build/x64-release/CMakeFiles/CMakeTmp

Run Build Command(s):C:/Program Files/Microsoft Visual Studio/2022/Preview/Common7/IDE/CommonExtensions/Microsoft/CMake/Ninja/ninja.exe cmTC_b7983 && [1/2] Building C object CMakeFiles\cmTC_b7983.dir\HAVE_IFADDRS_H.c.obj
FAILED: CMakeFiles/cmTC_b7983.dir/HAVE_IFADDRS_H.c.obj 
C:\PROGRA~1\MICROS~1\2022\Preview\VC\Tools\MSVC\1432~1.313\bin\Hostx64\x64\cl.exe  /nologo   /DWIN32 /D_WINDOWS /W3  /MDd /Zi /Ob0 /Od /RTC1    -D_WIN32_WINNT=0x0600 -D_WINSOCKAPI_= -DSECURITY_WIN32 /showIncludes /FoCMakeFiles\cmTC_b7983.dir\HAVE_IFADDRS_H.c.obj /FdCMakeFiles\cmTC_b7983.dir\ /FS -c D:\Code\DC-Cryptocurrency\DCC-Miner\out\build\x64-release\CMakeFiles\CheckIncludeFiles\HAVE_IFADDRS_H.c
D:\Code\DC-Cryptocurrency\DCC-Miner\out\build\x64-release\CMakeFiles\CheckIncludeFiles\HAVE_IFADDRS_H.c(13): fatal error C1083: Cannot open include file: 'ifaddrs.h': No such file or directory
ninja: build stopped: subcommand failed.


Source:
/* */
#include <windows.h>
#include <ws2tcpip.h>
#include <winsock2.h>
#include <wincrypt.h>
#include <stdio.h>
#include <sys/stat.h>
#include <sys/types.h>
#include <sys/utime.h>
#include <assert.h>
#include <errno.h>
#include <fcntl.h>
#include <ifaddrs.h>


int main(void){return 0;}

Determining if files windows.h;ws2tcpip.h;winsock2.h;wincrypt.h;stdio.h;sys/stat.h;sys/types.h;sys/utime.h;assert.h;errno.h;fcntl.h;io.h;krb.h exist failed with the following output:
Change Dir: D:/Code/DC-Cryptocurrency/DCC-Miner/out/build/x64-release/CMakeFiles/CMakeTmp

Run Build Command(s):C:/Program Files/Microsoft Visual Studio/2022/Preview/Common7/IDE/CommonExtensions/Microsoft/CMake/Ninja/ninja.exe cmTC_ba30f && [1/2] Building C object CMakeFiles\cmTC_ba30f.dir\HAVE_KRB_H.c.obj
FAILED: CMakeFiles/cmTC_ba30f.dir/HAVE_KRB_H.c.obj 
C:\PROGRA~1\MICROS~1\2022\Preview\VC\Tools\MSVC\1432~1.313\bin\Hostx64\x64\cl.exe  /nologo   /DWIN32 /D_WINDOWS /W3  /MDd /Zi /Ob0 /Od /RTC1    -D_WIN32_WINNT=0x0600 -D_WINSOCKAPI_= -DSECURITY_WIN32 /showIncludes /FoCMakeFiles\cmTC_ba30f.dir\HAVE_KRB_H.c.obj /FdCMakeFiles\cmTC_ba30f.dir\ /FS -c D:\Code\DC-Cryptocurrency\DCC-Miner\out\build\x64-release\CMakeFiles\CheckIncludeFiles\HAVE_KRB_H.c
D:\Code\DC-Cryptocurrency\DCC-Miner\out\build\x64-release\CMakeFiles\CheckIncludeFiles\HAVE_KRB_H.c(14): fatal error C1083: Cannot open include file: 'krb.h': No such file or directory
ninja: build stopped: subcommand failed.


Source:
/* */
#include <windows.h>
#include <ws2tcpip.h>
#include <winsock2.h>
#include <wincrypt.h>
#include <stdio.h>
#include <sys/stat.h>
#include <sys/types.h>
#include <sys/utime.h>
#include <assert.h>
#include <errno.h>
#include <fcntl.h>
#include <io.h>
#include <krb.h>


int main(void){return 0;}

Determining if files windows.h;ws2tcpip.h;winsock2.h;wincrypt.h;stdio.h;sys/stat.h;sys/types.h;sys/utime.h;assert.h;errno.h;fcntl.h;io.h;libgen.h exist failed with the following output:
Change Dir: D:/Code/DC-Cryptocurrency/DCC-Miner/out/build/x64-release/CMakeFiles/CMakeTmp

Run Build Command(s):C:/Program Files/Microsoft Visual Studio/2022/Preview/Common7/IDE/CommonExtensions/Microsoft/CMake/Ninja/ninja.exe cmTC_6af62 && [1/2] Building C object CMakeFiles\cmTC_6af62.dir\HAVE_LIBGEN_H.c.obj
FAILED: CMakeFiles/cmTC_6af62.dir/HAVE_LIBGEN_H.c.obj 
C:\PROGRA~1\MICROS~1\2022\Preview\VC\Tools\MSVC\1432~1.313\bin\Hostx64\x64\cl.exe  /nologo   /DWIN32 /D_WINDOWS /W3  /MDd /Zi /Ob0 /Od /RTC1    -D_WIN32_WINNT=0x0600 -D_WINSOCKAPI_= -DSECURITY_WIN32 /showIncludes /FoCMakeFiles\cmTC_6af62.dir\HAVE_LIBGEN_H.c.obj /FdCMakeFiles\cmTC_6af62.dir\ /FS -c D:\Code\DC-Cryptocurrency\DCC-Miner\out\build\x64-release\CMakeFiles\CheckIncludeFiles\HAVE_LIBGEN_H.c
D:\Code\DC-Cryptocurrency\DCC-Miner\out\build\x64-release\CMakeFiles\CheckIncludeFiles\HAVE_LIBGEN_H.c(14): fatal error C1083: Cannot open include file: 'libgen.h': No such file or directory
ninja: build stopped: subcommand failed.


Source:
/* */
#include <windows.h>
#include <ws2tcpip.h>
#include <winsock2.h>
#include <wincrypt.h>
#include <stdio.h>
#include <sys/stat.h>
#include <sys/types.h>
#include <sys/utime.h>
#include <assert.h>
#include <errno.h>
#include <fcntl.h>
#include <io.h>
#include <libgen.h>


int main(void){return 0;}

Determining if files windows.h;ws2tcpip.h;winsock2.h;wincrypt.h;stdio.h;sys/stat.h;sys/types.h;sys/utime.h;assert.h;errno.h;fcntl.h;io.h;locale.h;netinet/tcp.h exist failed with the following output:
Change Dir: D:/Code/DC-Cryptocurrency/DCC-Miner/out/build/x64-release/CMakeFiles/CMakeTmp

Run Build Command(s):C:/Program Files/Microsoft Visual Studio/2022/Preview/Common7/IDE/CommonExtensions/Microsoft/CMake/Ninja/ninja.exe cmTC_9f636 && [1/2] Building C object CMakeFiles\cmTC_9f636.dir\HAVE_NETINET_TCP_H.c.obj
FAILED: CMakeFiles/cmTC_9f636.dir/HAVE_NETINET_TCP_H.c.obj 
C:\PROGRA~1\MICROS~1\2022\Preview\VC\Tools\MSVC\1432~1.313\bin\Hostx64\x64\cl.exe  /nologo   /DWIN32 /D_WINDOWS /W3  /MDd /Zi /Ob0 /Od /RTC1    -D_WIN32_WINNT=0x0600 -D_WINSOCKAPI_= -DSECURITY_WIN32 /showIncludes /FoCMakeFiles\cmTC_9f636.dir\HAVE_NETINET_TCP_H.c.obj /FdCMakeFiles\cmTC_9f636.dir\ /FS -c D:\Code\DC-Cryptocurrency\DCC-Miner\out\build\x64-release\CMakeFiles\CheckIncludeFiles\HAVE_NETINET_TCP_H.c
D:\Code\DC-Cryptocurrency\DCC-Miner\out\build\x64-release\CMakeFiles\CheckIncludeFiles\HAVE_NETINET_TCP_H.c(15): fatal error C1083: Cannot open include file: 'netinet/tcp.h': No such file or directory
ninja: build stopped: subcommand failed.


Source:
/* */
#include <windows.h>
#include <ws2tcpip.h>
#include <winsock2.h>
#include <wincrypt.h>
#include <stdio.h>
#include <sys/stat.h>
#include <sys/types.h>
#include <sys/utime.h>
#include <assert.h>
#include <errno.h>
#include <fcntl.h>
#include <io.h>
#include <locale.h>
#include <netinet/tcp.h>


int main(void){return 0;}

Determining if the include file linux/tcp.h exists failed with the following output:
Change Dir: D:/Code/DC-Cryptocurrency/DCC-Miner/out/build/x64-release/CMakeFiles/CMakeTmp

Run Build Command(s):C:/Program Files/Microsoft Visual Studio/2022/Preview/Common7/IDE/CommonExtensions/Microsoft/CMake/Ninja/ninja.exe cmTC_c884e && [1/2] Building C object CMakeFiles\cmTC_c884e.dir\CheckIncludeFile.c.obj
FAILED: CMakeFiles/cmTC_c884e.dir/CheckIncludeFile.c.obj 
C:\PROGRA~1\MICROS~1\2022\Preview\VC\Tools\MSVC\1432~1.313\bin\Hostx64\x64\cl.exe  /nologo   /DWIN32 /D_WINDOWS /W3  /MDd /Zi /Ob0 /Od /RTC1    -D_WIN32_WINNT=0x0600 -D_WINSOCKAPI_= -DSECURITY_WIN32 /showIncludes /FoCMakeFiles\cmTC_c884e.dir\CheckIncludeFile.c.obj /FdCMakeFiles\cmTC_c884e.dir\ /FS -c D:\Code\DC-Cryptocurrency\DCC-Miner\out\build\x64-release\CMakeFiles\CMakeTmp\CheckIncludeFile.c
D:\Code\DC-Cryptocurrency\DCC-Miner\out\build\x64-release\CMakeFiles\CMakeTmp\CheckIncludeFile.c(1): fatal error C1083: Cannot open include file: 'linux/tcp.h': No such file or directory
ninja: build stopped: subcommand failed.



Determining if files windows.h;ws2tcpip.h;winsock2.h;wincrypt.h;stdio.h;sys/stat.h;sys/types.h;sys/utime.h;assert.h;errno.h;fcntl.h;io.h;locale.h;pem.h exist failed with the following output:
Change Dir: D:/Code/DC-Cryptocurrency/DCC-Miner/out/build/x64-release/CMakeFiles/CMakeTmp

Run Build Command(s):C:/Program Files/Microsoft Visual Studio/2022/Preview/Common7/IDE/CommonExtensions/Microsoft/CMake/Ninja/ninja.exe cmTC_b4625 && [1/2] Building C object CMakeFiles\cmTC_b4625.dir\HAVE_PEM_H.c.obj
FAILED: CMakeFiles/cmTC_b4625.dir/HAVE_PEM_H.c.obj 
C:\PROGRA~1\MICROS~1\2022\Preview\VC\Tools\MSVC\1432~1.313\bin\Hostx64\x64\cl.exe  /nologo   /DWIN32 /D_WINDOWS /W3  /MDd /Zi /Ob0 /Od /RTC1    -D_WIN32_WINNT=0x0600 -D_WINSOCKAPI_= -DSECURITY_WIN32 /showIncludes /FoCMakeFiles\cmTC_b4625.dir\HAVE_PEM_H.c.obj /FdCMakeFiles\cmTC_b4625.dir\ /FS -c D:\Code\DC-Cryptocurrency\DCC-Miner\out\build\x64-release\CMakeFiles\CheckIncludeFiles\HAVE_PEM_H.c
D:\Code\DC-Cryptocurrency\DCC-Miner\out\build\x64-release\CMakeFiles\CheckIncludeFiles\HAVE_PEM_H.c(15): fatal error C1083: Cannot open include file: 'pem.h': No such file or directory
ninja: build stopped: subcommand failed.


Source:
/* */
#include <windows.h>
#include <ws2tcpip.h>
#include <winsock2.h>
#include <wincrypt.h>
#include <stdio.h>
#include <sys/stat.h>
#include <sys/types.h>
#include <sys/utime.h>
#include <assert.h>
#include <errno.h>
#include <fcntl.h>
#include <io.h>
#include <locale.h>
#include <pem.h>


int main(void){return 0;}

Determining if files windows.h;ws2tcpip.h;winsock2.h;wincrypt.h;stdio.h;sys/stat.h;sys/types.h;sys/utime.h;assert.h;errno.h;fcntl.h;io.h;locale.h;poll.h exist failed with the following output:
Change Dir: D:/Code/DC-Cryptocurrency/DCC-Miner/out/build/x64-release/CMakeFiles/CMakeTmp

Run Build Command(s):C:/Program Files/Microsoft Visual Studio/2022/Preview/Common7/IDE/CommonExtensions/Microsoft/CMake/Ninja/ninja.exe cmTC_c1d28 && [1/2] Building C object CMakeFiles\cmTC_c1d28.dir\HAVE_POLL_H.c.obj
FAILED: CMakeFiles/cmTC_c1d28.dir/HAVE_POLL_H.c.obj 
C:\PROGRA~1\MICROS~1\2022\Preview\VC\Tools\MSVC\1432~1.313\bin\Hostx64\x64\cl.exe  /nologo   /DWIN32 /D_WINDOWS /W3  /MDd /Zi /Ob0 /Od /RTC1    -D_WIN32_WINNT=0x0600 -D_WINSOCKAPI_= -DSECURITY_WIN32 /showIncludes /FoCMakeFiles\cmTC_c1d28.dir\HAVE_POLL_H.c.obj /FdCMakeFiles\cmTC_c1d28.dir\ /FS -c D:\Code\DC-Cryptocurrency\DCC-Miner\out\build\x64-release\CMakeFiles\CheckIncludeFiles\HAVE_POLL_H.c
D:\Code\DC-Cryptocurrency\DCC-Miner\out\build\x64-release\CMakeFiles\CheckIncludeFiles\HAVE_POLL_H.c(15): fatal error C1083: Cannot open include file: 'poll.h': No such file or directory
ninja: build stopped: subcommand failed.


Source:
/* */
#include <windows.h>
#include <ws2tcpip.h>
#include <winsock2.h>
#include <wincrypt.h>
#include <stdio.h>
#include <sys/stat.h>
#include <sys/types.h>
#include <sys/utime.h>
#include <assert.h>
#include <errno.h>
#include <fcntl.h>
#include <io.h>
#include <locale.h>
#include <poll.h>


int main(void){return 0;}

Determining if files windows.h;ws2tcpip.h;winsock2.h;wincrypt.h;stdio.h;sys/stat.h;sys/types.h;sys/utime.h;assert.h;errno.h;fcntl.h;io.h;locale.h;setjmp.h;signal.h;ssl.h exist failed with the following output:
Change Dir: D:/Code/DC-Cryptocurrency/DCC-Miner/out/build/x64-release/CMakeFiles/CMakeTmp

Run Build Command(s):C:/Program Files/Microsoft Visual Studio/2022/Preview/Common7/IDE/CommonExtensions/Microsoft/CMake/Ninja/ninja.exe cmTC_e873d && [1/2] Building C object CMakeFiles\cmTC_e873d.dir\HAVE_SSL_H.c.obj
FAILED: CMakeFiles/cmTC_e873d.dir/HAVE_SSL_H.c.obj 
C:\PROGRA~1\MICROS~1\2022\Preview\VC\Tools\MSVC\1432~1.313\bin\Hostx64\x64\cl.exe  /nologo   /DWIN32 /D_WINDOWS /W3  /MDd /Zi /Ob0 /Od /RTC1    -D_WIN32_WINNT=0x0600 -D_WINSOCKAPI_= -DSECURITY_WIN32 /showIncludes /FoCMakeFiles\cmTC_e873d.dir\HAVE_SSL_H.c.obj /FdCMakeFiles\cmTC_e873d.dir\ /FS -c D:\Code\DC-Cryptocurrency\DCC-Miner\out\build\x64-release\CMakeFiles\CheckIncludeFiles\HAVE_SSL_H.c
D:\Code\DC-Cryptocurrency\DCC-Miner\out\build\x64-release\CMakeFiles\CheckIncludeFiles\HAVE_SSL_H.c(17): fatal error C1083: Cannot open include file: 'ssl.h': No such file or directory
ninja: build stopped: subcommand failed.


Source:
/* */
#include <windows.h>
#include <ws2tcpip.h>
#include <winsock2.h>
#include <wincrypt.h>
#include <stdio.h>
#include <sys/stat.h>
#include <sys/types.h>
#include <sys/utime.h>
#include <assert.h>
#include <errno.h>
#include <fcntl.h>
#include <io.h>
#include <locale.h>
#include <setjmp.h>
#include <signal.h>
#include <ssl.h>


int main(void){return 0;}

Determining if files windows.h;ws2tcpip.h;winsock2.h;wincrypt.h;stdio.h;sys/stat.h;sys/types.h;sys/utime.h;assert.h;errno.h;fcntl.h;io.h;locale.h;setjmp.h;signal.h;stdbool.h;stdio.h;stdlib.h;string.h;stropts.h exist failed with the following output:
Change Dir: D:/Code/DC-Cryptocurrency/DCC-Miner/out/build/x64-release/CMakeFiles/CMakeTmp

Run Build Command(s):C:/Program Files/Microsoft Visual Studio/2022/Preview/Common7/IDE/CommonExtensions/Microsoft/CMake/Ninja/ninja.exe cmTC_b8d1b && [1/2] Building C object CMakeFiles\cmTC_b8d1b.dir\HAVE_STROPTS_H.c.obj
FAILED: CMakeFiles/cmTC_b8d1b.dir/HAVE_STROPTS_H.c.obj 
C:\PROGRA~1\MICROS~1\2022\Preview\VC\Tools\MSVC\1432~1.313\bin\Hostx64\x64\cl.exe  /nologo   /DWIN32 /D_WINDOWS /W3  /MDd /Zi /Ob0 /Od /RTC1    -D_WIN32_WINNT=0x0600 -D_WINSOCKAPI_= -DSECURITY_WIN32 /showIncludes /FoCMakeFiles\cmTC_b8d1b.dir\HAVE_STROPTS_H.c.obj /FdCMakeFiles\cmTC_b8d1b.dir\ /FS -c D:\Code\DC-Cryptocurrency\DCC-Miner\out\build\x64-release\CMakeFiles\CheckIncludeFiles\HAVE_STROPTS_H.c
D:\Code\DC-Cryptocurrency\DCC-Miner\out\build\x64-release\CMakeFiles\CheckIncludeFiles\HAVE_STROPTS_H.c(21): fatal error C1083: Cannot open include file: 'stropts.h': No such file or directory
ninja: build stopped: subcommand failed.


Source:
/* */
#include <windows.h>
#include <ws2tcpip.h>
#include <winsock2.h>
#include <wincrypt.h>
#include <stdio.h>
#include <sys/stat.h>
#include <sys/types.h>
#include <sys/utime.h>
#include <assert.h>
#include <errno.h>
#include <fcntl.h>
#include <io.h>
#include <locale.h>
#include <setjmp.h>
#include <signal.h>
#include <stdbool.h>
#include <stdio.h>
#include <stdlib.h>
#include <string.h>
#include <stropts.h>


int main(void){return 0;}

Determining if files windows.h;ws2tcpip.h;winsock2.h;wincrypt.h;stdio.h;sys/stat.h;sys/types.h;sys/utime.h;assert.h;errno.h;fcntl.h;io.h;locale.h;setjmp.h;signal.h;stdbool.h;stdio.h;stdlib.h;string.h;time.h;process.h;stddef.h;malloc.h;memory.h;sys/utsname.h exist failed with the following output:
Change Dir: D:/Code/DC-Cryptocurrency/DCC-Miner/out/build/x64-release/CMakeFiles/CMakeTmp

Run Build Command(s):C:/Program Files/Microsoft Visual Studio/2022/Preview/Common7/IDE/CommonExtensions/Microsoft/CMake/Ninja/ninja.exe cmTC_efe1b && [1/2] Building C object CMakeFiles\cmTC_efe1b.dir\HAVE_SYS_UTSNAME_H.c.obj
FAILED: CMakeFiles/cmTC_efe1b.dir/HAVE_SYS_UTSNAME_H.c.obj 
C:\PROGRA~1\MICROS~1\2022\Preview\VC\Tools\MSVC\1432~1.313\bin\Hostx64\x64\cl.exe  /nologo   /DWIN32 /D_WINDOWS /W3  /MDd /Zi /Ob0 /Od /RTC1    -D_WIN32_WINNT=0x0600 -D_WINSOCKAPI_= -DSECURITY_WIN32 /showIncludes /FoCMakeFiles\cmTC_efe1b.dir\HAVE_SYS_UTSNAME_H.c.obj /FdCMakeFiles\cmTC_efe1b.dir\ /FS -c D:\Code\DC-Cryptocurrency\DCC-Miner\out\build\x64-release\CMakeFiles\CheckIncludeFiles\HAVE_SYS_UTSNAME_H.c
D:\Code\DC-Cryptocurrency\DCC-Miner\out\build\x64-release\CMakeFiles\CheckIncludeFiles\HAVE_SYS_UTSNAME_H.c(26): fatal error C1083: Cannot open include file: 'sys/utsname.h': No such file or directory
ninja: build stopped: subcommand failed.


Source:
/* */
#include <windows.h>
#include <ws2tcpip.h>
#include <winsock2.h>
#include <wincrypt.h>
#include <stdio.h>
#include <sys/stat.h>
#include <sys/types.h>
#include <sys/utime.h>
#include <assert.h>
#include <errno.h>
#include <fcntl.h>
#include <io.h>
#include <locale.h>
#include <setjmp.h>
#include <signal.h>
#include <stdbool.h>
#include <stdio.h>
#include <stdlib.h>
#include <string.h>
#include <time.h>
#include <process.h>
#include <stddef.h>
#include <malloc.h>
#include <memory.h>
#include <sys/utsname.h>


int main(void){return 0;}

Determining size of ssize_t failed with the following output:
Change Dir: D:/Code/DC-Cryptocurrency/DCC-Miner/out/build/x64-release/CMakeFiles/CMakeTmp

Run Build Command(s):C:/Program Files/Microsoft Visual Studio/2022/Preview/Common7/IDE/CommonExtensions/Microsoft/CMake/Ninja/ninja.exe cmTC_af764 && [1/2] Building C object CMakeFiles\cmTC_af764.dir\SIZEOF_SSIZE_T.c.obj
FAILED: CMakeFiles/cmTC_af764.dir/SIZEOF_SSIZE_T.c.obj 
C:\PROGRA~1\MICROS~1\2022\Preview\VC\Tools\MSVC\1432~1.313\bin\Hostx64\x64\cl.exe  /nologo   /DWIN32 /D_WINDOWS /W3  /MDd /Zi /Ob0 /Od /RTC1    -D_WIN32_WINNT=0x0600 -D_WINSOCKAPI_= -DSECURITY_WIN32 /showIncludes /FoCMakeFiles\cmTC_af764.dir\SIZEOF_SSIZE_T.c.obj /FdCMakeFiles\cmTC_af764.dir\ /FS -c D:\Code\DC-Cryptocurrency\DCC-Miner\out\build\x64-release\CMakeFiles\CheckTypeSize\SIZEOF_SSIZE_T.c
D:\Code\DC-Cryptocurrency\DCC-Miner\out\build\x64-release\CMakeFiles\CheckTypeSize\SIZEOF_SSIZE_T.c(28): error C2065: 'ssize_t': undeclared identifier
D:\Code\DC-Cryptocurrency\DCC-Miner\out\build\x64-release\CMakeFiles\CheckTypeSize\SIZEOF_SSIZE_T.c(29): error C2065: 'ssize_t': undeclared identifier
D:\Code\DC-Cryptocurrency\DCC-Miner\out\build\x64-release\CMakeFiles\CheckTypeSize\SIZEOF_SSIZE_T.c(30): error C2065: 'ssize_t': undeclared identifier
D:\Code\DC-Cryptocurrency\DCC-Miner\out\build\x64-release\CMakeFiles\CheckTypeSize\SIZEOF_SSIZE_T.c(31): error C2065: 'ssize_t': undeclared identifier
D:\Code\DC-Cryptocurrency\DCC-Miner\out\build\x64-release\CMakeFiles\CheckTypeSize\SIZEOF_SSIZE_T.c(32): error C2065: 'ssize_t': undeclared identifier
ninja: build stopped: subcommand failed.


D:/Code/DC-Cryptocurrency/DCC-Miner/out/build/x64-release/CMakeFiles/CheckTypeSize/SIZEOF_SSIZE_T.c:
#include <sys/types.h>
#include <stddef.h>


#undef KEY
#if defined(__i386)
# define KEY '_','_','i','3','8','6'
#elif defined(__x86_64)
# define KEY '_','_','x','8','6','_','6','4'
#elif defined(__PPC64__)
# define KEY '_','_','P','P','C','6','4','_','_'
#elif defined(__ppc64__)
# define KEY '_','_','p','p','c','6','4','_','_'
#elif defined(__PPC__)
# define KEY '_','_','P','P','C','_','_'
#elif defined(__ppc__)
# define KEY '_','_','p','p','c','_','_'
#elif defined(__aarch64__)
# define KEY '_','_','a','a','r','c','h','6','4','_','_'
#elif defined(__ARM_ARCH_7A__)
# define KEY '_','_','A','R','M','_','A','R','C','H','_','7','A','_','_'
#elif defined(__ARM_ARCH_7S__)
# define KEY '_','_','A','R','M','_','A','R','C','H','_','7','S','_','_'
#endif

#define SIZE (sizeof(ssize_t))
static char info_size[] =  {'I', 'N', 'F', 'O', ':', 's','i','z','e','[',
  ('0' + ((SIZE / 10000)%10)),
  ('0' + ((SIZE / 1000)%10)),
  ('0' + ((SIZE / 100)%10)),
  ('0' + ((SIZE / 10)%10)),
  ('0' +  (SIZE    % 10)),
  ']',
#ifdef KEY
  ' ','k','e','y','[', KEY, ']',
#endif
  '\0'};

#ifdef __CLASSIC_C__
int main(argc, argv) int argc; char *argv[];
#else
int main(int argc, char *argv[])
#endif
{
  int require = 0;
  require += info_size[argc];
  (void)argv;
  return require;
}


Determining if the basename exist failed with the following output:
Change Dir: D:/Code/DC-Cryptocurrency/DCC-Miner/out/build/x64-release/CMakeFiles/CMakeTmp

Run Build Command(s):C:/Program Files/Microsoft Visual Studio/2022/Preview/Common7/IDE/CommonExtensions/Microsoft/CMake/Ninja/ninja.exe cmTC_ba870 && [1/2] Building C object CMakeFiles\cmTC_ba870.dir\CheckSymbolExists.c.obj
FAILED: CMakeFiles/cmTC_ba870.dir/CheckSymbolExists.c.obj 
C:\PROGRA~1\MICROS~1\2022\Preview\VC\Tools\MSVC\1432~1.313\bin\Hostx64\x64\cl.exe  /nologo   /DWIN32 /D_WINDOWS /W3  /MDd /Zi /Ob0 /Od /RTC1    -D_WIN32_WINNT=0x0600 -D_WINSOCKAPI_= -DSECURITY_WIN32 /showIncludes /FoCMakeFiles\cmTC_ba870.dir\CheckSymbolExists.c.obj /FdCMakeFiles\cmTC_ba870.dir\ /FS -c D:\Code\DC-Cryptocurrency\DCC-Miner\out\build\x64-release\CMakeFiles\CMakeTmp\CheckSymbolExists.c
D:\Code\DC-Cryptocurrency\DCC-Miner\out\build\x64-release\CMakeFiles\CMakeTmp\CheckSymbolExists.c(31): error C2065: 'basename': undeclared identifier
ninja: build stopped: subcommand failed.


File D:/Code/DC-Cryptocurrency/DCC-Miner/out/build/x64-release/CMakeFiles/CMakeTmp/CheckSymbolExists.c:
/* */
#include <windows.h>
#include <ws2tcpip.h>
#include <winsock2.h>
#include <wincrypt.h>
#include <stdio.h>
#include <sys/stat.h>
#include <sys/types.h>
#include <sys/utime.h>
#include <assert.h>
#include <errno.h>
#include <fcntl.h>
#include <io.h>
#include <locale.h>
#include <setjmp.h>
#include <signal.h>
#include <stdbool.h>
#include <stdio.h>
#include <stdlib.h>
#include <string.h>
#include <time.h>
#include <process.h>
#include <stddef.h>
#include <malloc.h>
#include <memory.h>

int main(int argc, char** argv)
{
  (void)argv;
#ifndef basename
  return ((int*)(&basename))[argc];
#else
  (void)argc;
  return 0;
#endif
}
Determining if the strncmpi exist failed with the following output:
Change Dir: D:/Code/DC-Cryptocurrency/DCC-Miner/out/build/x64-release/CMakeFiles/CMakeTmp

Run Build Command(s):C:/Program Files/Microsoft Visual Studio/2022/Preview/Common7/IDE/CommonExtensions/Microsoft/CMake/Ninja/ninja.exe cmTC_dab8e && [1/2] Building C object CMakeFiles\cmTC_dab8e.dir\CheckSymbolExists.c.obj
FAILED: CMakeFiles/cmTC_dab8e.dir/CheckSymbolExists.c.obj 
C:\PROGRA~1\MICROS~1\2022\Preview\VC\Tools\MSVC\1432~1.313\bin\Hostx64\x64\cl.exe  /nologo   /DWIN32 /D_WINDOWS /W3  /MDd /Zi /Ob0 /Od /RTC1    -D_WIN32_WINNT=0x0600 -D_WINSOCKAPI_= -DSECURITY_WIN32 /showIncludes /FoCMakeFiles\cmTC_dab8e.dir\CheckSymbolExists.c.obj /FdCMakeFiles\cmTC_dab8e.dir\ /FS -c D:\Code\DC-Cryptocurrency\DCC-Miner\out\build\x64-release\CMakeFiles\CMakeTmp\CheckSymbolExists.c
D:\Code\DC-Cryptocurrency\DCC-Miner\out\build\x64-release\CMakeFiles\CMakeTmp\CheckSymbolExists.c(31): error C2065: 'strncmpi': undeclared identifier
ninja: build stopped: subcommand failed.


File D:/Code/DC-Cryptocurrency/DCC-Miner/out/build/x64-release/CMakeFiles/CMakeTmp/CheckSymbolExists.c:
/* */
#include <windows.h>
#include <ws2tcpip.h>
#include <winsock2.h>
#include <wincrypt.h>
#include <stdio.h>
#include <sys/stat.h>
#include <sys/types.h>
#include <sys/utime.h>
#include <assert.h>
#include <errno.h>
#include <fcntl.h>
#include <io.h>
#include <locale.h>
#include <setjmp.h>
#include <signal.h>
#include <stdbool.h>
#include <stdio.h>
#include <stdlib.h>
#include <string.h>
#include <time.h>
#include <process.h>
#include <stddef.h>
#include <malloc.h>
#include <memory.h>

int main(int argc, char** argv)
{
  (void)argv;
#ifndef strncmpi
  return ((int*)(&strncmpi))[argc];
#else
  (void)argc;
  return 0;
#endif
}
Determining if the alarm exist failed with the following output:
Change Dir: D:/Code/DC-Cryptocurrency/DCC-Miner/out/build/x64-release/CMakeFiles/CMakeTmp

Run Build Command(s):C:/Program Files/Microsoft Visual Studio/2022/Preview/Common7/IDE/CommonExtensions/Microsoft/CMake/Ninja/ninja.exe cmTC_c9ea4 && [1/2] Building C object CMakeFiles\cmTC_c9ea4.dir\CheckSymbolExists.c.obj
FAILED: CMakeFiles/cmTC_c9ea4.dir/CheckSymbolExists.c.obj 
C:\PROGRA~1\MICROS~1\2022\Preview\VC\Tools\MSVC\1432~1.313\bin\Hostx64\x64\cl.exe  /nologo   /DWIN32 /D_WINDOWS /W3  /MDd /Zi /Ob0 /Od /RTC1    -D_WIN32_WINNT=0x0600 -D_WINSOCKAPI_= -DSECURITY_WIN32 /showIncludes /FoCMakeFiles\cmTC_c9ea4.dir\CheckSymbolExists.c.obj /FdCMakeFiles\cmTC_c9ea4.dir\ /FS -c D:\Code\DC-Cryptocurrency\DCC-Miner\out\build\x64-release\CMakeFiles\CMakeTmp\CheckSymbolExists.c
D:\Code\DC-Cryptocurrency\DCC-Miner\out\build\x64-release\CMakeFiles\CMakeTmp\CheckSymbolExists.c(31): error C2065: 'alarm': undeclared identifier
ninja: build stopped: subcommand failed.


File D:/Code/DC-Cryptocurrency/DCC-Miner/out/build/x64-release/CMakeFiles/CMakeTmp/CheckSymbolExists.c:
/* */
#include <windows.h>
#include <ws2tcpip.h>
#include <winsock2.h>
#include <wincrypt.h>
#include <stdio.h>
#include <sys/stat.h>
#include <sys/types.h>
#include <sys/utime.h>
#include <assert.h>
#include <errno.h>
#include <fcntl.h>
#include <io.h>
#include <locale.h>
#include <setjmp.h>
#include <signal.h>
#include <stdbool.h>
#include <stdio.h>
#include <stdlib.h>
#include <string.h>
#include <time.h>
#include <process.h>
#include <stddef.h>
#include <malloc.h>
#include <memory.h>

int main(int argc, char** argv)
{
  (void)argv;
#ifndef alarm
  return ((int*)(&alarm))[argc];
#else
  (void)argc;
  return 0;
#endif
}
Determining if the getppid exist failed with the following output:
Change Dir: D:/Code/DC-Cryptocurrency/DCC-Miner/out/build/x64-release/CMakeFiles/CMakeTmp

Run Build Command(s):C:/Program Files/Microsoft Visual Studio/2022/Preview/Common7/IDE/CommonExtensions/Microsoft/CMake/Ninja/ninja.exe cmTC_3ebd0 && [1/2] Building C object CMakeFiles\cmTC_3ebd0.dir\CheckSymbolExists.c.obj
FAILED: CMakeFiles/cmTC_3ebd0.dir/CheckSymbolExists.c.obj 
C:\PROGRA~1\MICROS~1\2022\Preview\VC\Tools\MSVC\1432~1.313\bin\Hostx64\x64\cl.exe  /nologo   /DWIN32 /D_WINDOWS /W3  /MDd /Zi /Ob0 /Od /RTC1    -D_WIN32_WINNT=0x0600 -D_WINSOCKAPI_= -DSECURITY_WIN32 /showIncludes /FoCMakeFiles\cmTC_3ebd0.dir\CheckSymbolExists.c.obj /FdCMakeFiles\cmTC_3ebd0.dir\ /FS -c D:\Code\DC-Cryptocurrency\DCC-Miner\out\build\x64-release\CMakeFiles\CMakeTmp\CheckSymbolExists.c
D:\Code\DC-Cryptocurrency\DCC-Miner\out\build\x64-release\CMakeFiles\CMakeTmp\CheckSymbolExists.c(31): error C2065: 'getppid': undeclared identifier
ninja: build stopped: subcommand failed.


File D:/Code/DC-Cryptocurrency/DCC-Miner/out/build/x64-release/CMakeFiles/CMakeTmp/CheckSymbolExists.c:
/* */
#include <windows.h>
#include <ws2tcpip.h>
#include <winsock2.h>
#include <wincrypt.h>
#include <stdio.h>
#include <sys/stat.h>
#include <sys/types.h>
#include <sys/utime.h>
#include <assert.h>
#include <errno.h>
#include <fcntl.h>
#include <io.h>
#include <locale.h>
#include <setjmp.h>
#include <signal.h>
#include <stdbool.h>
#include <stdio.h>
#include <stdlib.h>
#include <string.h>
#include <time.h>
#include <process.h>
#include <stddef.h>
#include <malloc.h>
#include <memory.h>

int main(int argc, char** argv)
{
  (void)argv;
#ifndef getppid
  return ((int*)(&getppid))[argc];
#else
  (void)argc;
  return 0;
#endif
}
Determining if the utimes exist failed with the following output:
Change Dir: D:/Code/DC-Cryptocurrency/DCC-Miner/out/build/x64-release/CMakeFiles/CMakeTmp

Run Build Command(s):C:/Program Files/Microsoft Visual Studio/2022/Preview/Common7/IDE/CommonExtensions/Microsoft/CMake/Ninja/ninja.exe cmTC_36482 && [1/2] Building C object CMakeFiles\cmTC_36482.dir\CheckSymbolExists.c.obj
FAILED: CMakeFiles/cmTC_36482.dir/CheckSymbolExists.c.obj 
C:\PROGRA~1\MICROS~1\2022\Preview\VC\Tools\MSVC\1432~1.313\bin\Hostx64\x64\cl.exe  /nologo   /DWIN32 /D_WINDOWS /W3  /MDd /Zi /Ob0 /Od /RTC1    -D_WIN32_WINNT=0x0600 -D_WINSOCKAPI_= -DSECURITY_WIN32 /showIncludes /FoCMakeFiles\cmTC_36482.dir\CheckSymbolExists.c.obj /FdCMakeFiles\cmTC_36482.dir\ /FS -c D:\Code\DC-Cryptocurrency\DCC-Miner\out\build\x64-release\CMakeFiles\CMakeTmp\CheckSymbolExists.c
D:\Code\DC-Cryptocurrency\DCC-Miner\out\build\x64-release\CMakeFiles\CMakeTmp\CheckSymbolExists.c(31): error C2065: 'utimes': undeclared identifier
ninja: build stopped: subcommand failed.


File D:/Code/DC-Cryptocurrency/DCC-Miner/out/build/x64-release/CMakeFiles/CMakeTmp/CheckSymbolExists.c:
/* */
#include <windows.h>
#include <ws2tcpip.h>
#include <winsock2.h>
#include <wincrypt.h>
#include <stdio.h>
#include <sys/stat.h>
#include <sys/types.h>
#include <sys/utime.h>
#include <assert.h>
#include <errno.h>
#include <fcntl.h>
#include <io.h>
#include <locale.h>
#include <setjmp.h>
#include <signal.h>
#include <stdbool.h>
#include <stdio.h>
#include <stdlib.h>
#include <string.h>
#include <time.h>
#include <process.h>
#include <stddef.h>
#include <malloc.h>
#include <memory.h>

int main(int argc, char** argv)
{
  (void)argv;
#ifndef utimes
  return ((int*)(&utimes))[argc];
#else
  (void)argc;
  return 0;
#endif
}
Determining if the getpwuid_r exist failed with the following output:
Change Dir: D:/Code/DC-Cryptocurrency/DCC-Miner/out/build/x64-release/CMakeFiles/CMakeTmp

Run Build Command(s):C:/Program Files/Microsoft Visual Studio/2022/Preview/Common7/IDE/CommonExtensions/Microsoft/CMake/Ninja/ninja.exe cmTC_e3497 && [1/2] Building C object CMakeFiles\cmTC_e3497.dir\CheckSymbolExists.c.obj
FAILED: CMakeFiles/cmTC_e3497.dir/CheckSymbolExists.c.obj 
C:\PROGRA~1\MICROS~1\2022\Preview\VC\Tools\MSVC\1432~1.313\bin\Hostx64\x64\cl.exe  /nologo   /DWIN32 /D_WINDOWS /W3  /MDd /Zi /Ob0 /Od /RTC1    -D_WIN32_WINNT=0x0600 -D_WINSOCKAPI_= -DSECURITY_WIN32 /showIncludes /FoCMakeFiles\cmTC_e3497.dir\CheckSymbolExists.c.obj /FdCMakeFiles\cmTC_e3497.dir\ /FS -c D:\Code\DC-Cryptocurrency\DCC-Miner\out\build\x64-release\CMakeFiles\CMakeTmp\CheckSymbolExists.c
D:\Code\DC-Cryptocurrency\DCC-Miner\out\build\x64-release\CMakeFiles\CMakeTmp\CheckSymbolExists.c(31): error C2065: 'getpwuid_r': undeclared identifier
ninja: build stopped: subcommand failed.


File D:/Code/DC-Cryptocurrency/DCC-Miner/out/build/x64-release/CMakeFiles/CMakeTmp/CheckSymbolExists.c:
/* */
#include <windows.h>
#include <ws2tcpip.h>
#include <winsock2.h>
#include <wincrypt.h>
#include <stdio.h>
#include <sys/stat.h>
#include <sys/types.h>
#include <sys/utime.h>
#include <assert.h>
#include <errno.h>
#include <fcntl.h>
#include <io.h>
#include <locale.h>
#include <setjmp.h>
#include <signal.h>
#include <stdbool.h>
#include <stdio.h>
#include <stdlib.h>
#include <string.h>
#include <time.h>
#include <process.h>
#include <stddef.h>
#include <malloc.h>
#include <memory.h>

int main(int argc, char** argv)
{
  (void)argv;
#ifndef getpwuid_r
  return ((int*)(&getpwuid_r))[argc];
#else
  (void)argc;
  return 0;
#endif
}
Determining if the usleep exist failed with the following output:
Change Dir: D:/Code/DC-Cryptocurrency/DCC-Miner/out/build/x64-release/CMakeFiles/CMakeTmp

Run Build Command(s):C:/Program Files/Microsoft Visual Studio/2022/Preview/Common7/IDE/CommonExtensions/Microsoft/CMake/Ninja/ninja.exe cmTC_f43c0 && [1/2] Building C object CMakeFiles\cmTC_f43c0.dir\CheckSymbolExists.c.obj
FAILED: CMakeFiles/cmTC_f43c0.dir/CheckSymbolExists.c.obj 
C:\PROGRA~1\MICROS~1\2022\Preview\VC\Tools\MSVC\1432~1.313\bin\Hostx64\x64\cl.exe  /nologo   /DWIN32 /D_WINDOWS /W3  /MDd /Zi /Ob0 /Od /RTC1    -D_WIN32_WINNT=0x0600 -D_WINSOCKAPI_= -DSECURITY_WIN32 /showIncludes /FoCMakeFiles\cmTC_f43c0.dir\CheckSymbolExists.c.obj /FdCMakeFiles\cmTC_f43c0.dir\ /FS -c D:\Code\DC-Cryptocurrency\DCC-Miner\out\build\x64-release\CMakeFiles\CMakeTmp\CheckSymbolExists.c
D:\Code\DC-Cryptocurrency\DCC-Miner\out\build\x64-release\CMakeFiles\CMakeTmp\CheckSymbolExists.c(31): error C2065: 'usleep': undeclared identifier
ninja: build stopped: subcommand failed.


File D:/Code/DC-Cryptocurrency/DCC-Miner/out/build/x64-release/CMakeFiles/CMakeTmp/CheckSymbolExists.c:
/* */
#include <windows.h>
#include <ws2tcpip.h>
#include <winsock2.h>
#include <wincrypt.h>
#include <stdio.h>
#include <sys/stat.h>
#include <sys/types.h>
#include <sys/utime.h>
#include <assert.h>
#include <errno.h>
#include <fcntl.h>
#include <io.h>
#include <locale.h>
#include <setjmp.h>
#include <signal.h>
#include <stdbool.h>
#include <stdio.h>
#include <stdlib.h>
#include <string.h>
#include <time.h>
#include <process.h>
#include <stddef.h>
#include <malloc.h>
#include <memory.h>

int main(int argc, char** argv)
{
  (void)argv;
#ifndef usleep
  return ((int*)(&usleep))[argc];
#else
  (void)argc;
  return 0;
#endif
}
Determining if the strerror_r exist failed with the following output:
Change Dir: D:/Code/DC-Cryptocurrency/DCC-Miner/out/build/x64-release/CMakeFiles/CMakeTmp

Run Build Command(s):C:/Program Files/Microsoft Visual Studio/2022/Preview/Common7/IDE/CommonExtensions/Microsoft/CMake/Ninja/ninja.exe cmTC_da895 && [1/2] Building C object CMakeFiles\cmTC_da895.dir\CheckSymbolExists.c.obj
FAILED: CMakeFiles/cmTC_da895.dir/CheckSymbolExists.c.obj 
C:\PROGRA~1\MICROS~1\2022\Preview\VC\Tools\MSVC\1432~1.313\bin\Hostx64\x64\cl.exe  /nologo   /DWIN32 /D_WINDOWS /W3  /MDd /Zi /Ob0 /Od /RTC1    -D_WIN32_WINNT=0x0600 -D_WINSOCKAPI_= -DSECURITY_WIN32 /showIncludes /FoCMakeFiles\cmTC_da895.dir\CheckSymbolExists.c.obj /FdCMakeFiles\cmTC_da895.dir\ /FS -c D:\Code\DC-Cryptocurrency\DCC-Miner\out\build\x64-release\CMakeFiles\CMakeTmp\CheckSymbolExists.c
D:\Code\DC-Cryptocurrency\DCC-Miner\out\build\x64-release\CMakeFiles\CMakeTmp\CheckSymbolExists.c(31): error C2065: 'strerror_r': undeclared identifier
ninja: build stopped: subcommand failed.


File D:/Code/DC-Cryptocurrency/DCC-Miner/out/build/x64-release/CMakeFiles/CMakeTmp/CheckSymbolExists.c:
/* */
#include <windows.h>
#include <ws2tcpip.h>
#include <winsock2.h>
#include <wincrypt.h>
#include <stdio.h>
#include <sys/stat.h>
#include <sys/types.h>
#include <sys/utime.h>
#include <assert.h>
#include <errno.h>
#include <fcntl.h>
#include <io.h>
#include <locale.h>
#include <setjmp.h>
#include <signal.h>
#include <stdbool.h>
#include <stdio.h>
#include <stdlib.h>
#include <string.h>
#include <time.h>
#include <process.h>
#include <stddef.h>
#include <malloc.h>
#include <memory.h>

int main(int argc, char** argv)
{
  (void)argv;
#ifndef strerror_r
  return ((int*)(&strerror_r))[argc];
#else
  (void)argc;
  return 0;
#endif
}
Determining if the siginterrupt exist failed with the following output:
Change Dir: D:/Code/DC-Cryptocurrency/DCC-Miner/out/build/x64-release/CMakeFiles/CMakeTmp

Run Build Command(s):C:/Program Files/Microsoft Visual Studio/2022/Preview/Common7/IDE/CommonExtensions/Microsoft/CMake/Ninja/ninja.exe cmTC_71f50 && [1/2] Building C object CMakeFiles\cmTC_71f50.dir\CheckSymbolExists.c.obj
FAILED: CMakeFiles/cmTC_71f50.dir/CheckSymbolExists.c.obj 
C:\PROGRA~1\MICROS~1\2022\Preview\VC\Tools\MSVC\1432~1.313\bin\Hostx64\x64\cl.exe  /nologo   /DWIN32 /D_WINDOWS /W3  /MDd /Zi /Ob0 /Od /RTC1    -D_WIN32_WINNT=0x0600 -D_WINSOCKAPI_= -DSECURITY_WIN32 /showIncludes /FoCMakeFiles\cmTC_71f50.dir\CheckSymbolExists.c.obj /FdCMakeFiles\cmTC_71f50.dir\ /FS -c D:\Code\DC-Cryptocurrency\DCC-Miner\out\build\x64-release\CMakeFiles\CMakeTmp\CheckSymbolExists.c
D:\Code\DC-Cryptocurrency\DCC-Miner\out\build\x64-release\CMakeFiles\CMakeTmp\CheckSymbolExists.c(31): error C2065: 'siginterrupt': undeclared identifier
ninja: build stopped: subcommand failed.


File D:/Code/DC-Cryptocurrency/DCC-Miner/out/build/x64-release/CMakeFiles/CMakeTmp/CheckSymbolExists.c:
/* */
#include <windows.h>
#include <ws2tcpip.h>
#include <winsock2.h>
#include <wincrypt.h>
#include <stdio.h>
#include <sys/stat.h>
#include <sys/types.h>
#include <sys/utime.h>
#include <assert.h>
#include <errno.h>
#include <fcntl.h>
#include <io.h>
#include <locale.h>
#include <setjmp.h>
#include <signal.h>
#include <stdbool.h>
#include <stdio.h>
#include <stdlib.h>
#include <string.h>
#include <time.h>
#include <process.h>
#include <stddef.h>
#include <malloc.h>
#include <memory.h>

int main(int argc, char** argv)
{
  (void)argv;
#ifndef siginterrupt
  return ((int*)(&siginterrupt))[argc];
#else
  (void)argc;
  return 0;
#endif
}
Determining if the pipe exist failed with the following output:
Change Dir: D:/Code/DC-Cryptocurrency/DCC-Miner/out/build/x64-release/CMakeFiles/CMakeTmp

Run Build Command(s):C:/Program Files/Microsoft Visual Studio/2022/Preview/Common7/IDE/CommonExtensions/Microsoft/CMake/Ninja/ninja.exe cmTC_ec6b0 && [1/2] Building C object CMakeFiles\cmTC_ec6b0.dir\CheckSymbolExists.c.obj
FAILED: CMakeFiles/cmTC_ec6b0.dir/CheckSymbolExists.c.obj 
C:\PROGRA~1\MICROS~1\2022\Preview\VC\Tools\MSVC\1432~1.313\bin\Hostx64\x64\cl.exe  /nologo   /DWIN32 /D_WINDOWS /W3  /MDd /Zi /Ob0 /Od /RTC1    -D_WIN32_WINNT=0x0600 -D_WINSOCKAPI_= -DSECURITY_WIN32 /showIncludes /FoCMakeFiles\cmTC_ec6b0.dir\CheckSymbolExists.c.obj /FdCMakeFiles\cmTC_ec6b0.dir\ /FS -c D:\Code\DC-Cryptocurrency\DCC-Miner\out\build\x64-release\CMakeFiles\CMakeTmp\CheckSymbolExists.c
D:\Code\DC-Cryptocurrency\DCC-Miner\out\build\x64-release\CMakeFiles\CMakeTmp\CheckSymbolExists.c(31): error C2065: 'pipe': undeclared identifier
ninja: build stopped: subcommand failed.


File D:/Code/DC-Cryptocurrency/DCC-Miner/out/build/x64-release/CMakeFiles/CMakeTmp/CheckSymbolExists.c:
/* */
#include <windows.h>
#include <ws2tcpip.h>
#include <winsock2.h>
#include <wincrypt.h>
#include <stdio.h>
#include <sys/stat.h>
#include <sys/types.h>
#include <sys/utime.h>
#include <assert.h>
#include <errno.h>
#include <fcntl.h>
#include <io.h>
#include <locale.h>
#include <setjmp.h>
#include <signal.h>
#include <stdbool.h>
#include <stdio.h>
#include <stdlib.h>
#include <string.h>
#include <time.h>
#include <process.h>
#include <stddef.h>
#include <malloc.h>
#include <memory.h>

int main(int argc, char** argv)
{
  (void)argv;
#ifndef pipe
  return ((int*)(&pipe))[argc];
#else
  (void)argc;
  return 0;
#endif
}
Determining if the ftruncate exist failed with the following output:
Change Dir: D:/Code/DC-Cryptocurrency/DCC-Miner/out/build/x64-release/CMakeFiles/CMakeTmp

Run Build Command(s):C:/Program Files/Microsoft Visual Studio/2022/Preview/Common7/IDE/CommonExtensions/Microsoft/CMake/Ninja/ninja.exe cmTC_8f9b8 && [1/2] Building C object CMakeFiles\cmTC_8f9b8.dir\CheckSymbolExists.c.obj
FAILED: CMakeFiles/cmTC_8f9b8.dir/CheckSymbolExists.c.obj 
C:\PROGRA~1\MICROS~1\2022\Preview\VC\Tools\MSVC\1432~1.313\bin\Hostx64\x64\cl.exe  /nologo   /DWIN32 /D_WINDOWS /W3  /MDd /Zi /Ob0 /Od /RTC1    -D_WIN32_WINNT=0x0600 -D_WINSOCKAPI_= -DSECURITY_WIN32 /showIncludes /FoCMakeFiles\cmTC_8f9b8.dir\CheckSymbolExists.c.obj /FdCMakeFiles\cmTC_8f9b8.dir\ /FS -c D:\Code\DC-Cryptocurrency\DCC-Miner\out\build\x64-release\CMakeFiles\CMakeTmp\CheckSymbolExists.c
D:\Code\DC-Cryptocurrency\DCC-Miner\out\build\x64-release\CMakeFiles\CMakeTmp\CheckSymbolExists.c(31): error C2065: 'ftruncate': undeclared identifier
ninja: build stopped: subcommand failed.


File D:/Code/DC-Cryptocurrency/DCC-Miner/out/build/x64-release/CMakeFiles/CMakeTmp/CheckSymbolExists.c:
/* */
#include <windows.h>
#include <ws2tcpip.h>
#include <winsock2.h>
#include <wincrypt.h>
#include <stdio.h>
#include <sys/stat.h>
#include <sys/types.h>
#include <sys/utime.h>
#include <assert.h>
#include <errno.h>
#include <fcntl.h>
#include <io.h>
#include <locale.h>
#include <setjmp.h>
#include <signal.h>
#include <stdbool.h>
#include <stdio.h>
#include <stdlib.h>
#include <string.h>
#include <time.h>
#include <process.h>
#include <stddef.h>
#include <malloc.h>
#include <memory.h>

int main(int argc, char** argv)
{
  (void)argv;
#ifndef ftruncate
  return ((int*)(&ftruncate))[argc];
#else
  (void)argc;
  return 0;
#endif
}
Determining if the if_nametoindex exist failed with the following output:
Change Dir: D:/Code/DC-Cryptocurrency/DCC-Miner/out/build/x64-release/CMakeFiles/CMakeTmp

Run Build Command(s):C:/Program Files/Microsoft Visual Studio/2022/Preview/Common7/IDE/CommonExtensions/Microsoft/CMake/Ninja/ninja.exe cmTC_71bec && [1/2] Building C object CMakeFiles\cmTC_71bec.dir\CheckSymbolExists.c.obj
FAILED: CMakeFiles/cmTC_71bec.dir/CheckSymbolExists.c.obj 
C:\PROGRA~1\MICROS~1\2022\Preview\VC\Tools\MSVC\1432~1.313\bin\Hostx64\x64\cl.exe  /nologo   /DWIN32 /D_WINDOWS /W3  /MDd /Zi /Ob0 /Od /RTC1    -D_WIN32_WINNT=0x0600 -D_WINSOCKAPI_= -DSECURITY_WIN32 /showIncludes /FoCMakeFiles\cmTC_71bec.dir\CheckSymbolExists.c.obj /FdCMakeFiles\cmTC_71bec.dir\ /FS -c D:\Code\DC-Cryptocurrency\DCC-Miner\out\build\x64-release\CMakeFiles\CMakeTmp\CheckSymbolExists.c
D:\Code\DC-Cryptocurrency\DCC-Miner\out\build\x64-release\CMakeFiles\CMakeTmp\CheckSymbolExists.c(31): error C2065: 'if_nametoindex': undeclared identifier
ninja: build stopped: subcommand failed.


File D:/Code/DC-Cryptocurrency/DCC-Miner/out/build/x64-release/CMakeFiles/CMakeTmp/CheckSymbolExists.c:
/* */
#include <windows.h>
#include <ws2tcpip.h>
#include <winsock2.h>
#include <wincrypt.h>
#include <stdio.h>
#include <sys/stat.h>
#include <sys/types.h>
#include <sys/utime.h>
#include <assert.h>
#include <errno.h>
#include <fcntl.h>
#include <io.h>
#include <locale.h>
#include <setjmp.h>
#include <signal.h>
#include <stdbool.h>
#include <stdio.h>
#include <stdlib.h>
#include <string.h>
#include <time.h>
#include <process.h>
#include <stddef.h>
#include <malloc.h>
#include <memory.h>

int main(int argc, char** argv)
{
  (void)argv;
#ifndef if_nametoindex
  return ((int*)(&if_nametoindex))[argc];
#else
  (void)argc;
  return 0;
#endif
}
Determining if the getrlimit exist failed with the following output:
Change Dir: D:/Code/DC-Cryptocurrency/DCC-Miner/out/build/x64-release/CMakeFiles/CMakeTmp

Run Build Command(s):C:/Program Files/Microsoft Visual Studio/2022/Preview/Common7/IDE/CommonExtensions/Microsoft/CMake/Ninja/ninja.exe cmTC_6b0e5 && [1/2] Building C object CMakeFiles\cmTC_6b0e5.dir\CheckSymbolExists.c.obj
FAILED: CMakeFiles/cmTC_6b0e5.dir/CheckSymbolExists.c.obj 
C:\PROGRA~1\MICROS~1\2022\Preview\VC\Tools\MSVC\1432~1.313\bin\Hostx64\x64\cl.exe  /nologo   /DWIN32 /D_WINDOWS /W3  /MDd /Zi /Ob0 /Od /RTC1    -D_WIN32_WINNT=0x0600 -D_WINSOCKAPI_= -DSECURITY_WIN32 /showIncludes /FoCMakeFiles\cmTC_6b0e5.dir\CheckSymbolExists.c.obj /FdCMakeFiles\cmTC_6b0e5.dir\ /FS -c D:\Code\DC-Cryptocurrency\DCC-Miner\out\build\x64-release\CMakeFiles\CMakeTmp\CheckSymbolExists.c
D:\Code\DC-Cryptocurrency\DCC-Miner\out\build\x64-release\CMakeFiles\CMakeTmp\CheckSymbolExists.c(31): error C2065: 'getrlimit': undeclared identifier
ninja: build stopped: subcommand failed.


File D:/Code/DC-Cryptocurrency/DCC-Miner/out/build/x64-release/CMakeFiles/CMakeTmp/CheckSymbolExists.c:
/* */
#include <windows.h>
#include <ws2tcpip.h>
#include <winsock2.h>
#include <wincrypt.h>
#include <stdio.h>
#include <sys/stat.h>
#include <sys/types.h>
#include <sys/utime.h>
#include <assert.h>
#include <errno.h>
#include <fcntl.h>
#include <io.h>
#include <locale.h>
#include <setjmp.h>
#include <signal.h>
#include <stdbool.h>
#include <stdio.h>
#include <stdlib.h>
#include <string.h>
#include <time.h>
#include <process.h>
#include <stddef.h>
#include <malloc.h>
#include <memory.h>

int main(int argc, char** argv)
{
  (void)argv;
#ifndef getrlimit
  return ((int*)(&getrlimit))[argc];
#else
  (void)argc;
  return 0;
#endif
}
Determining if the setrlimit exist failed with the following output:
Change Dir: D:/Code/DC-Cryptocurrency/DCC-Miner/out/build/x64-release/CMakeFiles/CMakeTmp

Run Build Command(s):C:/Program Files/Microsoft Visual Studio/2022/Preview/Common7/IDE/CommonExtensions/Microsoft/CMake/Ninja/ninja.exe cmTC_5086e && [1/2] Building C object CMakeFiles\cmTC_5086e.dir\CheckSymbolExists.c.obj
FAILED: CMakeFiles/cmTC_5086e.dir/CheckSymbolExists.c.obj 
C:\PROGRA~1\MICROS~1\2022\Preview\VC\Tools\MSVC\1432~1.313\bin\Hostx64\x64\cl.exe  /nologo   /DWIN32 /D_WINDOWS /W3  /MDd /Zi /Ob0 /Od /RTC1    -D_WIN32_WINNT=0x0600 -D_WINSOCKAPI_= -DSECURITY_WIN32 /showIncludes /FoCMakeFiles\cmTC_5086e.dir\CheckSymbolExists.c.obj /FdCMakeFiles\cmTC_5086e.dir\ /FS -c D:\Code\DC-Cryptocurrency\DCC-Miner\out\build\x64-release\CMakeFiles\CMakeTmp\CheckSymbolExists.c
D:\Code\DC-Cryptocurrency\DCC-Miner\out\build\x64-release\CMakeFiles\CMakeTmp\CheckSymbolExists.c(31): error C2065: 'setrlimit': undeclared identifier
ninja: build stopped: subcommand failed.


File D:/Code/DC-Cryptocurrency/DCC-Miner/out/build/x64-release/CMakeFiles/CMakeTmp/CheckSymbolExists.c:
/* */
#include <windows.h>
#include <ws2tcpip.h>
#include <winsock2.h>
#include <wincrypt.h>
#include <stdio.h>
#include <sys/stat.h>
#include <sys/types.h>
#include <sys/utime.h>
#include <assert.h>
#include <errno.h>
#include <fcntl.h>
#include <io.h>
#include <locale.h>
#include <setjmp.h>
#include <signal.h>
#include <stdbool.h>
#include <stdio.h>
#include <stdlib.h>
#include <string.h>
#include <time.h>
#include <process.h>
#include <stddef.h>
#include <malloc.h>
#include <memory.h>

int main(int argc, char** argv)
{
  (void)argv;
#ifndef setrlimit
  return ((int*)(&setrlimit))[argc];
#else
  (void)argc;
  return 0;
#endif
}
Determining if the fcntl exist failed with the following output:
Change Dir: D:/Code/DC-Cryptocurrency/DCC-Miner/out/build/x64-release/CMakeFiles/CMakeTmp

Run Build Command(s):C:/Program Files/Microsoft Visual Studio/2022/Preview/Common7/IDE/CommonExtensions/Microsoft/CMake/Ninja/ninja.exe cmTC_ce2db && [1/2] Building C object CMakeFiles\cmTC_ce2db.dir\CheckSymbolExists.c.obj
FAILED: CMakeFiles/cmTC_ce2db.dir/CheckSymbolExists.c.obj 
C:\PROGRA~1\MICROS~1\2022\Preview\VC\Tools\MSVC\1432~1.313\bin\Hostx64\x64\cl.exe  /nologo   /DWIN32 /D_WINDOWS /W3  /MDd /Zi /Ob0 /Od /RTC1    -D_WIN32_WINNT=0x0600 -D_WINSOCKAPI_= -DSECURITY_WIN32 /showIncludes /FoCMakeFiles\cmTC_ce2db.dir\CheckSymbolExists.c.obj /FdCMakeFiles\cmTC_ce2db.dir\ /FS -c D:\Code\DC-Cryptocurrency\DCC-Miner\out\build\x64-release\CMakeFiles\CMakeTmp\CheckSymbolExists.c
D:\Code\DC-Cryptocurrency\DCC-Miner\out\build\x64-release\CMakeFiles\CMakeTmp\CheckSymbolExists.c(31): error C2065: 'fcntl': undeclared identifier
ninja: build stopped: subcommand failed.


File D:/Code/DC-Cryptocurrency/DCC-Miner/out/build/x64-release/CMakeFiles/CMakeTmp/CheckSymbolExists.c:
/* */
#include <windows.h>
#include <ws2tcpip.h>
#include <winsock2.h>
#include <wincrypt.h>
#include <stdio.h>
#include <sys/stat.h>
#include <sys/types.h>
#include <sys/utime.h>
#include <assert.h>
#include <errno.h>
#include <fcntl.h>
#include <io.h>
#include <locale.h>
#include <setjmp.h>
#include <signal.h>
#include <stdbool.h>
#include <stdio.h>
#include <stdlib.h>
#include <string.h>
#include <time.h>
#include <process.h>
#include <stddef.h>
#include <malloc.h>
#include <memory.h>

int main(int argc, char** argv)
{
  (void)argv;
#ifndef fcntl
  return ((int*)(&fcntl))[argc];
#else
  (void)argc;
  return 0;
#endif
}
Determining if the ioctl exist failed with the following output:
Change Dir: D:/Code/DC-Cryptocurrency/DCC-Miner/out/build/x64-release/CMakeFiles/CMakeTmp

Run Build Command(s):C:/Program Files/Microsoft Visual Studio/2022/Preview/Common7/IDE/CommonExtensions/Microsoft/CMake/Ninja/ninja.exe cmTC_fea0e && [1/2] Building C object CMakeFiles\cmTC_fea0e.dir\CheckSymbolExists.c.obj
FAILED: CMakeFiles/cmTC_fea0e.dir/CheckSymbolExists.c.obj 
C:\PROGRA~1\MICROS~1\2022\Preview\VC\Tools\MSVC\1432~1.313\bin\Hostx64\x64\cl.exe  /nologo   /DWIN32 /D_WINDOWS /W3  /MDd /Zi /Ob0 /Od /RTC1    -D_WIN32_WINNT=0x0600 -D_WINSOCKAPI_= -DSECURITY_WIN32 /showIncludes /FoCMakeFiles\cmTC_fea0e.dir\CheckSymbolExists.c.obj /FdCMakeFiles\cmTC_fea0e.dir\ /FS -c D:\Code\DC-Cryptocurrency\DCC-Miner\out\build\x64-release\CMakeFiles\CMakeTmp\CheckSymbolExists.c
D:\Code\DC-Cryptocurrency\DCC-Miner\out\build\x64-release\CMakeFiles\CMakeTmp\CheckSymbolExists.c(31): error C2065: 'ioctl': undeclared identifier
ninja: build stopped: subcommand failed.


File D:/Code/DC-Cryptocurrency/DCC-Miner/out/build/x64-release/CMakeFiles/CMakeTmp/CheckSymbolExists.c:
/* */
#include <windows.h>
#include <ws2tcpip.h>
#include <winsock2.h>
#include <wincrypt.h>
#include <stdio.h>
#include <sys/stat.h>
#include <sys/types.h>
#include <sys/utime.h>
#include <assert.h>
#include <errno.h>
#include <fcntl.h>
#include <io.h>
#include <locale.h>
#include <setjmp.h>
#include <signal.h>
#include <stdbool.h>
#include <stdio.h>
#include <stdlib.h>
#include <string.h>
#include <time.h>
#include <process.h>
#include <stddef.h>
#include <malloc.h>
#include <memory.h>

int main(int argc, char** argv)
{
  (void)argv;
#ifndef ioctl
  return ((int*)(&ioctl))[argc];
#else
  (void)argc;
  return 0;
#endif
}
Determining if the function mach_absolute_time exists failed with the following output:
Change Dir: D:/Code/DC-Cryptocurrency/DCC-Miner/out/build/x64-release/CMakeFiles/CMakeTmp

Run Build Command(s):C:/Program Files/Microsoft Visual Studio/2022/Preview/Common7/IDE/CommonExtensions/Microsoft/CMake/Ninja/ninja.exe cmTC_b344f && [1/2] Building C object CMakeFiles\cmTC_b344f.dir\CheckFunctionExists.c.obj
[2/2] Linking C executable cmTC_b344f.exe
FAILED: cmTC_b344f.exe 
cmd.exe /C "cd . && "C:\Program Files\Microsoft Visual Studio\2022\Preview\Common7\IDE\CommonExtensions\Microsoft\CMake\CMake\bin\cmake.exe" -E vs_link_exe --intdir=CMakeFiles\cmTC_b344f.dir --rc=C:\PROGRA~2\WI3CF2~1\10\bin\100190~1.0\x64\rc.exe --mt=C:\PROGRA~2\WI3CF2~1\10\bin\100190~1.0\x64\mt.exe --manifests  -- C:\PROGRA~1\MICROS~1\2022\Preview\VC\Tools\MSVC\1432~1.313\bin\Hostx64\x64\link.exe /nologo CMakeFiles\cmTC_b344f.dir\CheckFunctionExists.c.obj  /out:cmTC_b344f.exe /implib:cmTC_b344f.lib /pdb:cmTC_b344f.pdb /version:0.0 /machine:x64  /debug /INCREMENTAL /subsystem:console  ws2_32.lib  kernel32.lib user32.lib gdi32.lib winspool.lib shell32.lib ole32.lib oleaut32.lib uuid.lib comdlg32.lib advapi32.lib && cd ."
LINK Pass 1: command "C:\PROGRA~1\MICROS~1\2022\Preview\VC\Tools\MSVC\1432~1.313\bin\Hostx64\x64\link.exe /nologo CMakeFiles\cmTC_b344f.dir\CheckFunctionExists.c.obj /out:cmTC_b344f.exe /implib:cmTC_b344f.lib /pdb:cmTC_b344f.pdb /version:0.0 /machine:x64 /debug /INCREMENTAL /subsystem:console ws2_32.lib kernel32.lib user32.lib gdi32.lib winspool.lib shell32.lib ole32.lib oleaut32.lib uuid.lib comdlg32.lib advapi32.lib /MANIFEST /MANIFESTFILE:CMakeFiles\cmTC_b344f.dir/intermediate.manifest CMakeFiles\cmTC_b344f.dir/manifest.res" failed (exit code 1120) with the following output:
CheckFunctionExists.c.obj : error LNK2019: unresolved external symbol mach_absolute_time referenced in function main
cmTC_b344f.exe : fatal error LNK1120: 1 unresolved externals
ninja: build stopped: subcommand failed.



Determining if the fsetxattr exist failed with the following output:
Change Dir: D:/Code/DC-Cryptocurrency/DCC-Miner/out/build/x64-release/CMakeFiles/CMakeTmp

Run Build Command(s):C:/Program Files/Microsoft Visual Studio/2022/Preview/Common7/IDE/CommonExtensions/Microsoft/CMake/Ninja/ninja.exe cmTC_832c5 && [1/2] Building C object CMakeFiles\cmTC_832c5.dir\CheckSymbolExists.c.obj
FAILED: CMakeFiles/cmTC_832c5.dir/CheckSymbolExists.c.obj 
C:\PROGRA~1\MICROS~1\2022\Preview\VC\Tools\MSVC\1432~1.313\bin\Hostx64\x64\cl.exe  /nologo   /DWIN32 /D_WINDOWS /W3  /MDd /Zi /Ob0 /Od /RTC1    -D_WIN32_WINNT=0x0600 -D_WINSOCKAPI_= -DSECURITY_WIN32 /showIncludes /FoCMakeFiles\cmTC_832c5.dir\CheckSymbolExists.c.obj /FdCMakeFiles\cmTC_832c5.dir\ /FS -c D:\Code\DC-Cryptocurrency\DCC-Miner\out\build\x64-release\CMakeFiles\CMakeTmp\CheckSymbolExists.c
D:\Code\DC-Cryptocurrency\DCC-Miner\out\build\x64-release\CMakeFiles\CMakeTmp\CheckSymbolExists.c(31): error C2065: 'fsetxattr': undeclared identifier
ninja: build stopped: subcommand failed.


File D:/Code/DC-Cryptocurrency/DCC-Miner/out/build/x64-release/CMakeFiles/CMakeTmp/CheckSymbolExists.c:
/* */
#include <windows.h>
#include <ws2tcpip.h>
#include <winsock2.h>
#include <wincrypt.h>
#include <stdio.h>
#include <sys/stat.h>
#include <sys/types.h>
#include <sys/utime.h>
#include <assert.h>
#include <errno.h>
#include <fcntl.h>
#include <io.h>
#include <locale.h>
#include <setjmp.h>
#include <signal.h>
#include <stdbool.h>
#include <stdio.h>
#include <stdlib.h>
#include <string.h>
#include <time.h>
#include <process.h>
#include <stddef.h>
#include <malloc.h>
#include <memory.h>

int main(int argc, char** argv)
{
  (void)argv;
#ifndef fsetxattr
  return ((int*)(&fsetxattr))[argc];
#else
  (void)argc;
  return 0;
#endif
}
Determining size of sa_family_t failed with the following output:
Change Dir: D:/Code/DC-Cryptocurrency/DCC-Miner/out/build/x64-release/CMakeFiles/CMakeTmp

Run Build Command(s):C:/Program Files/Microsoft Visual Studio/2022/Preview/Common7/IDE/CommonExtensions/Microsoft/CMake/Ninja/ninja.exe cmTC_de664 && [1/2] Building C object CMakeFiles\cmTC_de664.dir\SIZEOF_SA_FAMILY_T.c.obj
FAILED: CMakeFiles/cmTC_de664.dir/SIZEOF_SA_FAMILY_T.c.obj 
C:\PROGRA~1\MICROS~1\2022\Preview\VC\Tools\MSVC\1432~1.313\bin\Hostx64\x64\cl.exe  /nologo   /DWIN32 /D_WINDOWS /W3  /MDd /Zi /Ob0 /Od /RTC1    -D_WIN32_WINNT=0x0600 -D_WINSOCKAPI_= -DSECURITY_WIN32 /showIncludes /FoCMakeFiles\cmTC_de664.dir\SIZEOF_SA_FAMILY_T.c.obj /FdCMakeFiles\cmTC_de664.dir\ /FS -c D:\Code\DC-Cryptocurrency\DCC-Miner\out\build\x64-release\CMakeFiles\CheckTypeSize\SIZEOF_SA_FAMILY_T.c
D:\Code\DC-Cryptocurrency\DCC-Miner\out\build\x64-release\CMakeFiles\CheckTypeSize\SIZEOF_SA_FAMILY_T.c(3): fatal error C1083: Cannot open include file: 'sys/socket.h': No such file or directory
ninja: build stopped: subcommand failed.


D:/Code/DC-Cryptocurrency/DCC-Miner/out/build/x64-release/CMakeFiles/CheckTypeSize/SIZEOF_SA_FAMILY_T.c:
#include <sys/types.h>
#include <stddef.h>
#include "sys/socket.h"


#undef KEY
#if defined(__i386)
# define KEY '_','_','i','3','8','6'
#elif defined(__x86_64)
# define KEY '_','_','x','8','6','_','6','4'
#elif defined(__PPC64__)
# define KEY '_','_','P','P','C','6','4','_','_'
#elif defined(__ppc64__)
# define KEY '_','_','p','p','c','6','4','_','_'
#elif defined(__PPC__)
# define KEY '_','_','P','P','C','_','_'
#elif defined(__ppc__)
# define KEY '_','_','p','p','c','_','_'
#elif defined(__aarch64__)
# define KEY '_','_','a','a','r','c','h','6','4','_','_'
#elif defined(__ARM_ARCH_7A__)
# define KEY '_','_','A','R','M','_','A','R','C','H','_','7','A','_','_'
#elif defined(__ARM_ARCH_7S__)
# define KEY '_','_','A','R','M','_','A','R','C','H','_','7','S','_','_'
#endif

#define SIZE (sizeof(sa_family_t))
static char info_size[] =  {'I', 'N', 'F', 'O', ':', 's','i','z','e','[',
  ('0' + ((SIZE / 10000)%10)),
  ('0' + ((SIZE / 1000)%10)),
  ('0' + ((SIZE / 100)%10)),
  ('0' + ((SIZE / 10)%10)),
  ('0' +  (SIZE    % 10)),
  ']',
#ifdef KEY
  ' ','k','e','y','[', KEY, ']',
#endif
  '\0'};

#ifdef __CLASSIC_C__
int main(argc, argv) int argc; char *argv[];
#else
int main(int argc, char *argv[])
#endif
{
  int require = 0;
  require += info_size[argc];
  (void)argv;
  return require;
}


Determining size of ADDRESS_FAMILY failed with the following output:
Change Dir: D:/Code/DC-Cryptocurrency/DCC-Miner/out/build/x64-release/CMakeFiles/CMakeTmp

Run Build Command(s):C:/Program Files/Microsoft Visual Studio/2022/Preview/Common7/IDE/CommonExtensions/Microsoft/CMake/Ninja/ninja.exe cmTC_1acba && [1/2] Building C object CMakeFiles\cmTC_1acba.dir\SIZEOF_ADDRESS_FAMILY.c.obj
FAILED: CMakeFiles/cmTC_1acba.dir/SIZEOF_ADDRESS_FAMILY.c.obj 
C:\PROGRA~1\MICROS~1\2022\Preview\VC\Tools\MSVC\1432~1.313\bin\Hostx64\x64\cl.exe  /nologo   /DWIN32 /D_WINDOWS /W3  /MDd /Zi /Ob0 /Od /RTC1    -D_WIN32_WINNT=0x0600 -D_WINSOCKAPI_= -DSECURITY_WIN32 /showIncludes /FoCMakeFiles\cmTC_1acba.dir\SIZEOF_ADDRESS_FAMILY.c.obj /FdCMakeFiles\cmTC_1acba.dir\ /FS -c D:\Code\DC-Cryptocurrency\DCC-Miner\out\build\x64-release\CMakeFiles\CheckTypeSize\SIZEOF_ADDRESS_FAMILY.c
C:\Program Files (x86)\Windows Kits\10\include\10.0.19041.0\shared\ws2def.h(47): fatal error C1189: #error:  Do not include winsock.h and ws2def.h in the same module. Instead include only winsock2.h.
ninja: build stopped: subcommand failed.


D:/Code/DC-Cryptocurrency/DCC-Miner/out/build/x64-release/CMakeFiles/CheckTypeSize/SIZEOF_ADDRESS_FAMILY.c:
#include <sys/types.h>
#include <stddef.h>
#include "ws2def.h"


#undef KEY
#if defined(__i386)
# define KEY '_','_','i','3','8','6'
#elif defined(__x86_64)
# define KEY '_','_','x','8','6','_','6','4'
#elif defined(__PPC64__)
# define KEY '_','_','P','P','C','6','4','_','_'
#elif defined(__ppc64__)
# define KEY '_','_','p','p','c','6','4','_','_'
#elif defined(__PPC__)
# define KEY '_','_','P','P','C','_','_'
#elif defined(__ppc__)
# define KEY '_','_','p','p','c','_','_'
#elif defined(__aarch64__)
# define KEY '_','_','a','a','r','c','h','6','4','_','_'
#elif defined(__ARM_ARCH_7A__)
# define KEY '_','_','A','R','M','_','A','R','C','H','_','7','A','_','_'
#elif defined(__ARM_ARCH_7S__)
# define KEY '_','_','A','R','M','_','A','R','C','H','_','7','S','_','_'
#endif

#define SIZE (sizeof(ADDRESS_FAMILY))
static char info_size[] =  {'I', 'N', 'F', 'O', ':', 's','i','z','e','[',
  ('0' + ((SIZE / 10000)%10)),
  ('0' + ((SIZE / 1000)%10)),
  ('0' + ((SIZE / 100)%10)),
  ('0' + ((SIZE / 10)%10)),
  ('0' +  (SIZE    % 10)),
  ']',
#ifdef KEY
  ' ','k','e','y','[', KEY, ']',
#endif
  '\0'};

#ifdef __CLASSIC_C__
int main(argc, argv) int argc; char *argv[];
#else
int main(int argc, char *argv[])
#endif
{
  int require = 0;
  require += info_size[argc];
  (void)argv;
  return require;
}


Performing Curl Test HAVE_FCNTL_O_NONBLOCK failed with the following output:
Change Dir: D:/Code/DC-Cryptocurrency/DCC-Miner/out/build/x64-release/CMakeFiles/CMakeTmp

Run Build Command(s):C:/Program Files/Microsoft Visual Studio/2022/Preview/Common7/IDE/CommonExtensions/Microsoft/CMake/Ninja/ninja.exe cmTC_ba270 && [1/2] Building C object CMakeFiles\cmTC_ba270.dir\CurlTests.c.obj
FAILED: CMakeFiles/cmTC_ba270.dir/CurlTests.c.obj 
C:\PROGRA~1\MICROS~1\2022\Preview\VC\Tools\MSVC\1432~1.313\bin\Hostx64\x64\cl.exe  /nologo   /DWIN32 /D_WINDOWS /W3 -DHAVE_FCNTL_O_NONBLOCK  -DHAVE_WINDOWS_H -DHAVE_WS2TCPIP_H -DHAVE_WINSOCK2_H -DHAVE_WINCRYPT_H -DHAVE_STDIO_H -DHAVE_SYS_STAT_H -DHAVE_SYS_TYPES_H -DHAVE_SYS_UTIME_H -DHAVE_ASSERT_H -DHAVE_ERRNO_H -DHAVE_FCNTL_H -DHAVE_IO_H -DHAVE_LOCALE_H -DHAVE_SETJMP_H -DHAVE_SIGNAL_H -DHAVE_STDBOOL_H -DHAVE_STDIO_H -DHAVE_STDLIB_H -DHAVE_STRING_H -DHAVE_TIME_H -DHAVE_PROCESS_H -DHAVE_STDDEF_H -DHAVE_MALLOC_H -DHAVE_MEMORY_H /MDd /Zi /Ob0 /Od /RTC1 /showIncludes /FoCMakeFiles\cmTC_ba270.dir\CurlTests.c.obj /FdCMakeFiles\cmTC_ba270.dir\ /FS -c D:\Code\DC-Cryptocurrency\DCC-Miner\out\build\x64-release\_deps\curl-src\CMake\CurlTests.c
D:\Code\DC-Cryptocurrency\DCC-Miner\out\build\x64-release\_deps\curl-src\CMake\CurlTests.c(44): fatal error C1083: Cannot open include file: 'unistd.h': No such file or directory
ninja: build stopped: subcommand failed.


Performing Curl Test HAVE_IOCTLSOCKET_CAMEL failed with the following output:
Change Dir: D:/Code/DC-Cryptocurrency/DCC-Miner/out/build/x64-release/CMakeFiles/CMakeTmp

Run Build Command(s):C:/Program Files/Microsoft Visual Studio/2022/Preview/Common7/IDE/CommonExtensions/Microsoft/CMake/Ninja/ninja.exe cmTC_64d07 && [1/2] Building C object CMakeFiles\cmTC_64d07.dir\CurlTests.c.obj
D:\Code\DC-Cryptocurrency\DCC-Miner\out\build\x64-release\_deps\curl-src\CMake\CurlTests.c(265): warning C4013: 'IoctlSocket' undefined; assuming extern returning int
[2/2] Linking C executable cmTC_64d07.exe
FAILED: cmTC_64d07.exe 
cmd.exe /C "cd . && "C:\Program Files\Microsoft Visual Studio\2022\Preview\Common7\IDE\CommonExtensions\Microsoft\CMake\CMake\bin\cmake.exe" -E vs_link_exe --intdir=CMakeFiles\cmTC_64d07.dir --rc=C:\PROGRA~2\WI3CF2~1\10\bin\100190~1.0\x64\rc.exe --mt=C:\PROGRA~2\WI3CF2~1\10\bin\100190~1.0\x64\mt.exe --manifests  -- C:\PROGRA~1\MICROS~1\2022\Preview\VC\Tools\MSVC\1432~1.313\bin\Hostx64\x64\link.exe /nologo CMakeFiles\cmTC_64d07.dir\CurlTests.c.obj  /out:cmTC_64d07.exe /implib:cmTC_64d07.lib /pdb:cmTC_64d07.pdb /version:0.0 /machine:x64  /debug /INCREMENTAL /subsystem:console  ws2_32.lib  kernel32.lib user32.lib gdi32.lib winspool.lib shell32.lib ole32.lib oleaut32.lib uuid.lib comdlg32.lib advapi32.lib && cd ."
LINK Pass 1: command "C:\PROGRA~1\MICROS~1\2022\Preview\VC\Tools\MSVC\1432~1.313\bin\Hostx64\x64\link.exe /nologo CMakeFiles\cmTC_64d07.dir\CurlTests.c.obj /out:cmTC_64d07.exe /implib:cmTC_64d07.lib /pdb:cmTC_64d07.pdb /version:0.0 /machine:x64 /debug /INCREMENTAL /subsystem:console ws2_32.lib kernel32.lib user32.lib gdi32.lib winspool.lib shell32.lib ole32.lib oleaut32.lib uuid.lib comdlg32.lib advapi32.lib /MANIFEST /MANIFESTFILE:CMakeFiles\cmTC_64d07.dir/intermediate.manifest CMakeFiles\cmTC_64d07.dir/manifest.res" failed (exit code 1120) with the following output:
CurlTests.c.obj : error LNK2019: unresolved external symbol IoctlSocket referenced in function main
cmTC_64d07.exe : fatal error LNK1120: 1 unresolved externals
ninja: build stopped: subcommand failed.


Performing Curl Test HAVE_IOCTLSOCKET_CAMEL_FIONBIO failed with the following output:
Change Dir: D:/Code/DC-Cryptocurrency/DCC-Miner/out/build/x64-release/CMakeFiles/CMakeTmp

Run Build Command(s):C:/Program Files/Microsoft Visual Studio/2022/Preview/Common7/IDE/CommonExtensions/Microsoft/CMake/Ninja/ninja.exe cmTC_a3072 && [1/2] Building C object CMakeFiles\cmTC_a3072.dir\CurlTests.c.obj
D:\Code\DC-Cryptocurrency\DCC-Miner\out\build\x64-release\_deps\curl-src\CMake\CurlTests.c(289): warning C4013: 'IoctlSocket' undefined; assuming extern returning int
[2/2] Linking C executable cmTC_a3072.exe
FAILED: cmTC_a3072.exe 
cmd.exe /C "cd . && "C:\Program Files\Microsoft Visual Studio\2022\Preview\Common7\IDE\CommonExtensions\Microsoft\CMake\CMake\bin\cmake.exe" -E vs_link_exe --intdir=CMakeFiles\cmTC_a3072.dir --rc=C:\PROGRA~2\WI3CF2~1\10\bin\100190~1.0\x64\rc.exe --mt=C:\PROGRA~2\WI3CF2~1\10\bin\100190~1.0\x64\mt.exe --manifests  -- C:\PROGRA~1\MICROS~1\2022\Preview\VC\Tools\MSVC\1432~1.313\bin\Hostx64\x64\link.exe /nologo CMakeFiles\cmTC_a3072.dir\CurlTests.c.obj  /out:cmTC_a3072.exe /implib:cmTC_a3072.lib /pdb:cmTC_a3072.pdb /version:0.0 /machine:x64  /debug /INCREMENTAL /subsystem:console  ws2_32.lib  kernel32.lib user32.lib gdi32.lib winspool.lib shell32.lib ole32.lib oleaut32.lib uuid.lib comdlg32.lib advapi32.lib && cd ."
LINK Pass 1: command "C:\PROGRA~1\MICROS~1\2022\Preview\VC\Tools\MSVC\1432~1.313\bin\Hostx64\x64\link.exe /nologo CMakeFiles\cmTC_a3072.dir\CurlTests.c.obj /out:cmTC_a3072.exe /implib:cmTC_a3072.lib /pdb:cmTC_a3072.pdb /version:0.0 /machine:x64 /debug /INCREMENTAL /subsystem:console ws2_32.lib kernel32.lib user32.lib gdi32.lib winspool.lib shell32.lib ole32.lib oleaut32.lib uuid.lib comdlg32.lib advapi32.lib /MANIFEST /MANIFESTFILE:CMakeFiles\cmTC_a3072.dir/intermediate.manifest CMakeFiles\cmTC_a3072.dir/manifest.res" failed (exit code 1120) with the following output:
CurlTests.c.obj : error LNK2019: unresolved external symbol IoctlSocket referenced in function main
cmTC_a3072.exe : fatal error LNK1120: 1 unresolved externals
ninja: build stopped: subcommand failed.


Performing Curl Test HAVE_IOCTL_FIONBIO failed with the following output:
Change Dir: D:/Code/DC-Cryptocurrency/DCC-Miner/out/build/x64-release/CMakeFiles/CMakeTmp

Run Build Command(s):C:/Program Files/Microsoft Visual Studio/2022/Preview/Common7/IDE/CommonExtensions/Microsoft/CMake/Ninja/ninja.exe cmTC_b4f29 && [1/2] Building C object CMakeFiles\cmTC_b4f29.dir\CurlTests.c.obj
FAILED: CMakeFiles/cmTC_b4f29.dir/CurlTests.c.obj 
C:\PROGRA~1\MICROS~1\2022\Preview\VC\Tools\MSVC\1432~1.313\bin\Hostx64\x64\cl.exe  /nologo   /DWIN32 /D_WINDOWS /W3 -DHAVE_IOCTL_FIONBIO  -DHAVE_WINDOWS_H -DHAVE_WS2TCPIP_H -DHAVE_WINSOCK2_H -DHAVE_WINCRYPT_H -DHAVE_STDIO_H -DHAVE_SYS_STAT_H -DHAVE_SYS_TYPES_H -DHAVE_SYS_UTIME_H -DHAVE_ASSERT_H -DHAVE_ERRNO_H -DHAVE_FCNTL_H -DHAVE_IO_H -DHAVE_LOCALE_H -DHAVE_SETJMP_H -DHAVE_SIGNAL_H -DHAVE_STDBOOL_H -DHAVE_STDIO_H -DHAVE_STDLIB_H -DHAVE_STRING_H -DHAVE_TIME_H -DHAVE_PROCESS_H -DHAVE_STDDEF_H -DHAVE_MALLOC_H -DHAVE_MEMORY_H /MDd /Zi /Ob0 /Od /RTC1 /showIncludes /FoCMakeFiles\cmTC_b4f29.dir\CurlTests.c.obj /FdCMakeFiles\cmTC_b4f29.dir\ /FS -c D:\Code\DC-Cryptocurrency\DCC-Miner\out\build\x64-release\_deps\curl-src\CMake\CurlTests.c
D:\Code\DC-Cryptocurrency\DCC-Miner\out\build\x64-release\_deps\curl-src\CMake\CurlTests.c(343): warning C4013: 'ioctl' undefined; assuming extern returning int
D:\Code\DC-Cryptocurrency\DCC-Miner\out\build\x64-release\_deps\curl-src\CMake\CurlTests.c(343): error C2065: 'FIONBIO': undeclared identifier
ninja: build stopped: subcommand failed.


Performing Curl Test HAVE_IOCTL_SIOCGIFADDR failed with the following output:
Change Dir: D:/Code/DC-Cryptocurrency/DCC-Miner/out/build/x64-release/CMakeFiles/CMakeTmp

Run Build Command(s):C:/Program Files/Microsoft Visual Studio/2022/Preview/Common7/IDE/CommonExtensions/Microsoft/CMake/Ninja/ninja.exe cmTC_054ec && [1/2] Building C object CMakeFiles\cmTC_054ec.dir\CurlTests.c.obj
FAILED: CMakeFiles/cmTC_054ec.dir/CurlTests.c.obj 
C:\PROGRA~1\MICROS~1\2022\Preview\VC\Tools\MSVC\1432~1.313\bin\Hostx64\x64\cl.exe  /nologo   /DWIN32 /D_WINDOWS /W3 -DHAVE_IOCTL_SIOCGIFADDR  -DHAVE_WINDOWS_H -DHAVE_WS2TCPIP_H -DHAVE_WINSOCK2_H -DHAVE_WINCRYPT_H -DHAVE_STDIO_H -DHAVE_SYS_STAT_H -DHAVE_SYS_TYPES_H -DHAVE_SYS_UTIME_H -DHAVE_ASSERT_H -DHAVE_ERRNO_H -DHAVE_FCNTL_H -DHAVE_IO_H -DHAVE_LOCALE_H -DHAVE_SETJMP_H -DHAVE_SIGNAL_H -DHAVE_STDBOOL_H -DHAVE_STDIO_H -DHAVE_STDLIB_H -DHAVE_STRING_H -DHAVE_TIME_H -DHAVE_PROCESS_H -DHAVE_STDDEF_H -DHAVE_MALLOC_H -DHAVE_MEMORY_H /MDd /Zi /Ob0 /Od /RTC1 /showIncludes /FoCMakeFiles\cmTC_054ec.dir\CurlTests.c.obj /FdCMakeFiles\cmTC_054ec.dir\ /FS -c D:\Code\DC-Cryptocurrency\DCC-Miner\out\build\x64-release\_deps\curl-src\CMake\CurlTests.c
D:\Code\DC-Cryptocurrency\DCC-Miner\out\build\x64-release\_deps\curl-src\CMake\CurlTests.c(368): fatal error C1083: Cannot open include file: 'net/if.h': No such file or directory
ninja: build stopped: subcommand failed.


Performing Curl Test HAVE_SETSOCKOPT_SO_NONBLOCK failed with the following output:
Change Dir: D:/Code/DC-Cryptocurrency/DCC-Miner/out/build/x64-release/CMakeFiles/CMakeTmp

Run Build Command(s):C:/Program Files/Microsoft Visual Studio/2022/Preview/Common7/IDE/CommonExtensions/Microsoft/CMake/Ninja/ninja.exe cmTC_1e950 && [1/2] Building C object CMakeFiles\cmTC_1e950.dir\CurlTests.c.obj
FAILED: CMakeFiles/cmTC_1e950.dir/CurlTests.c.obj 
C:\PROGRA~1\MICROS~1\2022\Preview\VC\Tools\MSVC\1432~1.313\bin\Hostx64\x64\cl.exe  /nologo   /DWIN32 /D_WINDOWS /W3 -DHAVE_SETSOCKOPT_SO_NONBLOCK  -DHAVE_WINDOWS_H -DHAVE_WS2TCPIP_H -DHAVE_WINSOCK2_H -DHAVE_WINCRYPT_H -DHAVE_STDIO_H -DHAVE_SYS_STAT_H -DHAVE_SYS_TYPES_H -DHAVE_SYS_UTIME_H -DHAVE_ASSERT_H -DHAVE_ERRNO_H -DHAVE_FCNTL_H -DHAVE_IO_H -DHAVE_LOCALE_H -DHAVE_SETJMP_H -DHAVE_SIGNAL_H -DHAVE_STDBOOL_H -DHAVE_STDIO_H -DHAVE_STDLIB_H -DHAVE_STRING_H -DHAVE_TIME_H -DHAVE_PROCESS_H -DHAVE_STDDEF_H -DHAVE_MALLOC_H -DHAVE_MEMORY_H /MDd /Zi /Ob0 /Od /RTC1 /showIncludes /FoCMakeFiles\cmTC_1e950.dir\CurlTests.c.obj /FdCMakeFiles\cmTC_1e950.dir\ /FS -c D:\Code\DC-Cryptocurrency\DCC-Miner\out\build\x64-release\_deps\curl-src\CMake\CurlTests.c
D:\Code\DC-Cryptocurrency\DCC-Miner\out\build\x64-release\_deps\curl-src\CMake\CurlTests.c(404): error C2065: 'SO_NONBLOCK': undeclared identifier
ninja: build stopped: subcommand failed.


Performing Curl Test HAVE_SOCKADDR_IN6_SIN6_SCOPE_ID failed with the following output:
Change Dir: D:/Code/DC-Cryptocurrency/DCC-Miner/out/build/x64-release/CMakeFiles/CMakeTmp

Run Build Command(s):C:/Program Files/Microsoft Visual Studio/2022/Preview/Common7/IDE/CommonExtensions/Microsoft/CMake/Ninja/ninja.exe cmTC_26423 && [1/2] Building C object CMakeFiles\cmTC_26423.dir\CurlTests.c.obj
[2/2] Linking C executable cmTC_26423.exe
FAILED: cmTC_26423.exe 
cmd.exe /C "cd . && "C:\Program Files\Microsoft Visual Studio\2022\Preview\Common7\IDE\CommonExtensions\Microsoft\CMake\CMake\bin\cmake.exe" -E vs_link_exe --intdir=CMakeFiles\cmTC_26423.dir --rc=C:\PROGRA~2\WI3CF2~1\10\bin\100190~1.0\x64\rc.exe --mt=C:\PROGRA~2\WI3CF2~1\10\bin\100190~1.0\x64\mt.exe --manifests  -- C:\PROGRA~1\MICROS~1\2022\Preview\VC\Tools\MSVC\1432~1.313\bin\Hostx64\x64\link.exe /nologo CMakeFiles\cmTC_26423.dir\CurlTests.c.obj  /out:cmTC_26423.exe /implib:cmTC_26423.lib /pdb:cmTC_26423.pdb /version:0.0 /machine:x64  /debug /INCREMENTAL /subsystem:console  ws2_32.lib  kernel32.lib user32.lib gdi32.lib winspool.lib shell32.lib ole32.lib oleaut32.lib uuid.lib comdlg32.lib advapi32.lib && cd ."
LINK Pass 1: command "C:\PROGRA~1\MICROS~1\2022\Preview\VC\Tools\MSVC\1432~1.313\bin\Hostx64\x64\link.exe /nologo CMakeFiles\cmTC_26423.dir\CurlTests.c.obj /out:cmTC_26423.exe /implib:cmTC_26423.lib /pdb:cmTC_26423.pdb /version:0.0 /machine:x64 /debug /INCREMENTAL /subsystem:console ws2_32.lib kernel32.lib user32.lib gdi32.lib winspool.lib shell32.lib ole32.lib oleaut32.lib uuid.lib comdlg32.lib advapi32.lib /MANIFEST /MANIFESTFILE:CMakeFiles\cmTC_26423.dir/intermediate.manifest CMakeFiles\cmTC_26423.dir/manifest.res" failed (exit code 1120) with the following output:
MSVCRTD.lib(exe_main.obj) : error LNK2019: unresolved external symbol main referenced in function "int __cdecl invoke_main(void)" (?invoke_main@@YAHXZ)
cmTC_26423.exe : fatal error LNK1120: 1 unresolved externals
ninja: build stopped: subcommand failed.


Performing Curl Test HAVE_FILE_OFFSET_BITS failed with the following output:
Change Dir: D:/Code/DC-Cryptocurrency/DCC-Miner/out/build/x64-release/CMakeFiles/CMakeTmp

Run Build Command(s):C:/Program Files/Microsoft Visual Studio/2022/Preview/Common7/IDE/CommonExtensions/Microsoft/CMake/Ninja/ninja.exe cmTC_fe41d && [1/2] Building C object CMakeFiles\cmTC_fe41d.dir\CurlTests.c.obj
FAILED: CMakeFiles/cmTC_fe41d.dir/CurlTests.c.obj 
C:\PROGRA~1\MICROS~1\2022\Preview\VC\Tools\MSVC\1432~1.313\bin\Hostx64\x64\cl.exe  /nologo   /DWIN32 /D_WINDOWS /W3 -DHAVE_FILE_OFFSET_BITS  -DHAVE_WINDOWS_H -DHAVE_WS2TCPIP_H -DHAVE_WINSOCK2_H -DHAVE_WINCRYPT_H -DHAVE_STDIO_H -DHAVE_SYS_STAT_H -DHAVE_SYS_TYPES_H -DHAVE_SYS_UTIME_H -DHAVE_ASSERT_H -DHAVE_ERRNO_H -DHAVE_FCNTL_H -DHAVE_IO_H -DHAVE_LOCALE_H -DHAVE_SETJMP_H -DHAVE_SIGNAL_H -DHAVE_STDBOOL_H -DHAVE_STDIO_H -DHAVE_STDLIB_H -DHAVE_STRING_H -DHAVE_TIME_H -DHAVE_PROCESS_H -DHAVE_STDDEF_H -DHAVE_MALLOC_H -DHAVE_MEMORY_H /MDd /Zi /Ob0 /Od /RTC1 /showIncludes /FoCMakeFiles\cmTC_fe41d.dir\CurlTests.c.obj /FdCMakeFiles\cmTC_fe41d.dir\ /FS -c D:\Code\DC-Cryptocurrency\DCC-Miner\out\build\x64-release\_deps\curl-src\CMake\CurlTests.c
D:\Code\DC-Cryptocurrency\DCC-Miner\out\build\x64-release\_deps\curl-src\CMake\CurlTests.c(218): warning C4293: '<<': shift count negative or too big, undefined behavior
D:\Code\DC-Cryptocurrency\DCC-Miner\out\build\x64-release\_deps\curl-src\CMake\CurlTests.c(219): warning C4293: '<<': shift count negative or too big, undefined behavior
D:\Code\DC-Cryptocurrency\DCC-Miner\out\build\x64-release\_deps\curl-src\CMake\CurlTests.c(220): error C2118: negative subscript
ninja: build stopped: subcommand failed.


Performing Curl Test HAVE_VARIADIC_MACROS_GCC failed with the following output:
Change Dir: D:/Code/DC-Cryptocurrency/DCC-Miner/out/build/x64-release/CMakeFiles/CMakeTmp

Run Build Command(s):C:/Program Files/Microsoft Visual Studio/2022/Preview/Common7/IDE/CommonExtensions/Microsoft/CMake/Ninja/ninja.exe cmTC_9a20b && [1/2] Building C object CMakeFiles\cmTC_9a20b.dir\CurlTests.c.obj
FAILED: CMakeFiles/cmTC_9a20b.dir/CurlTests.c.obj 
C:\PROGRA~1\MICROS~1\2022\Preview\VC\Tools\MSVC\1432~1.313\bin\Hostx64\x64\cl.exe  /nologo   /DWIN32 /D_WINDOWS /W3 -DHAVE_VARIADIC_MACROS_GCC  -DHAVE_WINDOWS_H -DHAVE_WS2TCPIP_H -DHAVE_WINSOCK2_H -DHAVE_WINCRYPT_H -DHAVE_STDIO_H -DHAVE_SYS_STAT_H -DHAVE_SYS_TYPES_H -DHAVE_SYS_UTIME_H -DHAVE_ASSERT_H -DHAVE_ERRNO_H -DHAVE_FCNTL_H -DHAVE_IO_H -DHAVE_LOCALE_H -DHAVE_SETJMP_H -DHAVE_SIGNAL_H -DHAVE_STDBOOL_H -DHAVE_STDIO_H -DHAVE_STDLIB_H -DHAVE_STRING_H -DHAVE_TIME_H -DHAVE_PROCESS_H -DHAVE_STDDEF_H -DHAVE_MALLOC_H -DHAVE_MEMORY_H /MDd /Zi /Ob0 /Od /RTC1 /showIncludes /FoCMakeFiles\cmTC_9a20b.dir\CurlTests.c.obj /FdCMakeFiles\cmTC_9a20b.dir\ /FS -c D:\Code\DC-Cryptocurrency\DCC-Miner\out\build\x64-release\_deps\curl-src\CMake\CurlTests.c
D:\Code\DC-Cryptocurrency\DCC-Miner\out\build\x64-release\_deps\curl-src\CMake\CurlTests.c(495): error C2010: '.': unexpected in macro parameter list
D:\Code\DC-Cryptocurrency\DCC-Miner\out\build\x64-release\_deps\curl-src\CMake\CurlTests.c(496): error C2010: '.': unexpected in macro parameter list
ninja: build stopped: subcommand failed.


Performing Curl Test HAVE_GLIBC_STRERROR_R failed with the following output:
Change Dir: D:/Code/DC-Cryptocurrency/DCC-Miner/out/build/x64-release/CMakeFiles/CMakeTmp

Run Build Command(s):C:/Program Files/Microsoft Visual Studio/2022/Preview/Common7/IDE/CommonExtensions/Microsoft/CMake/Ninja/ninja.exe cmTC_12cc7 && [1/2] Building C object CMakeFiles\cmTC_12cc7.dir\CurlTests.c.obj
FAILED: CMakeFiles/cmTC_12cc7.dir/CurlTests.c.obj 
C:\PROGRA~1\MICROS~1\2022\Preview\VC\Tools\MSVC\1432~1.313\bin\Hostx64\x64\cl.exe  /nologo   /DWIN32 /D_WINDOWS /W3 -DHAVE_GLIBC_STRERROR_R  -DHAVE_WINDOWS_H -DHAVE_WS2TCPIP_H -DHAVE_WINSOCK2_H -DHAVE_WINCRYPT_H -DHAVE_STDIO_H -DHAVE_SYS_STAT_H -DHAVE_SYS_TYPES_H -DHAVE_SYS_UTIME_H -DHAVE_ASSERT_H -DHAVE_ERRNO_H -DHAVE_FCNTL_H -DHAVE_IO_H -DHAVE_LOCALE_H -DHAVE_SETJMP_H -DHAVE_SIGNAL_H -DHAVE_STDBOOL_H -DHAVE_STDIO_H -DHAVE_STDLIB_H -DHAVE_STRING_H -DHAVE_TIME_H -DHAVE_PROCESS_H -DHAVE_STDDEF_H -DHAVE_MALLOC_H -DHAVE_MEMORY_H /MDd /Zi /Ob0 /Od /RTC1 /showIncludes /FoCMakeFiles\cmTC_12cc7.dir\CurlTests.c.obj /FdCMakeFiles\cmTC_12cc7.dir\ /FS -c D:\Code\DC-Cryptocurrency\DCC-Miner\out\build\x64-release\_deps\curl-src\CMake\CurlTests.c
D:\Code\DC-Cryptocurrency\DCC-Miner\out\build\x64-release\_deps\curl-src\CMake\CurlTests.c(420): warning C4013: 'strerror_r' undefined; assuming extern returning int
D:\Code\DC-Cryptocurrency\DCC-Miner\out\build\x64-release\_deps\curl-src\CMake\CurlTests.c(420): error C2109: subscript requires array or pointer type
D:\Code\DC-Cryptocurrency\DCC-Miner\out\build\x64-release\_deps\curl-src\CMake\CurlTests.c(420): error C2198: 'check': too few arguments for call
ninja: build stopped: subcommand failed.


Performing Curl Test HAVE_POSIX_STRERROR_R failed with the following output:
Change Dir: D:/Code/DC-Cryptocurrency/DCC-Miner/out/build/x64-release/CMakeFiles/CMakeTmp

Run Build Command(s):C:/Program Files/Microsoft Visual Studio/2022/Preview/Common7/IDE/CommonExtensions/Microsoft/CMake/Ninja/ninja.exe cmTC_32706 && [1/2] Building C object CMakeFiles\cmTC_32706.dir\CurlTests.c.obj
D:\Code\DC-Cryptocurrency\DCC-Miner\out\build\x64-release\_deps\curl-src\CMake\CurlTests.c(435): warning C4013: 'strerror_r' undefined; assuming extern returning int
D:\Code\DC-Cryptocurrency\DCC-Miner\out\build\x64-release\_deps\curl-src\CMake\CurlTests.c(435): warning C4244: 'function': conversion from 'int' to 'float', possible loss of data
[2/2] Linking C executable cmTC_32706.exe
FAILED: cmTC_32706.exe 
cmd.exe /C "cd . && "C:\Program Files\Microsoft Visual Studio\2022\Preview\Common7\IDE\CommonExtensions\Microsoft\CMake\CMake\bin\cmake.exe" -E vs_link_exe --intdir=CMakeFiles\cmTC_32706.dir --rc=C:\PROGRA~2\WI3CF2~1\10\bin\100190~1.0\x64\rc.exe --mt=C:\PROGRA~2\WI3CF2~1\10\bin\100190~1.0\x64\mt.exe --manifests  -- C:\PROGRA~1\MICROS~1\2022\Preview\VC\Tools\MSVC\1432~1.313\bin\Hostx64\x64\link.exe /nologo CMakeFiles\cmTC_32706.dir\CurlTests.c.obj  /out:cmTC_32706.exe /implib:cmTC_32706.lib /pdb:cmTC_32706.pdb /version:0.0 /machine:x64  /debug /INCREMENTAL /subsystem:console  ws2_32.lib  kernel32.lib user32.lib gdi32.lib winspool.lib shell32.lib ole32.lib oleaut32.lib uuid.lib comdlg32.lib advapi32.lib && cd ."
LINK Pass 1: command "C:\PROGRA~1\MICROS~1\2022\Preview\VC\Tools\MSVC\1432~1.313\bin\Hostx64\x64\link.exe /nologo CMakeFiles\cmTC_32706.dir\CurlTests.c.obj /out:cmTC_32706.exe /implib:cmTC_32706.lib /pdb:cmTC_32706.pdb /version:0.0 /machine:x64 /debug /INCREMENTAL /subsystem:console ws2_32.lib kernel32.lib user32.lib gdi32.lib winspool.lib shell32.lib ole32.lib oleaut32.lib uuid.lib comdlg32.lib advapi32.lib /MANIFEST /MANIFESTFILE:CMakeFiles\cmTC_32706.dir/intermediate.manifest CMakeFiles\cmTC_32706.dir/manifest.res" failed (exit code 1120) with the following output:
CurlTests.c.obj : error LNK2019: unresolved external symbol strerror_r referenced in function main
cmTC_32706.exe : fatal error LNK1120: 1 unresolved externals
ninja: build stopped: subcommand failed.


Performing Curl Test HAVE_CLOCK_GETTIME_MONOTONIC failed with the following output:
Change Dir: D:/Code/DC-Cryptocurrency/DCC-Miner/out/build/x64-release/CMakeFiles/CMakeTmp

Run Build Command(s):C:/Program Files/Microsoft Visual Studio/2022/Preview/Common7/IDE/CommonExtensions/Microsoft/CMake/Ninja/ninja.exe cmTC_53eac && [1/2] Building C object CMakeFiles\cmTC_53eac.dir\CurlTests.c.obj
FAILED: CMakeFiles/cmTC_53eac.dir/CurlTests.c.obj 
C:\PROGRA~1\MICROS~1\2022\Preview\VC\Tools\MSVC\1432~1.313\bin\Hostx64\x64\cl.exe  /nologo   /DWIN32 /D_WINDOWS /W3 -DHAVE_CLOCK_GETTIME_MONOTONIC  -DHAVE_WINDOWS_H -DHAVE_WS2TCPIP_H -DHAVE_WINSOCK2_H -DHAVE_WINCRYPT_H -DHAVE_STDIO_H -DHAVE_SYS_STAT_H -DHAVE_SYS_TYPES_H -DHAVE_SYS_UTIME_H -DHAVE_ASSERT_H -DHAVE_ERRNO_H -DHAVE_FCNTL_H -DHAVE_IO_H -DHAVE_LOCALE_H -DHAVE_SETJMP_H -DHAVE_SIGNAL_H -DHAVE_STDBOOL_H -DHAVE_STDIO_H -DHAVE_STDLIB_H -DHAVE_STRING_H -DHAVE_TIME_H -DHAVE_PROCESS_H -DHAVE_STDDEF_H -DHAVE_MALLOC_H -DHAVE_MEMORY_H /MDd /Zi /Ob0 /Od /RTC1 /showIncludes /FoCMakeFiles\cmTC_53eac.dir\CurlTests.c.obj /FdCMakeFiles\cmTC_53eac.dir\ /FS -c D:\Code\DC-Cryptocurrency\DCC-Miner\out\build\x64-release\_deps\curl-src\CMake\CurlTests.c
D:\Code\DC-Cryptocurrency\DCC-Miner\out\build\x64-release\_deps\curl-src\CMake\CurlTests.c(460): warning C4013: 'clock_gettime' undefined; assuming extern returning int
D:\Code\DC-Cryptocurrency\DCC-Miner\out\build\x64-release\_deps\curl-src\CMake\CurlTests.c(460): error C2065: 'CLOCK_MONOTONIC': undeclared identifier
ninja: build stopped: subcommand failed.


Performing Curl Test HAVE_BUILTIN_AVAILABLE failed with the following output:
Change Dir: D:/Code/DC-Cryptocurrency/DCC-Miner/out/build/x64-release/CMakeFiles/CMakeTmp

Run Build Command(s):C:/Program Files/Microsoft Visual Studio/2022/Preview/Common7/IDE/CommonExtensions/Microsoft/CMake/Ninja/ninja.exe cmTC_77cac && [1/2] Building C object CMakeFiles\cmTC_77cac.dir\CurlTests.c.obj
FAILED: CMakeFiles/cmTC_77cac.dir/CurlTests.c.obj 
C:\PROGRA~1\MICROS~1\2022\Preview\VC\Tools\MSVC\1432~1.313\bin\Hostx64\x64\cl.exe  /nologo   /DWIN32 /D_WINDOWS /W3 -DHAVE_BUILTIN_AVAILABLE  -DHAVE_WINDOWS_H -DHAVE_WS2TCPIP_H -DHAVE_WINSOCK2_H -DHAVE_WINCRYPT_H -DHAVE_STDIO_H -DHAVE_SYS_STAT_H -DHAVE_SYS_TYPES_H -DHAVE_SYS_UTIME_H -DHAVE_ASSERT_H -DHAVE_ERRNO_H -DHAVE_FCNTL_H -DHAVE_IO_H -DHAVE_LOCALE_H -DHAVE_SETJMP_H -DHAVE_SIGNAL_H -DHAVE_STDBOOL_H -DHAVE_STDIO_H -DHAVE_STDLIB_H -DHAVE_STRING_H -DHAVE_TIME_H -DHAVE_PROCESS_H -DHAVE_STDDEF_H -DHAVE_MALLOC_H -DHAVE_MEMORY_H /MDd /Zi /Ob0 /Od /RTC1 /showIncludes /FoCMakeFiles\cmTC_77cac.dir\CurlTests.c.obj /FdCMakeFiles\cmTC_77cac.dir\ /FS -c D:\Code\DC-Cryptocurrency\DCC-Miner\out\build\x64-release\_deps\curl-src\CMake\CurlTests.c
D:\Code\DC-Cryptocurrency\DCC-Miner\out\build\x64-release\_deps\curl-src\CMake\CurlTests.c(467): warning C4013: '__builtin_available' undefined; assuming extern returning int
D:\Code\DC-Cryptocurrency\DCC-Miner\out\build\x64-release\_deps\curl-src\CMake\CurlTests.c(467): error C2065: 'macOS': undeclared identifier
D:\Code\DC-Cryptocurrency\DCC-Miner\out\build\x64-release\_deps\curl-src\CMake\CurlTests.c(467): error C2143: syntax error: missing ')' before 'constant'
D:\Code\DC-Cryptocurrency\DCC-Miner\out\build\x64-release\_deps\curl-src\CMake\CurlTests.c(467): error C2059: syntax error: ')'
ninja: build stopped: subcommand failed.


Performing C SOURCE FILE Test HAVE_MSG_NOSIGNAL failed with the following output:
Change Dir: D:/Code/DC-Cryptocurrency/DCC-Miner/out/build/x64-release/CMakeFiles/CMakeTmp

Run Build Command(s):C:/Program Files/Microsoft Visual Studio/2022/Preview/Common7/IDE/CommonExtensions/Microsoft/CMake/Ninja/ninja.exe cmTC_30e95 && [1/2] Building C object CMakeFiles\cmTC_30e95.dir\src.c.obj
FAILED: CMakeFiles/cmTC_30e95.dir/src.c.obj 
C:\PROGRA~1\MICROS~1\2022\Preview\VC\Tools\MSVC\1432~1.313\bin\Hostx64\x64\cl.exe  /nologo -DHAVE_MSG_NOSIGNAL -ID:\Code\DC-Cryptocurrency\DCC-Miner\out\build\x64-release\_deps\curl-src\include /DWIN32 /D_WINDOWS /W3  /MDd /Zi /Ob0 /Od /RTC1    -D_WIN32_WINNT=0x0600 -D_WINSOCKAPI_= -DSECURITY_WIN32 /showIncludes /FoCMakeFiles\cmTC_30e95.dir\src.c.obj /FdCMakeFiles\cmTC_30e95.dir\cmTC_30e95.pdb /FS -c D:\Code\DC-Cryptocurrency\DCC-Miner\out\build\x64-release\CMakeFiles\CMakeTmp\src.c
D:\Code\DC-Cryptocurrency\DCC-Miner\out\build\x64-release\CMakeFiles\CMakeTmp\src.c(8): error C2065: 'MSG_NOSIGNAL': undeclared identifier
ninja: build stopped: subcommand failed.


Source file was:
#undef inline
#include <winsock2.h>
#include <windows.h>
#ifndef WIN32_LEAN_AND_MEAN
#define WIN32_LEAN_AND_MEAN
#endif
  int main(void) {
    int flag = MSG_NOSIGNAL;
    (void)flag;
    return 0;
  }
Performing C SOURCE FILE Test HAVE_POLL_FINE failed with the following compile output:
Change Dir: D:/Code/DC-Cryptocurrency/DCC-Miner/out/build/x64-release/CMakeFiles/CMakeTmp

Run Build Command(s):C:/Program Files/Microsoft Visual Studio/2022/Preview/Common7/IDE/CommonExtensions/Microsoft/CMake/Ninja/ninja.exe cmTC_3f3a3 && [1/2] Building C object CMakeFiles\cmTC_3f3a3.dir\src.c.obj
FAILED: CMakeFiles/cmTC_3f3a3.dir/src.c.obj 
C:\PROGRA~1\MICROS~1\2022\Preview\VC\Tools\MSVC\1432~1.313\bin\Hostx64\x64\cl.exe  /nologo -DHAVE_POLL_FINE -ID:\Code\DC-Cryptocurrency\DCC-Miner\out\build\x64-release\_deps\curl-src\include /DWIN32 /D_WINDOWS /W3  /MDd /Zi /Ob0 /Od /RTC1    -D_WIN32_WINNT=0x0600 -D_WINSOCKAPI_= -DSECURITY_WIN32 /showIncludes /FoCMakeFiles\cmTC_3f3a3.dir\src.c.obj /FdCMakeFiles\cmTC_3f3a3.dir\ /FS -c D:\Code\DC-Cryptocurrency\DCC-Miner\out\build\x64-release\CMakeFiles\CMakeTmp\src.c
D:\Code\DC-Cryptocurrency\DCC-Miner\out\build\x64-release\CMakeFiles\CMakeTmp\src.c(3): fatal error C1083: Cannot open include file: 'sys/time.h': No such file or directory
ninja: build stopped: subcommand failed.


...and run output:

Return value: 1
Source file was:

    #include <stdlib.h>
    #include <sys/time.h>

    #ifdef HAVE_SYS_POLL_H
    #  include <sys/poll.h>
    #elif  HAVE_POLL_H
    #  include <poll.h>
    #endif

    int main(void)
    {
        if(0 != poll(0, 0, 10)) {
          return 1; /* fail */
        }
        else {
          /* detect the 10.12 poll() breakage */
          struct timeval before, after;
          int rc;
          size_t us;

          gettimeofday(&before, NULL);
          rc = poll(NULL, 0, 500);
          gettimeofday(&after, NULL);

          us = (after.tv_sec - before.tv_sec) * 1000000 +
            (after.tv_usec - before.tv_usec);

          if(us < 400000) {
            return 1;
          }
        }
        return 0;
    }
