Performing Curl Test HAVE_FCNTL_O_NONBLOCK failed with the following output:
Change Dir: 'C:/Users/samda/Code/Distributed-Compute-Coin/dcc_client/out/CMakeFiles/CMakeTmp'

Run Build Command(s): "C:/Program Files (x86)/Microsoft Visual Studio/2022/BuildTools/MSBuild/Current/Bin/amd64/MSBuild.exe" cmTC_de0ab.vcxproj /p:Configuration=Debug /p:Platform=x64 /p:VisualStudioVersion=17.0 /v:n
MSBuild version 17.9.8+b34f75857 for .NET Framework
Build started 4/30/2024 11:52:51 AM.

Project "C:\Users\samda\Code\Distributed-Compute-Coin\dcc_client\out\CMakeFiles\CMakeTmp\cmTC_de0ab.vcxproj" on node 1 (default targets).
PrepareForBuild:
  Creating directory "cmTC_de0ab.dir\Debug\".
  Structured output is enabled. The formatting of compiler diagnostics will reflect the error hierarchy. See https://aka.ms/cpp/structured-output for more details.
  Creating directory "C:\Users\samda\Code\Distributed-Compute-Coin\dcc_client\out\CMakeFiles\CMakeTmp\Debug\".
  Creating directory "cmTC_de0ab.dir\Debug\cmTC_de0ab.tlog\".
InitializeBuildStatus:
  Creating "cmTC_de0ab.dir\Debug\cmTC_de0ab.tlog\unsuccessfulbuild" because "AlwaysCreate" was specified.
  Touching "cmTC_de0ab.dir\Debug\cmTC_de0ab.tlog\unsuccessfulbuild".
VcpkgTripletSelection:
  Using triplet "x64-windows" from "C:\Users\samda\Code\vcpkg\installed\x64-windows\"
  Using normalized configuration "Release"
ClCompile:
  C:\Program Files (x86)\Microsoft Visual Studio\2022\BuildTools\VC\Tools\MSVC\14.39.33519\bin\HostX64\x64\CL.exe /c /I"C:\Users\samda\Code\vcpkg\installed\x64-windows\include" /Zi /W3 /WX- /diagnostics:column /Od /Ob0 /D _MBCS /D WIN32 /D _WINDOWS /D HAVE_FCNTL_O_NONBLOCK /D HAVE_WINDOWS_H /D HAVE_WS2TCPIP_H /D HAVE_WINSOCK2_H /D HAVE_WINCRYPT_H /D HAVE_STDIO_H /D HAVE_SYS_STAT_H /D HAVE_SYS_TYPES_H /D HAVE_SYS_UTIME_H /D HAVE_ASSERT_H /D HAVE_ERRNO_H /D HAVE_FCNTL_H /D HAVE_IO_H /D HAVE_LOCALE_H /D HAVE_SETJMP_H /D HAVE_SIGNAL_H /D HAVE_STDBOOL_H /D HAVE_STDLIB_H /D HAVE_STRING_H /D HAVE_TIME_H /D HAVE_PROCESS_H /D HAVE_STDDEF_H /D HAVE_MALLOC_H /D HAVE_MEMORY_H /D "CMAKE_INTDIR=\"Debug\"" /Gm- /RTC1 /MDd /GS /fp:precise /Zc:wchar_t /Zc:forScope /Zc:inline /Fo"cmTC_de0ab.dir\Debug\\" /Fd"cmTC_de0ab.dir\Debug\vc143.pdb" /external:W3 /Gd /TC /errorReport:queue "C:\Users\samda\Code\Distributed-Compute-Coin\dcc_client\out\_deps\curl-src\CMake\CurlTests.c"
  Microsoft (R) C/C++ Optimizing Compiler Version 19.39.33523 for x64
  Copyright (C) Microsoft Corporation.  All rights reserved.
  cl /c /I"C:\Users\samda\Code\vcpkg\installed\x64-windows\include" /Zi /W3 /WX- /diagnostics:column /Od /Ob0 /D _MBCS /D WIN32 /D _WINDOWS /D HAVE_FCNTL_O_NONBLOCK /D HAVE_WINDOWS_H /D HAVE_WS2TCPIP_H /D HAVE_WINSOCK2_H /D HAVE_WINCRYPT_H /D HAVE_STDIO_H /D HAVE_SYS_STAT_H /D HAVE_SYS_TYPES_H /D HAVE_SYS_UTIME_H /D HAVE_ASSERT_H /D HAVE_ERRNO_H /D HAVE_FCNTL_H /D HAVE_IO_H /D HAVE_LOCALE_H /D HAVE_SETJMP_H /D HAVE_SIGNAL_H /D HAVE_STDBOOL_H /D HAVE_STDLIB_H /D HAVE_STRING_H /D HAVE_TIME_H /D HAVE_PROCESS_H /D HAVE_STDDEF_H /D HAVE_MALLOC_H /D HAVE_MEMORY_H /D "CMAKE_INTDIR=\"Debug\"" /Gm- /RTC1 /MDd /GS /fp:precise /Zc:wchar_t /Zc:forScope /Zc:inline /Fo"cmTC_de0ab.dir\Debug\\" /Fd"cmTC_de0ab.dir\Debug\vc143.pdb" /external:W3 /Gd /TC /errorReport:queue "C:\Users\samda\Code\Distributed-Compute-Coin\dcc_client\out\_deps\curl-src\CMake\CurlTests.c"
  CurlTests.c
C:\Users\samda\Code\Distributed-Compute-Coin\dcc_client\out\_deps\curl-src\CMake\CurlTests.c(44,10): error C1083: Cannot open include file: 'unistd.h': No such file or directory [C:\Users\samda\Code\Distributed-Compute-Coin\dcc_client\out\CMakeFiles\CMakeTmp\cmTC_de0ab.vcxproj]
Done Building Project "C:\Users\samda\Code\Distributed-Compute-Coin\dcc_client\out\CMakeFiles\CMakeTmp\cmTC_de0ab.vcxproj" (default targets) -- FAILED.

Build FAILED.

"C:\Users\samda\Code\Distributed-Compute-Coin\dcc_client\out\CMakeFiles\CMakeTmp\cmTC_de0ab.vcxproj" (default target) (1) ->
(ClCompile target) -> 
  C:\Users\samda\Code\Distributed-Compute-Coin\dcc_client\out\_deps\curl-src\CMake\CurlTests.c(44,10): error C1083: Cannot open include file: 'unistd.h': No such file or directory [C:\Users\samda\Code\Distributed-Compute-Coin\dcc_client\out\CMakeFiles\CMakeTmp\cmTC_de0ab.vcxproj]

    0 Warning(s)
    1 Error(s)

Time Elapsed 00:00:00.43


Performing Curl Test HAVE_IOCTLSOCKET_CAMEL failed with the following output:
Change Dir: 'C:/Users/samda/Code/Distributed-Compute-Coin/dcc_client/out/CMakeFiles/CMakeTmp'

Run Build Command(s): "C:/Program Files (x86)/Microsoft Visual Studio/2022/BuildTools/MSBuild/Current/Bin/amd64/MSBuild.exe" cmTC_d8674.vcxproj /p:Configuration=Debug /p:Platform=x64 /p:VisualStudioVersion=17.0 /v:n
MSBuild version 17.9.8+b34f75857 for .NET Framework
Build started 4/30/2024 11:52:53 AM.

Project "C:\Users\samda\Code\Distributed-Compute-Coin\dcc_client\out\CMakeFiles\CMakeTmp\cmTC_d8674.vcxproj" on node 1 (default targets).
PrepareForBuild:
  Creating directory "cmTC_d8674.dir\Debug\".
  Structured output is enabled. The formatting of compiler diagnostics will reflect the error hierarchy. See https://aka.ms/cpp/structured-output for more details.
  Creating directory "C:\Users\samda\Code\Distributed-Compute-Coin\dcc_client\out\CMakeFiles\CMakeTmp\Debug\".
  Creating directory "cmTC_d8674.dir\Debug\cmTC_d8674.tlog\".
InitializeBuildStatus:
  Creating "cmTC_d8674.dir\Debug\cmTC_d8674.tlog\unsuccessfulbuild" because "AlwaysCreate" was specified.
  Touching "cmTC_d8674.dir\Debug\cmTC_d8674.tlog\unsuccessfulbuild".
VcpkgTripletSelection:
  Using triplet "x64-windows" from "C:\Users\samda\Code\vcpkg\installed\x64-windows\"
  Using normalized configuration "Release"
ClCompile:
  C:\Program Files (x86)\Microsoft Visual Studio\2022\BuildTools\VC\Tools\MSVC\14.39.33519\bin\HostX64\x64\CL.exe /c /I"C:\Users\samda\Code\vcpkg\installed\x64-windows\include" /Zi /W3 /WX- /diagnostics:column /Od /Ob0 /D _MBCS /D WIN32 /D _WINDOWS /D HAVE_IOCTLSOCKET_CAMEL /D HAVE_WINDOWS_H /D HAVE_WS2TCPIP_H /D HAVE_WINSOCK2_H /D HAVE_WINCRYPT_H /D HAVE_STDIO_H /D HAVE_SYS_STAT_H /D HAVE_SYS_TYPES_H /D HAVE_SYS_UTIME_H /D HAVE_ASSERT_H /D HAVE_ERRNO_H /D HAVE_FCNTL_H /D HAVE_IO_H /D HAVE_LOCALE_H /D HAVE_SETJMP_H /D HAVE_SIGNAL_H /D HAVE_STDBOOL_H /D HAVE_STDLIB_H /D HAVE_STRING_H /D HAVE_TIME_H /D HAVE_PROCESS_H /D HAVE_STDDEF_H /D HAVE_MALLOC_H /D HAVE_MEMORY_H /D "CMAKE_INTDIR=\"Debug\"" /Gm- /RTC1 /MDd /GS /fp:precise /Zc:wchar_t /Zc:forScope /Zc:inline /Fo"cmTC_d8674.dir\Debug\\" /Fd"cmTC_d8674.dir\Debug\vc143.pdb" /external:W3 /Gd /TC /errorReport:queue "C:\Users\samda\Code\Distributed-Compute-Coin\dcc_client\out\_deps\curl-src\CMake\CurlTests.c"
  Microsoft (R) C/C++ Optimizing Compiler Version 19.39.33523 for x64
  Copyright (C) Microsoft Corporation.  All rights reserved.
  cl /c /I"C:\Users\samda\Code\vcpkg\installed\x64-windows\include" /Zi /W3 /WX- /diagnostics:column /Od /Ob0 /D _MBCS /D WIN32 /D _WINDOWS /D HAVE_IOCTLSOCKET_CAMEL /D HAVE_WINDOWS_H /D HAVE_WS2TCPIP_H /D HAVE_WINSOCK2_H /D HAVE_WINCRYPT_H /D HAVE_STDIO_H /D HAVE_SYS_STAT_H /D HAVE_SYS_TYPES_H /D HAVE_SYS_UTIME_H /D HAVE_ASSERT_H /D HAVE_ERRNO_H /D HAVE_FCNTL_H /D HAVE_IO_H /D HAVE_LOCALE_H /D HAVE_SETJMP_H /D HAVE_SIGNAL_H /D HAVE_STDBOOL_H /D HAVE_STDLIB_H /D HAVE_STRING_H /D HAVE_TIME_H /D HAVE_PROCESS_H /D HAVE_STDDEF_H /D HAVE_MALLOC_H /D HAVE_MEMORY_H /D "CMAKE_INTDIR=\"Debug\"" /Gm- /RTC1 /MDd /GS /fp:precise /Zc:wchar_t /Zc:forScope /Zc:inline /Fo"cmTC_d8674.dir\Debug\\" /Fd"cmTC_d8674.dir\Debug\vc143.pdb" /external:W3 /Gd /TC /errorReport:queue "C:\Users\samda\Code\Distributed-Compute-Coin\dcc_client\out\_deps\curl-src\CMake\CurlTests.c"
  CurlTests.c
C:\Users\samda\Code\Distributed-Compute-Coin\dcc_client\out\_deps\curl-src\CMake\CurlTests.c(265,13): warning C4013: 'IoctlSocket' undefined; assuming extern returning int [C:\Users\samda\Code\Distributed-Compute-Coin\dcc_client\out\CMakeFiles\CMakeTmp\cmTC_d8674.vcxproj]
Link:
  C:\Program Files (x86)\Microsoft Visual Studio\2022\BuildTools\VC\Tools\MSVC\14.39.33519\bin\HostX64\x64\link.exe /ERRORREPORT:QUEUE /OUT:"C:\Users\samda\Code\Distributed-Compute-Coin\dcc_client\out\CMakeFiles\CMakeTmp\Debug\cmTC_d8674.exe" /INCREMENTAL /ILK:"cmTC_d8674.dir\Debug\cmTC_d8674.ilk" /NOLOGO /LIBPATH:"C:\Users\samda\Code\vcpkg\installed\x64-windows\lib" /LIBPATH:"C:\Users\samda\Code\vcpkg\installed\x64-windows\lib\manual-link" ws2_32.lib kernel32.lib user32.lib gdi32.lib winspool.lib shell32.lib ole32.lib oleaut32.lib uuid.lib comdlg32.lib advapi32.lib "C:\Users\samda\Code\vcpkg\installed\x64-windows\lib\*.lib" /MANIFEST /MANIFESTUAC:"level='asInvoker' uiAccess='false'" /manifest:embed /DEBUG /PDB:"C:/Users/samda/Code/Distributed-Compute-Coin/dcc_client/out/CMakeFiles/CMakeTmp/Debug/cmTC_d8674.pdb" /SUBSYSTEM:CONSOLE /TLBID:1 /DYNAMICBASE /NXCOMPAT /IMPLIB:"C:/Users/samda/Code/Distributed-Compute-Coin/dcc_client/out/CMakeFiles/CMakeTmp/Debug/cmTC_d8674.lib" /MACHINE:X64  /machine:x64 cmTC_d8674.dir\Debug\CurlTests.obj
CurlTests.obj : error LNK2019: unresolved external symbol IoctlSocket referenced in function main [C:\Users\samda\Code\Distributed-Compute-Coin\dcc_client\out\CMakeFiles\CMakeTmp\cmTC_d8674.vcxproj]
C:\Users\samda\Code\Distributed-Compute-Coin\dcc_client\out\CMakeFiles\CMakeTmp\Debug\cmTC_d8674.exe : fatal error LNK1120: 1 unresolved externals [C:\Users\samda\Code\Distributed-Compute-Coin\dcc_client\out\CMakeFiles\CMakeTmp\cmTC_d8674.vcxproj]
Done Building Project "C:\Users\samda\Code\Distributed-Compute-Coin\dcc_client\out\CMakeFiles\CMakeTmp\cmTC_d8674.vcxproj" (default targets) -- FAILED.

Build FAILED.

"C:\Users\samda\Code\Distributed-Compute-Coin\dcc_client\out\CMakeFiles\CMakeTmp\cmTC_d8674.vcxproj" (default target) (1) ->
(ClCompile target) -> 
  C:\Users\samda\Code\Distributed-Compute-Coin\dcc_client\out\_deps\curl-src\CMake\CurlTests.c(265,13): warning C4013: 'IoctlSocket' undefined; assuming extern returning int [C:\Users\samda\Code\Distributed-Compute-Coin\dcc_client\out\CMakeFiles\CMakeTmp\cmTC_d8674.vcxproj]


"C:\Users\samda\Code\Distributed-Compute-Coin\dcc_client\out\CMakeFiles\CMakeTmp\cmTC_d8674.vcxproj" (default target) (1) ->
(Link target) -> 
  CurlTests.obj : error LNK2019: unresolved external symbol IoctlSocket referenced in function main [C:\Users\samda\Code\Distributed-Compute-Coin\dcc_client\out\CMakeFiles\CMakeTmp\cmTC_d8674.vcxproj]
  C:\Users\samda\Code\Distributed-Compute-Coin\dcc_client\out\CMakeFiles\CMakeTmp\Debug\cmTC_d8674.exe : fatal error LNK1120: 1 unresolved externals [C:\Users\samda\Code\Distributed-Compute-Coin\dcc_client\out\CMakeFiles\CMakeTmp\cmTC_d8674.vcxproj]

    1 Warning(s)
    2 Error(s)

Time Elapsed 00:00:00.78


Performing Curl Test HAVE_IOCTLSOCKET_CAMEL_FIONBIO failed with the following output:
Change Dir: 'C:/Users/samda/Code/Distributed-Compute-Coin/dcc_client/out/CMakeFiles/CMakeTmp'

Run Build Command(s): "C:/Program Files (x86)/Microsoft Visual Studio/2022/BuildTools/MSBuild/Current/Bin/amd64/MSBuild.exe" cmTC_bc5ac.vcxproj /p:Configuration=Debug /p:Platform=x64 /p:VisualStudioVersion=17.0 /v:n
MSBuild version 17.9.8+b34f75857 for .NET Framework
Build started 4/30/2024 11:52:55 AM.

Project "C:\Users\samda\Code\Distributed-Compute-Coin\dcc_client\out\CMakeFiles\CMakeTmp\cmTC_bc5ac.vcxproj" on node 1 (default targets).
PrepareForBuild:
  Creating directory "cmTC_bc5ac.dir\Debug\".
  Structured output is enabled. The formatting of compiler diagnostics will reflect the error hierarchy. See https://aka.ms/cpp/structured-output for more details.
  Creating directory "C:\Users\samda\Code\Distributed-Compute-Coin\dcc_client\out\CMakeFiles\CMakeTmp\Debug\".
  Creating directory "cmTC_bc5ac.dir\Debug\cmTC_bc5ac.tlog\".
InitializeBuildStatus:
  Creating "cmTC_bc5ac.dir\Debug\cmTC_bc5ac.tlog\unsuccessfulbuild" because "AlwaysCreate" was specified.
  Touching "cmTC_bc5ac.dir\Debug\cmTC_bc5ac.tlog\unsuccessfulbuild".
VcpkgTripletSelection:
  Using triplet "x64-windows" from "C:\Users\samda\Code\vcpkg\installed\x64-windows\"
  Using normalized configuration "Release"
ClCompile:
  C:\Program Files (x86)\Microsoft Visual Studio\2022\BuildTools\VC\Tools\MSVC\14.39.33519\bin\HostX64\x64\CL.exe /c /I"C:\Users\samda\Code\vcpkg\installed\x64-windows\include" /Zi /W3 /WX- /diagnostics:column /Od /Ob0 /D _MBCS /D WIN32 /D _WINDOWS /D HAVE_IOCTLSOCKET_CAMEL_FIONBIO /D HAVE_WINDOWS_H /D HAVE_WS2TCPIP_H /D HAVE_WINSOCK2_H /D HAVE_WINCRYPT_H /D HAVE_STDIO_H /D HAVE_SYS_STAT_H /D HAVE_SYS_TYPES_H /D HAVE_SYS_UTIME_H /D HAVE_ASSERT_H /D HAVE_ERRNO_H /D HAVE_FCNTL_H /D HAVE_IO_H /D HAVE_LOCALE_H /D HAVE_SETJMP_H /D HAVE_SIGNAL_H /D HAVE_STDBOOL_H /D HAVE_STDLIB_H /D HAVE_STRING_H /D HAVE_TIME_H /D HAVE_PROCESS_H /D HAVE_STDDEF_H /D HAVE_MALLOC_H /D HAVE_MEMORY_H /D "CMAKE_INTDIR=\"Debug\"" /Gm- /RTC1 /MDd /GS /fp:precise /Zc:wchar_t /Zc:forScope /Zc:inline /Fo"cmTC_bc5ac.dir\Debug\\" /Fd"cmTC_bc5ac.dir\Debug\vc143.pdb" /external:W3 /Gd /TC /errorReport:queue "C:\Users\samda\Code\Distributed-Compute-Coin\dcc_client\out\_deps\curl-src\CMake\CurlTests.c"
  Microsoft (R) C/C++ Optimizing Compiler Version 19.39.33523 for x64
  Copyright (C) Microsoft Corporation.  All rights reserved.
  cl /c /I"C:\Users\samda\Code\vcpkg\installed\x64-windows\include" /Zi /W3 /WX- /diagnostics:column /Od /Ob0 /D _MBCS /D WIN32 /D _WINDOWS /D HAVE_IOCTLSOCKET_CAMEL_FIONBIO /D HAVE_WINDOWS_H /D HAVE_WS2TCPIP_H /D HAVE_WINSOCK2_H /D HAVE_WINCRYPT_H /D HAVE_STDIO_H /D HAVE_SYS_STAT_H /D HAVE_SYS_TYPES_H /D HAVE_SYS_UTIME_H /D HAVE_ASSERT_H /D HAVE_ERRNO_H /D HAVE_FCNTL_H /D HAVE_IO_H /D HAVE_LOCALE_H /D HAVE_SETJMP_H /D HAVE_SIGNAL_H /D HAVE_STDBOOL_H /D HAVE_STDLIB_H /D HAVE_STRING_H /D HAVE_TIME_H /D HAVE_PROCESS_H /D HAVE_STDDEF_H /D HAVE_MALLOC_H /D HAVE_MEMORY_H /D "CMAKE_INTDIR=\"Debug\"" /Gm- /RTC1 /MDd /GS /fp:precise /Zc:wchar_t /Zc:forScope /Zc:inline /Fo"cmTC_bc5ac.dir\Debug\\" /Fd"cmTC_bc5ac.dir\Debug\vc143.pdb" /external:W3 /Gd /TC /errorReport:queue "C:\Users\samda\Code\Distributed-Compute-Coin\dcc_client\out\_deps\curl-src\CMake\CurlTests.c"
  CurlTests.c
C:\Users\samda\Code\Distributed-Compute-Coin\dcc_client\out\_deps\curl-src\CMake\CurlTests.c(289,17): warning C4013: 'IoctlSocket' undefined; assuming extern returning int [C:\Users\samda\Code\Distributed-Compute-Coin\dcc_client\out\CMakeFiles\CMakeTmp\cmTC_bc5ac.vcxproj]
Link:
  C:\Program Files (x86)\Microsoft Visual Studio\2022\BuildTools\VC\Tools\MSVC\14.39.33519\bin\HostX64\x64\link.exe /ERRORREPORT:QUEUE /OUT:"C:\Users\samda\Code\Distributed-Compute-Coin\dcc_client\out\CMakeFiles\CMakeTmp\Debug\cmTC_bc5ac.exe" /INCREMENTAL /ILK:"cmTC_bc5ac.dir\Debug\cmTC_bc5ac.ilk" /NOLOGO /LIBPATH:"C:\Users\samda\Code\vcpkg\installed\x64-windows\lib" /LIBPATH:"C:\Users\samda\Code\vcpkg\installed\x64-windows\lib\manual-link" ws2_32.lib kernel32.lib user32.lib gdi32.lib winspool.lib shell32.lib ole32.lib oleaut32.lib uuid.lib comdlg32.lib advapi32.lib "C:\Users\samda\Code\vcpkg\installed\x64-windows\lib\*.lib" /MANIFEST /MANIFESTUAC:"level='asInvoker' uiAccess='false'" /manifest:embed /DEBUG /PDB:"C:/Users/samda/Code/Distributed-Compute-Coin/dcc_client/out/CMakeFiles/CMakeTmp/Debug/cmTC_bc5ac.pdb" /SUBSYSTEM:CONSOLE /TLBID:1 /DYNAMICBASE /NXCOMPAT /IMPLIB:"C:/Users/samda/Code/Distributed-Compute-Coin/dcc_client/out/CMakeFiles/CMakeTmp/Debug/cmTC_bc5ac.lib" /MACHINE:X64  /machine:x64 cmTC_bc5ac.dir\Debug\CurlTests.obj
CurlTests.obj : error LNK2019: unresolved external symbol IoctlSocket referenced in function main [C:\Users\samda\Code\Distributed-Compute-Coin\dcc_client\out\CMakeFiles\CMakeTmp\cmTC_bc5ac.vcxproj]
C:\Users\samda\Code\Distributed-Compute-Coin\dcc_client\out\CMakeFiles\CMakeTmp\Debug\cmTC_bc5ac.exe : fatal error LNK1120: 1 unresolved externals [C:\Users\samda\Code\Distributed-Compute-Coin\dcc_client\out\CMakeFiles\CMakeTmp\cmTC_bc5ac.vcxproj]
Done Building Project "C:\Users\samda\Code\Distributed-Compute-Coin\dcc_client\out\CMakeFiles\CMakeTmp\cmTC_bc5ac.vcxproj" (default targets) -- FAILED.

Build FAILED.

"C:\Users\samda\Code\Distributed-Compute-Coin\dcc_client\out\CMakeFiles\CMakeTmp\cmTC_bc5ac.vcxproj" (default target) (1) ->
(ClCompile target) -> 
  C:\Users\samda\Code\Distributed-Compute-Coin\dcc_client\out\_deps\curl-src\CMake\CurlTests.c(289,17): warning C4013: 'IoctlSocket' undefined; assuming extern returning int [C:\Users\samda\Code\Distributed-Compute-Coin\dcc_client\out\CMakeFiles\CMakeTmp\cmTC_bc5ac.vcxproj]


"C:\Users\samda\Code\Distributed-Compute-Coin\dcc_client\out\CMakeFiles\CMakeTmp\cmTC_bc5ac.vcxproj" (default target) (1) ->
(Link target) -> 
  CurlTests.obj : error LNK2019: unresolved external symbol IoctlSocket referenced in function main [C:\Users\samda\Code\Distributed-Compute-Coin\dcc_client\out\CMakeFiles\CMakeTmp\cmTC_bc5ac.vcxproj]
  C:\Users\samda\Code\Distributed-Compute-Coin\dcc_client\out\CMakeFiles\CMakeTmp\Debug\cmTC_bc5ac.exe : fatal error LNK1120: 1 unresolved externals [C:\Users\samda\Code\Distributed-Compute-Coin\dcc_client\out\CMakeFiles\CMakeTmp\cmTC_bc5ac.vcxproj]

    1 Warning(s)
    2 Error(s)

Time Elapsed 00:00:00.87


Performing Curl Test HAVE_IOCTL_FIONBIO failed with the following output:
Change Dir: 'C:/Users/samda/Code/Distributed-Compute-Coin/dcc_client/out/CMakeFiles/CMakeTmp'

Run Build Command(s): "C:/Program Files (x86)/Microsoft Visual Studio/2022/BuildTools/MSBuild/Current/Bin/amd64/MSBuild.exe" cmTC_59541.vcxproj /p:Configuration=Debug /p:Platform=x64 /p:VisualStudioVersion=17.0 /v:n
MSBuild version 17.9.8+b34f75857 for .NET Framework
Build started 4/30/2024 11:52:58 AM.

Project "C:\Users\samda\Code\Distributed-Compute-Coin\dcc_client\out\CMakeFiles\CMakeTmp\cmTC_59541.vcxproj" on node 1 (default targets).
PrepareForBuild:
  Creating directory "cmTC_59541.dir\Debug\".
  Structured output is enabled. The formatting of compiler diagnostics will reflect the error hierarchy. See https://aka.ms/cpp/structured-output for more details.
  Creating directory "C:\Users\samda\Code\Distributed-Compute-Coin\dcc_client\out\CMakeFiles\CMakeTmp\Debug\".
  Creating directory "cmTC_59541.dir\Debug\cmTC_59541.tlog\".
InitializeBuildStatus:
  Creating "cmTC_59541.dir\Debug\cmTC_59541.tlog\unsuccessfulbuild" because "AlwaysCreate" was specified.
  Touching "cmTC_59541.dir\Debug\cmTC_59541.tlog\unsuccessfulbuild".
VcpkgTripletSelection:
  Using triplet "x64-windows" from "C:\Users\samda\Code\vcpkg\installed\x64-windows\"
  Using normalized configuration "Release"
ClCompile:
  C:\Program Files (x86)\Microsoft Visual Studio\2022\BuildTools\VC\Tools\MSVC\14.39.33519\bin\HostX64\x64\CL.exe /c /I"C:\Users\samda\Code\vcpkg\installed\x64-windows\include" /Zi /W3 /WX- /diagnostics:column /Od /Ob0 /D _MBCS /D WIN32 /D _WINDOWS /D HAVE_IOCTL_FIONBIO /D HAVE_WINDOWS_H /D HAVE_WS2TCPIP_H /D HAVE_WINSOCK2_H /D HAVE_WINCRYPT_H /D HAVE_STDIO_H /D HAVE_SYS_STAT_H /D HAVE_SYS_TYPES_H /D HAVE_SYS_UTIME_H /D HAVE_ASSERT_H /D HAVE_ERRNO_H /D HAVE_FCNTL_H /D HAVE_IO_H /D HAVE_LOCALE_H /D HAVE_SETJMP_H /D HAVE_SIGNAL_H /D HAVE_STDBOOL_H /D HAVE_STDLIB_H /D HAVE_STRING_H /D HAVE_TIME_H /D HAVE_PROCESS_H /D HAVE_STDDEF_H /D HAVE_MALLOC_H /D HAVE_MEMORY_H /D "CMAKE_INTDIR=\"Debug\"" /Gm- /RTC1 /MDd /GS /fp:precise /Zc:wchar_t /Zc:forScope /Zc:inline /Fo"cmTC_59541.dir\Debug\\" /Fd"cmTC_59541.dir\Debug\vc143.pdb" /external:W3 /Gd /TC /errorReport:queue "C:\Users\samda\Code\Distributed-Compute-Coin\dcc_client\out\_deps\curl-src\CMake\CurlTests.c"
  Microsoft (R) C/C++ Optimizing Compiler Version 19.39.33523 for x64
  Copyright (C) Microsoft Corporation.  All rights reserved.
  cl /c /I"C:\Users\samda\Code\vcpkg\installed\x64-windows\include" /Zi /W3 /WX- /diagnostics:column /Od /Ob0 /D _MBCS /D WIN32 /D _WINDOWS /D HAVE_IOCTL_FIONBIO /D HAVE_WINDOWS_H /D HAVE_WS2TCPIP_H /D HAVE_WINSOCK2_H /D HAVE_WINCRYPT_H /D HAVE_STDIO_H /D HAVE_SYS_STAT_H /D HAVE_SYS_TYPES_H /D HAVE_SYS_UTIME_H /D HAVE_ASSERT_H /D HAVE_ERRNO_H /D HAVE_FCNTL_H /D HAVE_IO_H /D HAVE_LOCALE_H /D HAVE_SETJMP_H /D HAVE_SIGNAL_H /D HAVE_STDBOOL_H /D HAVE_STDLIB_H /D HAVE_STRING_H /D HAVE_TIME_H /D HAVE_PROCESS_H /D HAVE_STDDEF_H /D HAVE_MALLOC_H /D HAVE_MEMORY_H /D "CMAKE_INTDIR=\"Debug\"" /Gm- /RTC1 /MDd /GS /fp:precise /Zc:wchar_t /Zc:forScope /Zc:inline /Fo"cmTC_59541.dir\Debug\\" /Fd"cmTC_59541.dir\Debug\vc143.pdb" /external:W3 /Gd /TC /errorReport:queue "C:\Users\samda\Code\Distributed-Compute-Coin\dcc_client\out\_deps\curl-src\CMake\CurlTests.c"
  CurlTests.c
C:\Users\samda\Code\Distributed-Compute-Coin\dcc_client\out\_deps\curl-src\CMake\CurlTests.c(343,17): warning C4013: 'ioctl' undefined; assuming extern returning int [C:\Users\samda\Code\Distributed-Compute-Coin\dcc_client\out\CMakeFiles\CMakeTmp\cmTC_59541.vcxproj]
C:\Users\samda\Code\Distributed-Compute-Coin\dcc_client\out\_deps\curl-src\CMake\CurlTests.c(343,33): error C2065: 'FIONBIO': undeclared identifier [C:\Users\samda\Code\Distributed-Compute-Coin\dcc_client\out\CMakeFiles\CMakeTmp\cmTC_59541.vcxproj]
Done Building Project "C:\Users\samda\Code\Distributed-Compute-Coin\dcc_client\out\CMakeFiles\CMakeTmp\cmTC_59541.vcxproj" (default targets) -- FAILED.

Build FAILED.

"C:\Users\samda\Code\Distributed-Compute-Coin\dcc_client\out\CMakeFiles\CMakeTmp\cmTC_59541.vcxproj" (default target) (1) ->
(ClCompile target) -> 
  C:\Users\samda\Code\Distributed-Compute-Coin\dcc_client\out\_deps\curl-src\CMake\CurlTests.c(343,17): warning C4013: 'ioctl' undefined; assuming extern returning int [C:\Users\samda\Code\Distributed-Compute-Coin\dcc_client\out\CMakeFiles\CMakeTmp\cmTC_59541.vcxproj]


"C:\Users\samda\Code\Distributed-Compute-Coin\dcc_client\out\CMakeFiles\CMakeTmp\cmTC_59541.vcxproj" (default target) (1) ->
(ClCompile target) -> 
  C:\Users\samda\Code\Distributed-Compute-Coin\dcc_client\out\_deps\curl-src\CMake\CurlTests.c(343,33): error C2065: 'FIONBIO': undeclared identifier [C:\Users\samda\Code\Distributed-Compute-Coin\dcc_client\out\CMakeFiles\CMakeTmp\cmTC_59541.vcxproj]

    1 Warning(s)
    1 Error(s)

Time Elapsed 00:00:00.47


Performing Curl Test HAVE_IOCTL_SIOCGIFADDR failed with the following output:
Change Dir: 'C:/Users/samda/Code/Distributed-Compute-Coin/dcc_client/out/CMakeFiles/CMakeTmp'

Run Build Command(s): "C:/Program Files (x86)/Microsoft Visual Studio/2022/BuildTools/MSBuild/Current/Bin/amd64/MSBuild.exe" cmTC_7661f.vcxproj /p:Configuration=Debug /p:Platform=x64 /p:VisualStudioVersion=17.0 /v:n
MSBuild version 17.9.8+b34f75857 for .NET Framework
Build started 4/30/2024 11:52:58 AM.

Project "C:\Users\samda\Code\Distributed-Compute-Coin\dcc_client\out\CMakeFiles\CMakeTmp\cmTC_7661f.vcxproj" on node 1 (default targets).
PrepareForBuild:
  Creating directory "cmTC_7661f.dir\Debug\".
  Structured output is enabled. The formatting of compiler diagnostics will reflect the error hierarchy. See https://aka.ms/cpp/structured-output for more details.
  Creating directory "C:\Users\samda\Code\Distributed-Compute-Coin\dcc_client\out\CMakeFiles\CMakeTmp\Debug\".
  Creating directory "cmTC_7661f.dir\Debug\cmTC_7661f.tlog\".
InitializeBuildStatus:
  Creating "cmTC_7661f.dir\Debug\cmTC_7661f.tlog\unsuccessfulbuild" because "AlwaysCreate" was specified.
  Touching "cmTC_7661f.dir\Debug\cmTC_7661f.tlog\unsuccessfulbuild".
VcpkgTripletSelection:
  Using triplet "x64-windows" from "C:\Users\samda\Code\vcpkg\installed\x64-windows\"
  Using normalized configuration "Release"
ClCompile:
  C:\Program Files (x86)\Microsoft Visual Studio\2022\BuildTools\VC\Tools\MSVC\14.39.33519\bin\HostX64\x64\CL.exe /c /I"C:\Users\samda\Code\vcpkg\installed\x64-windows\include" /Zi /W3 /WX- /diagnostics:column /Od /Ob0 /D _MBCS /D WIN32 /D _WINDOWS /D HAVE_IOCTL_SIOCGIFADDR /D HAVE_WINDOWS_H /D HAVE_WS2TCPIP_H /D HAVE_WINSOCK2_H /D HAVE_WINCRYPT_H /D HAVE_STDIO_H /D HAVE_SYS_STAT_H /D HAVE_SYS_TYPES_H /D HAVE_SYS_UTIME_H /D HAVE_ASSERT_H /D HAVE_ERRNO_H /D HAVE_FCNTL_H /D HAVE_IO_H /D HAVE_LOCALE_H /D HAVE_SETJMP_H /D HAVE_SIGNAL_H /D HAVE_STDBOOL_H /D HAVE_STDLIB_H /D HAVE_STRING_H /D HAVE_TIME_H /D HAVE_PROCESS_H /D HAVE_STDDEF_H /D HAVE_MALLOC_H /D HAVE_MEMORY_H /D "CMAKE_INTDIR=\"Debug\"" /Gm- /RTC1 /MDd /GS /fp:precise /Zc:wchar_t /Zc:forScope /Zc:inline /Fo"cmTC_7661f.dir\Debug\\" /Fd"cmTC_7661f.dir\Debug\vc143.pdb" /external:W3 /Gd /TC /errorReport:queue "C:\Users\samda\Code\Distributed-Compute-Coin\dcc_client\out\_deps\curl-src\CMake\CurlTests.c"
  Microsoft (R) C/C++ Optimizing Compiler Version 19.39.33523 for x64
  Copyright (C) Microsoft Corporation.  All rights reserved.
  cl /c /I"C:\Users\samda\Code\vcpkg\installed\x64-windows\include" /Zi /W3 /WX- /diagnostics:column /Od /Ob0 /D _MBCS /D WIN32 /D _WINDOWS /D HAVE_IOCTL_SIOCGIFADDR /D HAVE_WINDOWS_H /D HAVE_WS2TCPIP_H /D HAVE_WINSOCK2_H /D HAVE_WINCRYPT_H /D HAVE_STDIO_H /D HAVE_SYS_STAT_H /D HAVE_SYS_TYPES_H /D HAVE_SYS_UTIME_H /D HAVE_ASSERT_H /D HAVE_ERRNO_H /D HAVE_FCNTL_H /D HAVE_IO_H /D HAVE_LOCALE_H /D HAVE_SETJMP_H /D HAVE_SIGNAL_H /D HAVE_STDBOOL_H /D HAVE_STDLIB_H /D HAVE_STRING_H /D HAVE_TIME_H /D HAVE_PROCESS_H /D HAVE_STDDEF_H /D HAVE_MALLOC_H /D HAVE_MEMORY_H /D "CMAKE_INTDIR=\"Debug\"" /Gm- /RTC1 /MDd /GS /fp:precise /Zc:wchar_t /Zc:forScope /Zc:inline /Fo"cmTC_7661f.dir\Debug\\" /Fd"cmTC_7661f.dir\Debug\vc143.pdb" /external:W3 /Gd /TC /errorReport:queue "C:\Users\samda\Code\Distributed-Compute-Coin\dcc_client\out\_deps\curl-src\CMake\CurlTests.c"
  CurlTests.c
C:\Users\samda\Code\Distributed-Compute-Coin\dcc_client\out\_deps\curl-src\CMake\CurlTests.c(368,10): error C1083: Cannot open include file: 'net/if.h': No such file or directory [C:\Users\samda\Code\Distributed-Compute-Coin\dcc_client\out\CMakeFiles\CMakeTmp\cmTC_7661f.vcxproj]
Done Building Project "C:\Users\samda\Code\Distributed-Compute-Coin\dcc_client\out\CMakeFiles\CMakeTmp\cmTC_7661f.vcxproj" (default targets) -- FAILED.

Build FAILED.

"C:\Users\samda\Code\Distributed-Compute-Coin\dcc_client\out\CMakeFiles\CMakeTmp\cmTC_7661f.vcxproj" (default target) (1) ->
(ClCompile target) -> 
  C:\Users\samda\Code\Distributed-Compute-Coin\dcc_client\out\_deps\curl-src\CMake\CurlTests.c(368,10): error C1083: Cannot open include file: 'net/if.h': No such file or directory [C:\Users\samda\Code\Distributed-Compute-Coin\dcc_client\out\CMakeFiles\CMakeTmp\cmTC_7661f.vcxproj]

    0 Warning(s)
    1 Error(s)

Time Elapsed 00:00:00.50


Performing Curl Test HAVE_SETSOCKOPT_SO_NONBLOCK failed with the following output:
Change Dir: 'C:/Users/samda/Code/Distributed-Compute-Coin/dcc_client/out/CMakeFiles/CMakeTmp'

Run Build Command(s): "C:/Program Files (x86)/Microsoft Visual Studio/2022/BuildTools/MSBuild/Current/Bin/amd64/MSBuild.exe" cmTC_a9dad.vcxproj /p:Configuration=Debug /p:Platform=x64 /p:VisualStudioVersion=17.0 /v:n
MSBuild version 17.9.8+b34f75857 for .NET Framework
Build started 4/30/2024 11:52:59 AM.

Project "C:\Users\samda\Code\Distributed-Compute-Coin\dcc_client\out\CMakeFiles\CMakeTmp\cmTC_a9dad.vcxproj" on node 1 (default targets).
PrepareForBuild:
  Creating directory "cmTC_a9dad.dir\Debug\".
  Structured output is enabled. The formatting of compiler diagnostics will reflect the error hierarchy. See https://aka.ms/cpp/structured-output for more details.
  Creating directory "C:\Users\samda\Code\Distributed-Compute-Coin\dcc_client\out\CMakeFiles\CMakeTmp\Debug\".
  Creating directory "cmTC_a9dad.dir\Debug\cmTC_a9dad.tlog\".
InitializeBuildStatus:
  Creating "cmTC_a9dad.dir\Debug\cmTC_a9dad.tlog\unsuccessfulbuild" because "AlwaysCreate" was specified.
  Touching "cmTC_a9dad.dir\Debug\cmTC_a9dad.tlog\unsuccessfulbuild".
VcpkgTripletSelection:
  Using triplet "x64-windows" from "C:\Users\samda\Code\vcpkg\installed\x64-windows\"
  Using normalized configuration "Release"
ClCompile:
  C:\Program Files (x86)\Microsoft Visual Studio\2022\BuildTools\VC\Tools\MSVC\14.39.33519\bin\HostX64\x64\CL.exe /c /I"C:\Users\samda\Code\vcpkg\installed\x64-windows\include" /Zi /W3 /WX- /diagnostics:column /Od /Ob0 /D _MBCS /D WIN32 /D _WINDOWS /D HAVE_SETSOCKOPT_SO_NONBLOCK /D HAVE_WINDOWS_H /D HAVE_WS2TCPIP_H /D HAVE_WINSOCK2_H /D HAVE_WINCRYPT_H /D HAVE_STDIO_H /D HAVE_SYS_STAT_H /D HAVE_SYS_TYPES_H /D HAVE_SYS_UTIME_H /D HAVE_ASSERT_H /D HAVE_ERRNO_H /D HAVE_FCNTL_H /D HAVE_IO_H /D HAVE_LOCALE_H /D HAVE_SETJMP_H /D HAVE_SIGNAL_H /D HAVE_STDBOOL_H /D HAVE_STDLIB_H /D HAVE_STRING_H /D HAVE_TIME_H /D HAVE_PROCESS_H /D HAVE_STDDEF_H /D HAVE_MALLOC_H /D HAVE_MEMORY_H /D "CMAKE_INTDIR=\"Debug\"" /Gm- /RTC1 /MDd /GS /fp:precise /Zc:wchar_t /Zc:forScope /Zc:inline /Fo"cmTC_a9dad.dir\Debug\\" /Fd"cmTC_a9dad.dir\Debug\vc143.pdb" /external:W3 /Gd /TC /errorReport:queue "C:\Users\samda\Code\Distributed-Compute-Coin\dcc_client\out\_deps\curl-src\CMake\CurlTests.c"
  Microsoft (R) C/C++ Optimizing Compiler Version 19.39.33523 for x64
  Copyright (C) Microsoft Corporation.  All rights reserved.
  cl /c /I"C:\Users\samda\Code\vcpkg\installed\x64-windows\include" /Zi /W3 /WX- /diagnostics:column /Od /Ob0 /D _MBCS /D WIN32 /D _WINDOWS /D HAVE_SETSOCKOPT_SO_NONBLOCK /D HAVE_WINDOWS_H /D HAVE_WS2TCPIP_H /D HAVE_WINSOCK2_H /D HAVE_WINCRYPT_H /D HAVE_STDIO_H /D HAVE_SYS_STAT_H /D HAVE_SYS_TYPES_H /D HAVE_SYS_UTIME_H /D HAVE_ASSERT_H /D HAVE_ERRNO_H /D HAVE_FCNTL_H /D HAVE_IO_H /D HAVE_LOCALE_H /D HAVE_SETJMP_H /D HAVE_SIGNAL_H /D HAVE_STDBOOL_H /D HAVE_STDLIB_H /D HAVE_STRING_H /D HAVE_TIME_H /D HAVE_PROCESS_H /D HAVE_STDDEF_H /D HAVE_MALLOC_H /D HAVE_MEMORY_H /D "CMAKE_INTDIR=\"Debug\"" /Gm- /RTC1 /MDd /GS /fp:precise /Zc:wchar_t /Zc:forScope /Zc:inline /Fo"cmTC_a9dad.dir\Debug\\" /Fd"cmTC_a9dad.dir\Debug\vc143.pdb" /external:W3 /Gd /TC /errorReport:queue "C:\Users\samda\Code\Distributed-Compute-Coin\dcc_client\out\_deps\curl-src\CMake\CurlTests.c"
  CurlTests.c
C:\Users\samda\Code\Distributed-Compute-Coin\dcc_client\out\_deps\curl-src\CMake\CurlTests.c(404,54): error C2065: 'SO_NONBLOCK': undeclared identifier [C:\Users\samda\Code\Distributed-Compute-Coin\dcc_client\out\CMakeFiles\CMakeTmp\cmTC_a9dad.vcxproj]
Done Building Project "C:\Users\samda\Code\Distributed-Compute-Coin\dcc_client\out\CMakeFiles\CMakeTmp\cmTC_a9dad.vcxproj" (default targets) -- FAILED.

Build FAILED.

"C:\Users\samda\Code\Distributed-Compute-Coin\dcc_client\out\CMakeFiles\CMakeTmp\cmTC_a9dad.vcxproj" (default target) (1) ->
(ClCompile target) -> 
  C:\Users\samda\Code\Distributed-Compute-Coin\dcc_client\out\_deps\curl-src\CMake\CurlTests.c(404,54): error C2065: 'SO_NONBLOCK': undeclared identifier [C:\Users\samda\Code\Distributed-Compute-Coin\dcc_client\out\CMakeFiles\CMakeTmp\cmTC_a9dad.vcxproj]

    0 Warning(s)
    1 Error(s)

Time Elapsed 00:00:00.63


Performing Curl Test HAVE_SOCKADDR_IN6_SIN6_SCOPE_ID failed with the following output:
Change Dir: 'C:/Users/samda/Code/Distributed-Compute-Coin/dcc_client/out/CMakeFiles/CMakeTmp'

Run Build Command(s): "C:/Program Files (x86)/Microsoft Visual Studio/2022/BuildTools/MSBuild/Current/Bin/amd64/MSBuild.exe" cmTC_42dd5.vcxproj /p:Configuration=Debug /p:Platform=x64 /p:VisualStudioVersion=17.0 /v:n
MSBuild version 17.9.8+b34f75857 for .NET Framework
Build started 4/30/2024 11:53:00 AM.

Project "C:\Users\samda\Code\Distributed-Compute-Coin\dcc_client\out\CMakeFiles\CMakeTmp\cmTC_42dd5.vcxproj" on node 1 (default targets).
PrepareForBuild:
  Creating directory "cmTC_42dd5.dir\Debug\".
  Structured output is enabled. The formatting of compiler diagnostics will reflect the error hierarchy. See https://aka.ms/cpp/structured-output for more details.
  Creating directory "C:\Users\samda\Code\Distributed-Compute-Coin\dcc_client\out\CMakeFiles\CMakeTmp\Debug\".
  Creating directory "cmTC_42dd5.dir\Debug\cmTC_42dd5.tlog\".
InitializeBuildStatus:
  Creating "cmTC_42dd5.dir\Debug\cmTC_42dd5.tlog\unsuccessfulbuild" because "AlwaysCreate" was specified.
  Touching "cmTC_42dd5.dir\Debug\cmTC_42dd5.tlog\unsuccessfulbuild".
VcpkgTripletSelection:
  Using triplet "x64-windows" from "C:\Users\samda\Code\vcpkg\installed\x64-windows\"
  Using normalized configuration "Release"
ClCompile:
  C:\Program Files (x86)\Microsoft Visual Studio\2022\BuildTools\VC\Tools\MSVC\14.39.33519\bin\HostX64\x64\CL.exe /c /I"C:\Users\samda\Code\vcpkg\installed\x64-windows\include" /Zi /W3 /WX- /diagnostics:column /Od /Ob0 /D _MBCS /D WIN32 /D _WINDOWS /D HAVE_SOCKADDR_IN6_SIN6_SCOPE_ID /D HAVE_WINDOWS_H /D HAVE_WS2TCPIP_H /D HAVE_WINSOCK2_H /D HAVE_WINCRYPT_H /D HAVE_STDIO_H /D HAVE_SYS_STAT_H /D HAVE_SYS_TYPES_H /D HAVE_SYS_UTIME_H /D HAVE_ASSERT_H /D HAVE_ERRNO_H /D HAVE_FCNTL_H /D HAVE_IO_H /D HAVE_LOCALE_H /D HAVE_SETJMP_H /D HAVE_SIGNAL_H /D HAVE_STDBOOL_H /D HAVE_STDLIB_H /D HAVE_STRING_H /D HAVE_TIME_H /D HAVE_PROCESS_H /D HAVE_STDDEF_H /D HAVE_MALLOC_H /D HAVE_MEMORY_H /D "CMAKE_INTDIR=\"Debug\"" /Gm- /RTC1 /MDd /GS /fp:precise /Zc:wchar_t /Zc:forScope /Zc:inline /Fo"cmTC_42dd5.dir\Debug\\" /Fd"cmTC_42dd5.dir\Debug\vc143.pdb" /external:W3 /Gd /TC /errorReport:queue "C:\Users\samda\Code\Distributed-Compute-Coin\dcc_client\out\_deps\curl-src\CMake\CurlTests.c"
  Microsoft (R) C/C++ Optimizing Compiler Version 19.39.33523 for x64
  Copyright (C) Microsoft Corporation.  All rights reserved.
  cl /c /I"C:\Users\samda\Code\vcpkg\installed\x64-windows\include" /Zi /W3 /WX- /diagnostics:column /Od /Ob0 /D _MBCS /D WIN32 /D _WINDOWS /D HAVE_SOCKADDR_IN6_SIN6_SCOPE_ID /D HAVE_WINDOWS_H /D HAVE_WS2TCPIP_H /D HAVE_WINSOCK2_H /D HAVE_WINCRYPT_H /D HAVE_STDIO_H /D HAVE_SYS_STAT_H /D HAVE_SYS_TYPES_H /D HAVE_SYS_UTIME_H /D HAVE_ASSERT_H /D HAVE_ERRNO_H /D HAVE_FCNTL_H /D HAVE_IO_H /D HAVE_LOCALE_H /D HAVE_SETJMP_H /D HAVE_SIGNAL_H /D HAVE_STDBOOL_H /D HAVE_STDLIB_H /D HAVE_STRING_H /D HAVE_TIME_H /D HAVE_PROCESS_H /D HAVE_STDDEF_H /D HAVE_MALLOC_H /D HAVE_MEMORY_H /D "CMAKE_INTDIR=\"Debug\"" /Gm- /RTC1 /MDd /GS /fp:precise /Zc:wchar_t /Zc:forScope /Zc:inline /Fo"cmTC_42dd5.dir\Debug\\" /Fd"cmTC_42dd5.dir\Debug\vc143.pdb" /external:W3 /Gd /TC /errorReport:queue "C:\Users\samda\Code\Distributed-Compute-Coin\dcc_client\out\_deps\curl-src\CMake\CurlTests.c"
  CurlTests.c
Link:
  C:\Program Files (x86)\Microsoft Visual Studio\2022\BuildTools\VC\Tools\MSVC\14.39.33519\bin\HostX64\x64\link.exe /ERRORREPORT:QUEUE /OUT:"C:\Users\samda\Code\Distributed-Compute-Coin\dcc_client\out\CMakeFiles\CMakeTmp\Debug\cmTC_42dd5.exe" /INCREMENTAL /ILK:"cmTC_42dd5.dir\Debug\cmTC_42dd5.ilk" /NOLOGO /LIBPATH:"C:\Users\samda\Code\vcpkg\installed\x64-windows\lib" /LIBPATH:"C:\Users\samda\Code\vcpkg\installed\x64-windows\lib\manual-link" ws2_32.lib kernel32.lib user32.lib gdi32.lib winspool.lib shell32.lib ole32.lib oleaut32.lib uuid.lib comdlg32.lib advapi32.lib "C:\Users\samda\Code\vcpkg\installed\x64-windows\lib\*.lib" /MANIFEST /MANIFESTUAC:"level='asInvoker' uiAccess='false'" /manifest:embed /DEBUG /PDB:"C:/Users/samda/Code/Distributed-Compute-Coin/dcc_client/out/CMakeFiles/CMakeTmp/Debug/cmTC_42dd5.pdb" /SUBSYSTEM:CONSOLE /TLBID:1 /DYNAMICBASE /NXCOMPAT /IMPLIB:"C:/Users/samda/Code/Distributed-Compute-Coin/dcc_client/out/CMakeFiles/CMakeTmp/Debug/cmTC_42dd5.lib" /MACHINE:X64  /machine:x64 cmTC_42dd5.dir\Debug\CurlTests.obj
MSVCRTD.lib(exe_main.obj) : error LNK2019: unresolved external symbol main referenced in function "int __cdecl invoke_main(void)" (?invoke_main@@YAHXZ) [C:\Users\samda\Code\Distributed-Compute-Coin\dcc_client\out\CMakeFiles\CMakeTmp\cmTC_42dd5.vcxproj]
C:\Users\samda\Code\Distributed-Compute-Coin\dcc_client\out\CMakeFiles\CMakeTmp\Debug\cmTC_42dd5.exe : fatal error LNK1120: 1 unresolved externals [C:\Users\samda\Code\Distributed-Compute-Coin\dcc_client\out\CMakeFiles\CMakeTmp\cmTC_42dd5.vcxproj]
Done Building Project "C:\Users\samda\Code\Distributed-Compute-Coin\dcc_client\out\CMakeFiles\CMakeTmp\cmTC_42dd5.vcxproj" (default targets) -- FAILED.

Build FAILED.

"C:\Users\samda\Code\Distributed-Compute-Coin\dcc_client\out\CMakeFiles\CMakeTmp\cmTC_42dd5.vcxproj" (default target) (1) ->
(Link target) -> 
  MSVCRTD.lib(exe_main.obj) : error LNK2019: unresolved external symbol main referenced in function "int __cdecl invoke_main(void)" (?invoke_main@@YAHXZ) [C:\Users\samda\Code\Distributed-Compute-Coin\dcc_client\out\CMakeFiles\CMakeTmp\cmTC_42dd5.vcxproj]
  C:\Users\samda\Code\Distributed-Compute-Coin\dcc_client\out\CMakeFiles\CMakeTmp\Debug\cmTC_42dd5.exe : fatal error LNK1120: 1 unresolved externals [C:\Users\samda\Code\Distributed-Compute-Coin\dcc_client\out\CMakeFiles\CMakeTmp\cmTC_42dd5.vcxproj]

    0 Warning(s)
    2 Error(s)

Time Elapsed 00:00:00.69


Performing Curl Test HAVE_FILE_OFFSET_BITS failed with the following output:
Change Dir: 'C:/Users/samda/Code/Distributed-Compute-Coin/dcc_client/out/CMakeFiles/CMakeTmp'

Run Build Command(s): "C:/Program Files (x86)/Microsoft Visual Studio/2022/BuildTools/MSBuild/Current/Bin/amd64/MSBuild.exe" cmTC_4d5b9.vcxproj /p:Configuration=Debug /p:Platform=x64 /p:VisualStudioVersion=17.0 /v:n
MSBuild version 17.9.8+b34f75857 for .NET Framework
Build started 4/30/2024 11:53:03 AM.

Project "C:\Users\samda\Code\Distributed-Compute-Coin\dcc_client\out\CMakeFiles\CMakeTmp\cmTC_4d5b9.vcxproj" on node 1 (default targets).
PrepareForBuild:
  Creating directory "cmTC_4d5b9.dir\Debug\".
  Structured output is enabled. The formatting of compiler diagnostics will reflect the error hierarchy. See https://aka.ms/cpp/structured-output for more details.
  Creating directory "C:\Users\samda\Code\Distributed-Compute-Coin\dcc_client\out\CMakeFiles\CMakeTmp\Debug\".
  Creating directory "cmTC_4d5b9.dir\Debug\cmTC_4d5b9.tlog\".
InitializeBuildStatus:
  Creating "cmTC_4d5b9.dir\Debug\cmTC_4d5b9.tlog\unsuccessfulbuild" because "AlwaysCreate" was specified.
  Touching "cmTC_4d5b9.dir\Debug\cmTC_4d5b9.tlog\unsuccessfulbuild".
VcpkgTripletSelection:
  Using triplet "x64-windows" from "C:\Users\samda\Code\vcpkg\installed\x64-windows\"
  Using normalized configuration "Release"
ClCompile:
  C:\Program Files (x86)\Microsoft Visual Studio\2022\BuildTools\VC\Tools\MSVC\14.39.33519\bin\HostX64\x64\CL.exe /c /I"C:\Users\samda\Code\vcpkg\installed\x64-windows\include" /Zi /W3 /WX- /diagnostics:column /Od /Ob0 /D _MBCS /D WIN32 /D _WINDOWS /D HAVE_FILE_OFFSET_BITS /D HAVE_WINDOWS_H /D HAVE_WS2TCPIP_H /D HAVE_WINSOCK2_H /D HAVE_WINCRYPT_H /D HAVE_STDIO_H /D HAVE_SYS_STAT_H /D HAVE_SYS_TYPES_H /D HAVE_SYS_UTIME_H /D HAVE_ASSERT_H /D HAVE_ERRNO_H /D HAVE_FCNTL_H /D HAVE_IO_H /D HAVE_LOCALE_H /D HAVE_SETJMP_H /D HAVE_SIGNAL_H /D HAVE_STDBOOL_H /D HAVE_STDLIB_H /D HAVE_STRING_H /D HAVE_TIME_H /D HAVE_PROCESS_H /D HAVE_STDDEF_H /D HAVE_MALLOC_H /D HAVE_MEMORY_H /D "CMAKE_INTDIR=\"Debug\"" /Gm- /RTC1 /MDd /GS /fp:precise /Zc:wchar_t /Zc:forScope /Zc:inline /Fo"cmTC_4d5b9.dir\Debug\\" /Fd"cmTC_4d5b9.dir\Debug\vc143.pdb" /external:W3 /Gd /TC /errorReport:queue "C:\Users\samda\Code\Distributed-Compute-Coin\dcc_client\out\_deps\curl-src\CMake\CurlTests.c"
  Microsoft (R) C/C++ Optimizing Compiler Version 19.39.33523 for x64
  Copyright (C) Microsoft Corporation.  All rights reserved.
  cl /c /I"C:\Users\samda\Code\vcpkg\installed\x64-windows\include" /Zi /W3 /WX- /diagnostics:column /Od /Ob0 /D _MBCS /D WIN32 /D _WINDOWS /D HAVE_FILE_OFFSET_BITS /D HAVE_WINDOWS_H /D HAVE_WS2TCPIP_H /D HAVE_WINSOCK2_H /D HAVE_WINCRYPT_H /D HAVE_STDIO_H /D HAVE_SYS_STAT_H /D HAVE_SYS_TYPES_H /D HAVE_SYS_UTIME_H /D HAVE_ASSERT_H /D HAVE_ERRNO_H /D HAVE_FCNTL_H /D HAVE_IO_H /D HAVE_LOCALE_H /D HAVE_SETJMP_H /D HAVE_SIGNAL_H /D HAVE_STDBOOL_H /D HAVE_STDLIB_H /D HAVE_STRING_H /D HAVE_TIME_H /D HAVE_PROCESS_H /D HAVE_STDDEF_H /D HAVE_MALLOC_H /D HAVE_MEMORY_H /D "CMAKE_INTDIR=\"Debug\"" /Gm- /RTC1 /MDd /GS /fp:precise /Zc:wchar_t /Zc:forScope /Zc:inline /Fo"cmTC_4d5b9.dir\Debug\\" /Fd"cmTC_4d5b9.dir\Debug\vc143.pdb" /external:W3 /Gd /TC /errorReport:queue "C:\Users\samda\Code\Distributed-Compute-Coin\dcc_client\out\_deps\curl-src\CMake\CurlTests.c"
  CurlTests.c
C:\Users\samda\Code\Distributed-Compute-Coin\dcc_client\out\_deps\curl-src\CMake\CurlTests.c(218,23): warning C4293: '<<': shift count negative or too big, undefined behavior [C:\Users\samda\Code\Distributed-Compute-Coin\dcc_client\out\CMakeFiles\CMakeTmp\cmTC_4d5b9.vcxproj]
C:\Users\samda\Code\Distributed-Compute-Coin\dcc_client\out\_deps\curl-src\CMake\CurlTests.c(219,27): warning C4293: '<<': shift count negative or too big, undefined behavior [C:\Users\samda\Code\Distributed-Compute-Coin\dcc_client\out\CMakeFiles\CMakeTmp\cmTC_4d5b9.vcxproj]
C:\Users\samda\Code\Distributed-Compute-Coin\dcc_client\out\_deps\curl-src\CMake\CurlTests.c(218,7): error C2118: negative subscript [C:\Users\samda\Code\Distributed-Compute-Coin\dcc_client\out\CMakeFiles\CMakeTmp\cmTC_4d5b9.vcxproj]
Done Building Project "C:\Users\samda\Code\Distributed-Compute-Coin\dcc_client\out\CMakeFiles\CMakeTmp\cmTC_4d5b9.vcxproj" (default targets) -- FAILED.

Build FAILED.

"C:\Users\samda\Code\Distributed-Compute-Coin\dcc_client\out\CMakeFiles\CMakeTmp\cmTC_4d5b9.vcxproj" (default target) (1) ->
(ClCompile target) -> 
  C:\Users\samda\Code\Distributed-Compute-Coin\dcc_client\out\_deps\curl-src\CMake\CurlTests.c(218,23): warning C4293: '<<': shift count negative or too big, undefined behavior [C:\Users\samda\Code\Distributed-Compute-Coin\dcc_client\out\CMakeFiles\CMakeTmp\cmTC_4d5b9.vcxproj]
  C:\Users\samda\Code\Distributed-Compute-Coin\dcc_client\out\_deps\curl-src\CMake\CurlTests.c(219,27): warning C4293: '<<': shift count negative or too big, undefined behavior [C:\Users\samda\Code\Distributed-Compute-Coin\dcc_client\out\CMakeFiles\CMakeTmp\cmTC_4d5b9.vcxproj]


"C:\Users\samda\Code\Distributed-Compute-Coin\dcc_client\out\CMakeFiles\CMakeTmp\cmTC_4d5b9.vcxproj" (default target) (1) ->
(ClCompile target) -> 
  C:\Users\samda\Code\Distributed-Compute-Coin\dcc_client\out\_deps\curl-src\CMake\CurlTests.c(218,7): error C2118: negative subscript [C:\Users\samda\Code\Distributed-Compute-Coin\dcc_client\out\CMakeFiles\CMakeTmp\cmTC_4d5b9.vcxproj]

    2 Warning(s)
    1 Error(s)

Time Elapsed 00:00:00.47


Performing Curl Test HAVE_VARIADIC_MACROS_GCC failed with the following output:
Change Dir: 'C:/Users/samda/Code/Distributed-Compute-Coin/dcc_client/out/CMakeFiles/CMakeTmp'

Run Build Command(s): "C:/Program Files (x86)/Microsoft Visual Studio/2022/BuildTools/MSBuild/Current/Bin/amd64/MSBuild.exe" cmTC_c6712.vcxproj /p:Configuration=Debug /p:Platform=x64 /p:VisualStudioVersion=17.0 /v:n
MSBuild version 17.9.8+b34f75857 for .NET Framework
Build started 4/30/2024 11:53:05 AM.

Project "C:\Users\samda\Code\Distributed-Compute-Coin\dcc_client\out\CMakeFiles\CMakeTmp\cmTC_c6712.vcxproj" on node 1 (default targets).
PrepareForBuild:
  Creating directory "cmTC_c6712.dir\Debug\".
  Structured output is enabled. The formatting of compiler diagnostics will reflect the error hierarchy. See https://aka.ms/cpp/structured-output for more details.
  Creating directory "C:\Users\samda\Code\Distributed-Compute-Coin\dcc_client\out\CMakeFiles\CMakeTmp\Debug\".
  Creating directory "cmTC_c6712.dir\Debug\cmTC_c6712.tlog\".
InitializeBuildStatus:
  Creating "cmTC_c6712.dir\Debug\cmTC_c6712.tlog\unsuccessfulbuild" because "AlwaysCreate" was specified.
  Touching "cmTC_c6712.dir\Debug\cmTC_c6712.tlog\unsuccessfulbuild".
VcpkgTripletSelection:
  Using triplet "x64-windows" from "C:\Users\samda\Code\vcpkg\installed\x64-windows\"
  Using normalized configuration "Release"
ClCompile:
  C:\Program Files (x86)\Microsoft Visual Studio\2022\BuildTools\VC\Tools\MSVC\14.39.33519\bin\HostX64\x64\CL.exe /c /I"C:\Users\samda\Code\vcpkg\installed\x64-windows\include" /Zi /W3 /WX- /diagnostics:column /Od /Ob0 /D _MBCS /D WIN32 /D _WINDOWS /D HAVE_VARIADIC_MACROS_GCC /D HAVE_WINDOWS_H /D HAVE_WS2TCPIP_H /D HAVE_WINSOCK2_H /D HAVE_WINCRYPT_H /D HAVE_STDIO_H /D HAVE_SYS_STAT_H /D HAVE_SYS_TYPES_H /D HAVE_SYS_UTIME_H /D HAVE_ASSERT_H /D HAVE_ERRNO_H /D HAVE_FCNTL_H /D HAVE_IO_H /D HAVE_LOCALE_H /D HAVE_SETJMP_H /D HAVE_SIGNAL_H /D HAVE_STDBOOL_H /D HAVE_STDLIB_H /D HAVE_STRING_H /D HAVE_TIME_H /D HAVE_PROCESS_H /D HAVE_STDDEF_H /D HAVE_MALLOC_H /D HAVE_MEMORY_H /D "CMAKE_INTDIR=\"Debug\"" /Gm- /RTC1 /MDd /GS /fp:precise /Zc:wchar_t /Zc:forScope /Zc:inline /Fo"cmTC_c6712.dir\Debug\\" /Fd"cmTC_c6712.dir\Debug\vc143.pdb" /external:W3 /Gd /TC /errorReport:queue "C:\Users\samda\Code\Distributed-Compute-Coin\dcc_client\out\_deps\curl-src\CMake\CurlTests.c"
  Microsoft (R) C/C++ Optimizing Compiler Version 19.39.33523 for x64
  Copyright (C) Microsoft Corporation.  All rights reserved.
  cl /c /I"C:\Users\samda\Code\vcpkg\installed\x64-windows\include" /Zi /W3 /WX- /diagnostics:column /Od /Ob0 /D _MBCS /D WIN32 /D _WINDOWS /D HAVE_VARIADIC_MACROS_GCC /D HAVE_WINDOWS_H /D HAVE_WS2TCPIP_H /D HAVE_WINSOCK2_H /D HAVE_WINCRYPT_H /D HAVE_STDIO_H /D HAVE_SYS_STAT_H /D HAVE_SYS_TYPES_H /D HAVE_SYS_UTIME_H /D HAVE_ASSERT_H /D HAVE_ERRNO_H /D HAVE_FCNTL_H /D HAVE_IO_H /D HAVE_LOCALE_H /D HAVE_SETJMP_H /D HAVE_SIGNAL_H /D HAVE_STDBOOL_H /D HAVE_STDLIB_H /D HAVE_STRING_H /D HAVE_TIME_H /D HAVE_PROCESS_H /D HAVE_STDDEF_H /D HAVE_MALLOC_H /D HAVE_MEMORY_H /D "CMAKE_INTDIR=\"Debug\"" /Gm- /RTC1 /MDd /GS /fp:precise /Zc:wchar_t /Zc:forScope /Zc:inline /Fo"cmTC_c6712.dir\Debug\\" /Fd"cmTC_c6712.dir\Debug\vc143.pdb" /external:W3 /Gd /TC /errorReport:queue "C:\Users\samda\Code\Distributed-Compute-Coin\dcc_client\out\_deps\curl-src\CMake\CurlTests.c"
  CurlTests.c
C:\Users\samda\Code\Distributed-Compute-Coin\dcc_client\out\_deps\curl-src\CMake\CurlTests.c(495,1): error C2010: '.': unexpected in macro parameter list [C:\Users\samda\Code\Distributed-Compute-Coin\dcc_client\out\CMakeFiles\CMakeTmp\cmTC_c6712.vcxproj]
C:\Users\samda\Code\Distributed-Compute-Coin\dcc_client\out\_deps\curl-src\CMake\CurlTests.c(496,1): error C2010: '.': unexpected in macro parameter list [C:\Users\samda\Code\Distributed-Compute-Coin\dcc_client\out\CMakeFiles\CMakeTmp\cmTC_c6712.vcxproj]
Done Building Project "C:\Users\samda\Code\Distributed-Compute-Coin\dcc_client\out\CMakeFiles\CMakeTmp\cmTC_c6712.vcxproj" (default targets) -- FAILED.

Build FAILED.

"C:\Users\samda\Code\Distributed-Compute-Coin\dcc_client\out\CMakeFiles\CMakeTmp\cmTC_c6712.vcxproj" (default target) (1) ->
(ClCompile target) -> 
  C:\Users\samda\Code\Distributed-Compute-Coin\dcc_client\out\_deps\curl-src\CMake\CurlTests.c(495,1): error C2010: '.': unexpected in macro parameter list [C:\Users\samda\Code\Distributed-Compute-Coin\dcc_client\out\CMakeFiles\CMakeTmp\cmTC_c6712.vcxproj]
  C:\Users\samda\Code\Distributed-Compute-Coin\dcc_client\out\_deps\curl-src\CMake\CurlTests.c(496,1): error C2010: '.': unexpected in macro parameter list [C:\Users\samda\Code\Distributed-Compute-Coin\dcc_client\out\CMakeFiles\CMakeTmp\cmTC_c6712.vcxproj]

    0 Warning(s)
    2 Error(s)

Time Elapsed 00:00:00.45


Performing Curl Test HAVE_GLIBC_STRERROR_R failed with the following output:
Change Dir: 'C:/Users/samda/Code/Distributed-Compute-Coin/dcc_client/out/CMakeFiles/CMakeTmp'

Run Build Command(s): "C:/Program Files (x86)/Microsoft Visual Studio/2022/BuildTools/MSBuild/Current/Bin/amd64/MSBuild.exe" cmTC_9cb24.vcxproj /p:Configuration=Debug /p:Platform=x64 /p:VisualStudioVersion=17.0 /v:n
MSBuild version 17.9.8+b34f75857 for .NET Framework
Build started 4/30/2024 11:53:09 AM.

Project "C:\Users\samda\Code\Distributed-Compute-Coin\dcc_client\out\CMakeFiles\CMakeTmp\cmTC_9cb24.vcxproj" on node 1 (default targets).
PrepareForBuild:
  Creating directory "cmTC_9cb24.dir\Debug\".
  Structured output is enabled. The formatting of compiler diagnostics will reflect the error hierarchy. See https://aka.ms/cpp/structured-output for more details.
  Creating directory "C:\Users\samda\Code\Distributed-Compute-Coin\dcc_client\out\CMakeFiles\CMakeTmp\Debug\".
  Creating directory "cmTC_9cb24.dir\Debug\cmTC_9cb24.tlog\".
InitializeBuildStatus:
  Creating "cmTC_9cb24.dir\Debug\cmTC_9cb24.tlog\unsuccessfulbuild" because "AlwaysCreate" was specified.
  Touching "cmTC_9cb24.dir\Debug\cmTC_9cb24.tlog\unsuccessfulbuild".
VcpkgTripletSelection:
  Using triplet "x64-windows" from "C:\Users\samda\Code\vcpkg\installed\x64-windows\"
  Using normalized configuration "Release"
ClCompile:
  C:\Program Files (x86)\Microsoft Visual Studio\2022\BuildTools\VC\Tools\MSVC\14.39.33519\bin\HostX64\x64\CL.exe /c /I"C:\Users\samda\Code\vcpkg\installed\x64-windows\include" /Zi /W3 /WX- /diagnostics:column /Od /Ob0 /D _MBCS /D WIN32 /D _WINDOWS /D HAVE_GLIBC_STRERROR_R /D HAVE_WINDOWS_H /D HAVE_WS2TCPIP_H /D HAVE_WINSOCK2_H /D HAVE_WINCRYPT_H /D HAVE_STDIO_H /D HAVE_SYS_STAT_H /D HAVE_SYS_TYPES_H /D HAVE_SYS_UTIME_H /D HAVE_ASSERT_H /D HAVE_ERRNO_H /D HAVE_FCNTL_H /D HAVE_IO_H /D HAVE_LOCALE_H /D HAVE_SETJMP_H /D HAVE_SIGNAL_H /D HAVE_STDBOOL_H /D HAVE_STDLIB_H /D HAVE_STRING_H /D HAVE_TIME_H /D HAVE_PROCESS_H /D HAVE_STDDEF_H /D HAVE_MALLOC_H /D HAVE_MEMORY_H /D "CMAKE_INTDIR=\"Debug\"" /Gm- /RTC1 /MDd /GS /fp:precise /Zc:wchar_t /Zc:forScope /Zc:inline /Fo"cmTC_9cb24.dir\Debug\\" /Fd"cmTC_9cb24.dir\Debug\vc143.pdb" /external:W3 /Gd /TC /errorReport:queue "C:\Users\samda\Code\Distributed-Compute-Coin\dcc_client\out\_deps\curl-src\CMake\CurlTests.c"
  Microsoft (R) C/C++ Optimizing Compiler Version 19.39.33523 for x64
  Copyright (C) Microsoft Corporation.  All rights reserved.
  cl /c /I"C:\Users\samda\Code\vcpkg\installed\x64-windows\include" /Zi /W3 /WX- /diagnostics:column /Od /Ob0 /D _MBCS /D WIN32 /D _WINDOWS /D HAVE_GLIBC_STRERROR_R /D HAVE_WINDOWS_H /D HAVE_WS2TCPIP_H /D HAVE_WINSOCK2_H /D HAVE_WINCRYPT_H /D HAVE_STDIO_H /D HAVE_SYS_STAT_H /D HAVE_SYS_TYPES_H /D HAVE_SYS_UTIME_H /D HAVE_ASSERT_H /D HAVE_ERRNO_H /D HAVE_FCNTL_H /D HAVE_IO_H /D HAVE_LOCALE_H /D HAVE_SETJMP_H /D HAVE_SIGNAL_H /D HAVE_STDBOOL_H /D HAVE_STDLIB_H /D HAVE_STRING_H /D HAVE_TIME_H /D HAVE_PROCESS_H /D HAVE_STDDEF_H /D HAVE_MALLOC_H /D HAVE_MEMORY_H /D "CMAKE_INTDIR=\"Debug\"" /Gm- /RTC1 /MDd /GS /fp:precise /Zc:wchar_t /Zc:forScope /Zc:inline /Fo"cmTC_9cb24.dir\Debug\\" /Fd"cmTC_9cb24.dir\Debug\vc143.pdb" /external:W3 /Gd /TC /errorReport:queue "C:\Users\samda\Code\Distributed-Compute-Coin\dcc_client\out\_deps\curl-src\CMake\CurlTests.c"
  CurlTests.c
C:\Users\samda\Code\Distributed-Compute-Coin\dcc_client\out\_deps\curl-src\CMake\CurlTests.c(420,9): warning C4013: 'strerror_r' undefined; assuming extern returning int [C:\Users\samda\Code\Distributed-Compute-Coin\dcc_client\out\CMakeFiles\CMakeTmp\cmTC_9cb24.vcxproj]
C:\Users\samda\Code\Distributed-Compute-Coin\dcc_client\out\_deps\curl-src\CMake\CurlTests.c(420,51): error C2109: subscript requires array or pointer type [C:\Users\samda\Code\Distributed-Compute-Coin\dcc_client\out\CMakeFiles\CMakeTmp\cmTC_9cb24.vcxproj]
C:\Users\samda\Code\Distributed-Compute-Coin\dcc_client\out\_deps\curl-src\CMake\CurlTests.c(420,3): error C2198: 'check': too few arguments for call [C:\Users\samda\Code\Distributed-Compute-Coin\dcc_client\out\CMakeFiles\CMakeTmp\cmTC_9cb24.vcxproj]
Done Building Project "C:\Users\samda\Code\Distributed-Compute-Coin\dcc_client\out\CMakeFiles\CMakeTmp\cmTC_9cb24.vcxproj" (default targets) -- FAILED.

Build FAILED.

"C:\Users\samda\Code\Distributed-Compute-Coin\dcc_client\out\CMakeFiles\CMakeTmp\cmTC_9cb24.vcxproj" (default target) (1) ->
(ClCompile target) -> 
  C:\Users\samda\Code\Distributed-Compute-Coin\dcc_client\out\_deps\curl-src\CMake\CurlTests.c(420,9): warning C4013: 'strerror_r' undefined; assuming extern returning int [C:\Users\samda\Code\Distributed-Compute-Coin\dcc_client\out\CMakeFiles\CMakeTmp\cmTC_9cb24.vcxproj]


"C:\Users\samda\Code\Distributed-Compute-Coin\dcc_client\out\CMakeFiles\CMakeTmp\cmTC_9cb24.vcxproj" (default target) (1) ->
(ClCompile target) -> 
  C:\Users\samda\Code\Distributed-Compute-Coin\dcc_client\out\_deps\curl-src\CMake\CurlTests.c(420,51): error C2109: subscript requires array or pointer type [C:\Users\samda\Code\Distributed-Compute-Coin\dcc_client\out\CMakeFiles\CMakeTmp\cmTC_9cb24.vcxproj]
  C:\Users\samda\Code\Distributed-Compute-Coin\dcc_client\out\_deps\curl-src\CMake\CurlTests.c(420,3): error C2198: 'check': too few arguments for call [C:\Users\samda\Code\Distributed-Compute-Coin\dcc_client\out\CMakeFiles\CMakeTmp\cmTC_9cb24.vcxproj]

    1 Warning(s)
    2 Error(s)

Time Elapsed 00:00:00.45


Performing Curl Test HAVE_POSIX_STRERROR_R failed with the following output:
Change Dir: 'C:/Users/samda/Code/Distributed-Compute-Coin/dcc_client/out/CMakeFiles/CMakeTmp'

Run Build Command(s): "C:/Program Files (x86)/Microsoft Visual Studio/2022/BuildTools/MSBuild/Current/Bin/amd64/MSBuild.exe" cmTC_2e91c.vcxproj /p:Configuration=Debug /p:Platform=x64 /p:VisualStudioVersion=17.0 /v:n
MSBuild version 17.9.8+b34f75857 for .NET Framework
Build started 4/30/2024 11:53:10 AM.

Project "C:\Users\samda\Code\Distributed-Compute-Coin\dcc_client\out\CMakeFiles\CMakeTmp\cmTC_2e91c.vcxproj" on node 1 (default targets).
PrepareForBuild:
  Creating directory "cmTC_2e91c.dir\Debug\".
  Structured output is enabled. The formatting of compiler diagnostics will reflect the error hierarchy. See https://aka.ms/cpp/structured-output for more details.
  Creating directory "C:\Users\samda\Code\Distributed-Compute-Coin\dcc_client\out\CMakeFiles\CMakeTmp\Debug\".
  Creating directory "cmTC_2e91c.dir\Debug\cmTC_2e91c.tlog\".
InitializeBuildStatus:
  Creating "cmTC_2e91c.dir\Debug\cmTC_2e91c.tlog\unsuccessfulbuild" because "AlwaysCreate" was specified.
  Touching "cmTC_2e91c.dir\Debug\cmTC_2e91c.tlog\unsuccessfulbuild".
VcpkgTripletSelection:
  Using triplet "x64-windows" from "C:\Users\samda\Code\vcpkg\installed\x64-windows\"
  Using normalized configuration "Release"
ClCompile:
  C:\Program Files (x86)\Microsoft Visual Studio\2022\BuildTools\VC\Tools\MSVC\14.39.33519\bin\HostX64\x64\CL.exe /c /I"C:\Users\samda\Code\vcpkg\installed\x64-windows\include" /Zi /W3 /WX- /diagnostics:column /Od /Ob0 /D _MBCS /D WIN32 /D _WINDOWS /D HAVE_POSIX_STRERROR_R /D HAVE_WINDOWS_H /D HAVE_WS2TCPIP_H /D HAVE_WINSOCK2_H /D HAVE_WINCRYPT_H /D HAVE_STDIO_H /D HAVE_SYS_STAT_H /D HAVE_SYS_TYPES_H /D HAVE_SYS_UTIME_H /D HAVE_ASSERT_H /D HAVE_ERRNO_H /D HAVE_FCNTL_H /D HAVE_IO_H /D HAVE_LOCALE_H /D HAVE_SETJMP_H /D HAVE_SIGNAL_H /D HAVE_STDBOOL_H /D HAVE_STDLIB_H /D HAVE_STRING_H /D HAVE_TIME_H /D HAVE_PROCESS_H /D HAVE_STDDEF_H /D HAVE_MALLOC_H /D HAVE_MEMORY_H /D "CMAKE_INTDIR=\"Debug\"" /Gm- /RTC1 /MDd /GS /fp:precise /Zc:wchar_t /Zc:forScope /Zc:inline /Fo"cmTC_2e91c.dir\Debug\\" /Fd"cmTC_2e91c.dir\Debug\vc143.pdb" /external:W3 /Gd /TC /errorReport:queue "C:\Users\samda\Code\Distributed-Compute-Coin\dcc_client\out\_deps\curl-src\CMake\CurlTests.c"
  Microsoft (R) C/C++ Optimizing Compiler Version 19.39.33523 for x64
  Copyright (C) Microsoft Corporation.  All rights reserved.
  cl /c /I"C:\Users\samda\Code\vcpkg\installed\x64-windows\include" /Zi /W3 /WX- /diagnostics:column /Od /Ob0 /D _MBCS /D WIN32 /D _WINDOWS /D HAVE_POSIX_STRERROR_R /D HAVE_WINDOWS_H /D HAVE_WS2TCPIP_H /D HAVE_WINSOCK2_H /D HAVE_WINCRYPT_H /D HAVE_STDIO_H /D HAVE_SYS_STAT_H /D HAVE_SYS_TYPES_H /D HAVE_SYS_UTIME_H /D HAVE_ASSERT_H /D HAVE_ERRNO_H /D HAVE_FCNTL_H /D HAVE_IO_H /D HAVE_LOCALE_H /D HAVE_SETJMP_H /D HAVE_SIGNAL_H /D HAVE_STDBOOL_H /D HAVE_STDLIB_H /D HAVE_STRING_H /D HAVE_TIME_H /D HAVE_PROCESS_H /D HAVE_STDDEF_H /D HAVE_MALLOC_H /D HAVE_MEMORY_H /D "CMAKE_INTDIR=\"Debug\"" /Gm- /RTC1 /MDd /GS /fp:precise /Zc:wchar_t /Zc:forScope /Zc:inline /Fo"cmTC_2e91c.dir\Debug\\" /Fd"cmTC_2e91c.dir\Debug\vc143.pdb" /external:W3 /Gd /TC /errorReport:queue "C:\Users\samda\Code\Distributed-Compute-Coin\dcc_client\out\_deps\curl-src\CMake\CurlTests.c"
  CurlTests.c
C:\Users\samda\Code\Distributed-Compute-Coin\dcc_client\out\_deps\curl-src\CMake\CurlTests.c(435,9): warning C4013: 'strerror_r' undefined; assuming extern returning int [C:\Users\samda\Code\Distributed-Compute-Coin\dcc_client\out\CMakeFiles\CMakeTmp\cmTC_2e91c.vcxproj]
C:\Users\samda\Code\Distributed-Compute-Coin\dcc_client\out\_deps\curl-src\CMake\CurlTests.c(435,9): warning C4244: 'function': conversion from 'int' to 'float', possible loss of data [C:\Users\samda\Code\Distributed-Compute-Coin\dcc_client\out\CMakeFiles\CMakeTmp\cmTC_2e91c.vcxproj]
Link:
  C:\Program Files (x86)\Microsoft Visual Studio\2022\BuildTools\VC\Tools\MSVC\14.39.33519\bin\HostX64\x64\link.exe /ERRORREPORT:QUEUE /OUT:"C:\Users\samda\Code\Distributed-Compute-Coin\dcc_client\out\CMakeFiles\CMakeTmp\Debug\cmTC_2e91c.exe" /INCREMENTAL /ILK:"cmTC_2e91c.dir\Debug\cmTC_2e91c.ilk" /NOLOGO /LIBPATH:"C:\Users\samda\Code\vcpkg\installed\x64-windows\lib" /LIBPATH:"C:\Users\samda\Code\vcpkg\installed\x64-windows\lib\manual-link" ws2_32.lib kernel32.lib user32.lib gdi32.lib winspool.lib shell32.lib ole32.lib oleaut32.lib uuid.lib comdlg32.lib advapi32.lib "C:\Users\samda\Code\vcpkg\installed\x64-windows\lib\*.lib" /MANIFEST /MANIFESTUAC:"level='asInvoker' uiAccess='false'" /manifest:embed /DEBUG /PDB:"C:/Users/samda/Code/Distributed-Compute-Coin/dcc_client/out/CMakeFiles/CMakeTmp/Debug/cmTC_2e91c.pdb" /SUBSYSTEM:CONSOLE /TLBID:1 /DYNAMICBASE /NXCOMPAT /IMPLIB:"C:/Users/samda/Code/Distributed-Compute-Coin/dcc_client/out/CMakeFiles/CMakeTmp/Debug/cmTC_2e91c.lib" /MACHINE:X64  /machine:x64 cmTC_2e91c.dir\Debug\CurlTests.obj
CurlTests.obj : error LNK2019: unresolved external symbol strerror_r referenced in function main [C:\Users\samda\Code\Distributed-Compute-Coin\dcc_client\out\CMakeFiles\CMakeTmp\cmTC_2e91c.vcxproj]
C:\Users\samda\Code\Distributed-Compute-Coin\dcc_client\out\CMakeFiles\CMakeTmp\Debug\cmTC_2e91c.exe : fatal error LNK1120: 1 unresolved externals [C:\Users\samda\Code\Distributed-Compute-Coin\dcc_client\out\CMakeFiles\CMakeTmp\cmTC_2e91c.vcxproj]
Done Building Project "C:\Users\samda\Code\Distributed-Compute-Coin\dcc_client\out\CMakeFiles\CMakeTmp\cmTC_2e91c.vcxproj" (default targets) -- FAILED.

Build FAILED.

"C:\Users\samda\Code\Distributed-Compute-Coin\dcc_client\out\CMakeFiles\CMakeTmp\cmTC_2e91c.vcxproj" (default target) (1) ->
(ClCompile target) -> 
  C:\Users\samda\Code\Distributed-Compute-Coin\dcc_client\out\_deps\curl-src\CMake\CurlTests.c(435,9): warning C4013: 'strerror_r' undefined; assuming extern returning int [C:\Users\samda\Code\Distributed-Compute-Coin\dcc_client\out\CMakeFiles\CMakeTmp\cmTC_2e91c.vcxproj]
  C:\Users\samda\Code\Distributed-Compute-Coin\dcc_client\out\_deps\curl-src\CMake\CurlTests.c(435,9): warning C4244: 'function': conversion from 'int' to 'float', possible loss of data [C:\Users\samda\Code\Distributed-Compute-Coin\dcc_client\out\CMakeFiles\CMakeTmp\cmTC_2e91c.vcxproj]


"C:\Users\samda\Code\Distributed-Compute-Coin\dcc_client\out\CMakeFiles\CMakeTmp\cmTC_2e91c.vcxproj" (default target) (1) ->
(Link target) -> 
  CurlTests.obj : error LNK2019: unresolved external symbol strerror_r referenced in function main [C:\Users\samda\Code\Distributed-Compute-Coin\dcc_client\out\CMakeFiles\CMakeTmp\cmTC_2e91c.vcxproj]
  C:\Users\samda\Code\Distributed-Compute-Coin\dcc_client\out\CMakeFiles\CMakeTmp\Debug\cmTC_2e91c.exe : fatal error LNK1120: 1 unresolved externals [C:\Users\samda\Code\Distributed-Compute-Coin\dcc_client\out\CMakeFiles\CMakeTmp\cmTC_2e91c.vcxproj]

    2 Warning(s)
    2 Error(s)

Time Elapsed 00:00:00.68


Performing Curl Test HAVE_CLOCK_GETTIME_MONOTONIC failed with the following output:
Change Dir: 'C:/Users/samda/Code/Distributed-Compute-Coin/dcc_client/out/CMakeFiles/CMakeTmp'

Run Build Command(s): "C:/Program Files (x86)/Microsoft Visual Studio/2022/BuildTools/MSBuild/Current/Bin/amd64/MSBuild.exe" cmTC_e046e.vcxproj /p:Configuration=Debug /p:Platform=x64 /p:VisualStudioVersion=17.0 /v:n
MSBuild version 17.9.8+b34f75857 for .NET Framework
Build started 4/30/2024 11:53:11 AM.

Project "C:\Users\samda\Code\Distributed-Compute-Coin\dcc_client\out\CMakeFiles\CMakeTmp\cmTC_e046e.vcxproj" on node 1 (default targets).
PrepareForBuild:
  Creating directory "cmTC_e046e.dir\Debug\".
  Structured output is enabled. The formatting of compiler diagnostics will reflect the error hierarchy. See https://aka.ms/cpp/structured-output for more details.
  Creating directory "C:\Users\samda\Code\Distributed-Compute-Coin\dcc_client\out\CMakeFiles\CMakeTmp\Debug\".
  Creating directory "cmTC_e046e.dir\Debug\cmTC_e046e.tlog\".
InitializeBuildStatus:
  Creating "cmTC_e046e.dir\Debug\cmTC_e046e.tlog\unsuccessfulbuild" because "AlwaysCreate" was specified.
  Touching "cmTC_e046e.dir\Debug\cmTC_e046e.tlog\unsuccessfulbuild".
VcpkgTripletSelection:
  Using triplet "x64-windows" from "C:\Users\samda\Code\vcpkg\installed\x64-windows\"
  Using normalized configuration "Release"
ClCompile:
  C:\Program Files (x86)\Microsoft Visual Studio\2022\BuildTools\VC\Tools\MSVC\14.39.33519\bin\HostX64\x64\CL.exe /c /I"C:\Users\samda\Code\vcpkg\installed\x64-windows\include" /Zi /W3 /WX- /diagnostics:column /Od /Ob0 /D _MBCS /D WIN32 /D _WINDOWS /D HAVE_CLOCK_GETTIME_MONOTONIC /D HAVE_WINDOWS_H /D HAVE_WS2TCPIP_H /D HAVE_WINSOCK2_H /D HAVE_WINCRYPT_H /D HAVE_STDIO_H /D HAVE_SYS_STAT_H /D HAVE_SYS_TYPES_H /D HAVE_SYS_UTIME_H /D HAVE_ASSERT_H /D HAVE_ERRNO_H /D HAVE_FCNTL_H /D HAVE_IO_H /D HAVE_LOCALE_H /D HAVE_SETJMP_H /D HAVE_SIGNAL_H /D HAVE_STDBOOL_H /D HAVE_STDLIB_H /D HAVE_STRING_H /D HAVE_TIME_H /D HAVE_PROCESS_H /D HAVE_STDDEF_H /D HAVE_MALLOC_H /D HAVE_MEMORY_H /D "CMAKE_INTDIR=\"Debug\"" /Gm- /RTC1 /MDd /GS /fp:precise /Zc:wchar_t /Zc:forScope /Zc:inline /Fo"cmTC_e046e.dir\Debug\\" /Fd"cmTC_e046e.dir\Debug\vc143.pdb" /external:W3 /Gd /TC /errorReport:queue "C:\Users\samda\Code\Distributed-Compute-Coin\dcc_client\out\_deps\curl-src\CMake\CurlTests.c"
  Microsoft (R) C/C++ Optimizing Compiler Version 19.39.33523 for x64
  Copyright (C) Microsoft Corporation.  All rights reserved.
  cl /c /I"C:\Users\samda\Code\vcpkg\installed\x64-windows\include" /Zi /W3 /WX- /diagnostics:column /Od /Ob0 /D _MBCS /D WIN32 /D _WINDOWS /D HAVE_CLOCK_GETTIME_MONOTONIC /D HAVE_WINDOWS_H /D HAVE_WS2TCPIP_H /D HAVE_WINSOCK2_H /D HAVE_WINCRYPT_H /D HAVE_STDIO_H /D HAVE_SYS_STAT_H /D HAVE_SYS_TYPES_H /D HAVE_SYS_UTIME_H /D HAVE_ASSERT_H /D HAVE_ERRNO_H /D HAVE_FCNTL_H /D HAVE_IO_H /D HAVE_LOCALE_H /D HAVE_SETJMP_H /D HAVE_SIGNAL_H /D HAVE_STDBOOL_H /D HAVE_STDLIB_H /D HAVE_STRING_H /D HAVE_TIME_H /D HAVE_PROCESS_H /D HAVE_STDDEF_H /D HAVE_MALLOC_H /D HAVE_MEMORY_H /D "CMAKE_INTDIR=\"Debug\"" /Gm- /RTC1 /MDd /GS /fp:precise /Zc:wchar_t /Zc:forScope /Zc:inline /Fo"cmTC_e046e.dir\Debug\\" /Fd"cmTC_e046e.dir\Debug\vc143.pdb" /external:W3 /Gd /TC /errorReport:queue "C:\Users\samda\Code\Distributed-Compute-Coin\dcc_client\out\_deps\curl-src\CMake\CurlTests.c"
  CurlTests.c
C:\Users\samda\Code\Distributed-Compute-Coin\dcc_client\out\_deps\curl-src\CMake\CurlTests.c(460,3): warning C4013: 'clock_gettime' undefined; assuming extern returning int [C:\Users\samda\Code\Distributed-Compute-Coin\dcc_client\out\CMakeFiles\CMakeTmp\cmTC_e046e.vcxproj]
C:\Users\samda\Code\Distributed-Compute-Coin\dcc_client\out\_deps\curl-src\CMake\CurlTests.c(460,32): error C2065: 'CLOCK_MONOTONIC': undeclared identifier [C:\Users\samda\Code\Distributed-Compute-Coin\dcc_client\out\CMakeFiles\CMakeTmp\cmTC_e046e.vcxproj]
Done Building Project "C:\Users\samda\Code\Distributed-Compute-Coin\dcc_client\out\CMakeFiles\CMakeTmp\cmTC_e046e.vcxproj" (default targets) -- FAILED.

Build FAILED.

"C:\Users\samda\Code\Distributed-Compute-Coin\dcc_client\out\CMakeFiles\CMakeTmp\cmTC_e046e.vcxproj" (default target) (1) ->
(ClCompile target) -> 
  C:\Users\samda\Code\Distributed-Compute-Coin\dcc_client\out\_deps\curl-src\CMake\CurlTests.c(460,3): warning C4013: 'clock_gettime' undefined; assuming extern returning int [C:\Users\samda\Code\Distributed-Compute-Coin\dcc_client\out\CMakeFiles\CMakeTmp\cmTC_e046e.vcxproj]


"C:\Users\samda\Code\Distributed-Compute-Coin\dcc_client\out\CMakeFiles\CMakeTmp\cmTC_e046e.vcxproj" (default target) (1) ->
(ClCompile target) -> 
  C:\Users\samda\Code\Distributed-Compute-Coin\dcc_client\out\_deps\curl-src\CMake\CurlTests.c(460,32): error C2065: 'CLOCK_MONOTONIC': undeclared identifier [C:\Users\samda\Code\Distributed-Compute-Coin\dcc_client\out\CMakeFiles\CMakeTmp\cmTC_e046e.vcxproj]

    1 Warning(s)
    1 Error(s)

Time Elapsed 00:00:00.47


Performing Curl Test HAVE_BUILTIN_AVAILABLE failed with the following output:
Change Dir: 'C:/Users/samda/Code/Distributed-Compute-Coin/dcc_client/out/CMakeFiles/CMakeTmp'

Run Build Command(s): "C:/Program Files (x86)/Microsoft Visual Studio/2022/BuildTools/MSBuild/Current/Bin/amd64/MSBuild.exe" cmTC_ae888.vcxproj /p:Configuration=Debug /p:Platform=x64 /p:VisualStudioVersion=17.0 /v:n
MSBuild version 17.9.8+b34f75857 for .NET Framework
Build started 4/30/2024 11:53:12 AM.

Project "C:\Users\samda\Code\Distributed-Compute-Coin\dcc_client\out\CMakeFiles\CMakeTmp\cmTC_ae888.vcxproj" on node 1 (default targets).
PrepareForBuild:
  Creating directory "cmTC_ae888.dir\Debug\".
  Structured output is enabled. The formatting of compiler diagnostics will reflect the error hierarchy. See https://aka.ms/cpp/structured-output for more details.
  Creating directory "C:\Users\samda\Code\Distributed-Compute-Coin\dcc_client\out\CMakeFiles\CMakeTmp\Debug\".
  Creating directory "cmTC_ae888.dir\Debug\cmTC_ae888.tlog\".
InitializeBuildStatus:
  Creating "cmTC_ae888.dir\Debug\cmTC_ae888.tlog\unsuccessfulbuild" because "AlwaysCreate" was specified.
  Touching "cmTC_ae888.dir\Debug\cmTC_ae888.tlog\unsuccessfulbuild".
VcpkgTripletSelection:
  Using triplet "x64-windows" from "C:\Users\samda\Code\vcpkg\installed\x64-windows\"
  Using normalized configuration "Release"
ClCompile:
  C:\Program Files (x86)\Microsoft Visual Studio\2022\BuildTools\VC\Tools\MSVC\14.39.33519\bin\HostX64\x64\CL.exe /c /I"C:\Users\samda\Code\vcpkg\installed\x64-windows\include" /Zi /W3 /WX- /diagnostics:column /Od /Ob0 /D _MBCS /D WIN32 /D _WINDOWS /D HAVE_BUILTIN_AVAILABLE /D HAVE_WINDOWS_H /D HAVE_WS2TCPIP_H /D HAVE_WINSOCK2_H /D HAVE_WINCRYPT_H /D HAVE_STDIO_H /D HAVE_SYS_STAT_H /D HAVE_SYS_TYPES_H /D HAVE_SYS_UTIME_H /D HAVE_ASSERT_H /D HAVE_ERRNO_H /D HAVE_FCNTL_H /D HAVE_IO_H /D HAVE_LOCALE_H /D HAVE_SETJMP_H /D HAVE_SIGNAL_H /D HAVE_STDBOOL_H /D HAVE_STDLIB_H /D HAVE_STRING_H /D HAVE_TIME_H /D HAVE_PROCESS_H /D HAVE_STDDEF_H /D HAVE_MALLOC_H /D HAVE_MEMORY_H /D "CMAKE_INTDIR=\"Debug\"" /Gm- /RTC1 /MDd /GS /fp:precise /Zc:wchar_t /Zc:forScope /Zc:inline /Fo"cmTC_ae888.dir\Debug\\" /Fd"cmTC_ae888.dir\Debug\vc143.pdb" /external:W3 /Gd /TC /errorReport:queue "C:\Users\samda\Code\Distributed-Compute-Coin\dcc_client\out\_deps\curl-src\CMake\CurlTests.c"
  Microsoft (R) C/C++ Optimizing Compiler Version 19.39.33523 for x64
  Copyright (C) Microsoft Corporation.  All rights reserved.
  cl /c /I"C:\Users\samda\Code\vcpkg\installed\x64-windows\include" /Zi /W3 /WX- /diagnostics:column /Od /Ob0 /D _MBCS /D WIN32 /D _WINDOWS /D HAVE_BUILTIN_AVAILABLE /D HAVE_WINDOWS_H /D HAVE_WS2TCPIP_H /D HAVE_WINSOCK2_H /D HAVE_WINCRYPT_H /D HAVE_STDIO_H /D HAVE_SYS_STAT_H /D HAVE_SYS_TYPES_H /D HAVE_SYS_UTIME_H /D HAVE_ASSERT_H /D HAVE_ERRNO_H /D HAVE_FCNTL_H /D HAVE_IO_H /D HAVE_LOCALE_H /D HAVE_SETJMP_H /D HAVE_SIGNAL_H /D HAVE_STDBOOL_H /D HAVE_STDLIB_H /D HAVE_STRING_H /D HAVE_TIME_H /D HAVE_PROCESS_H /D HAVE_STDDEF_H /D HAVE_MALLOC_H /D HAVE_MEMORY_H /D "CMAKE_INTDIR=\"Debug\"" /Gm- /RTC1 /MDd /GS /fp:precise /Zc:wchar_t /Zc:forScope /Zc:inline /Fo"cmTC_ae888.dir\Debug\\" /Fd"cmTC_ae888.dir\Debug\vc143.pdb" /external:W3 /Gd /TC /errorReport:queue "C:\Users\samda\Code\Distributed-Compute-Coin\dcc_client\out\_deps\curl-src\CMake\CurlTests.c"
  CurlTests.c
C:\Users\samda\Code\Distributed-Compute-Coin\dcc_client\out\_deps\curl-src\CMake\CurlTests.c(467,6): warning C4013: '__builtin_available' undefined; assuming extern returning int [C:\Users\samda\Code\Distributed-Compute-Coin\dcc_client\out\CMakeFiles\CMakeTmp\cmTC_ae888.vcxproj]
C:\Users\samda\Code\Distributed-Compute-Coin\dcc_client\out\_deps\curl-src\CMake\CurlTests.c(467,32): error C2065: 'macOS': undeclared identifier [C:\Users\samda\Code\Distributed-Compute-Coin\dcc_client\out\CMakeFiles\CMakeTmp\cmTC_ae888.vcxproj]
C:\Users\samda\Code\Distributed-Compute-Coin\dcc_client\out\_deps\curl-src\CMake\CurlTests.c(467,32): error C2143: syntax error: missing ')' before 'constant' [C:\Users\samda\Code\Distributed-Compute-Coin\dcc_client\out\CMakeFiles\CMakeTmp\cmTC_ae888.vcxproj]
C:\Users\samda\Code\Distributed-Compute-Coin\dcc_client\out\_deps\curl-src\CMake\CurlTests.c(467,40): error C2059: syntax error: ')' [C:\Users\samda\Code\Distributed-Compute-Coin\dcc_client\out\CMakeFiles\CMakeTmp\cmTC_ae888.vcxproj]
C:\Users\samda\Code\Distributed-Compute-Coin\dcc_client\out\_deps\curl-src\CMake\CurlTests.c(467,41): error C2059: syntax error: ')' [C:\Users\samda\Code\Distributed-Compute-Coin\dcc_client\out\CMakeFiles\CMakeTmp\cmTC_ae888.vcxproj]
Done Building Project "C:\Users\samda\Code\Distributed-Compute-Coin\dcc_client\out\CMakeFiles\CMakeTmp\cmTC_ae888.vcxproj" (default targets) -- FAILED.

Build FAILED.

"C:\Users\samda\Code\Distributed-Compute-Coin\dcc_client\out\CMakeFiles\CMakeTmp\cmTC_ae888.vcxproj" (default target) (1) ->
(ClCompile target) -> 
  C:\Users\samda\Code\Distributed-Compute-Coin\dcc_client\out\_deps\curl-src\CMake\CurlTests.c(467,6): warning C4013: '__builtin_available' undefined; assuming extern returning int [C:\Users\samda\Code\Distributed-Compute-Coin\dcc_client\out\CMakeFiles\CMakeTmp\cmTC_ae888.vcxproj]


"C:\Users\samda\Code\Distributed-Compute-Coin\dcc_client\out\CMakeFiles\CMakeTmp\cmTC_ae888.vcxproj" (default target) (1) ->
(ClCompile target) -> 
  C:\Users\samda\Code\Distributed-Compute-Coin\dcc_client\out\_deps\curl-src\CMake\CurlTests.c(467,32): error C2065: 'macOS': undeclared identifier [C:\Users\samda\Code\Distributed-Compute-Coin\dcc_client\out\CMakeFiles\CMakeTmp\cmTC_ae888.vcxproj]
  C:\Users\samda\Code\Distributed-Compute-Coin\dcc_client\out\_deps\curl-src\CMake\CurlTests.c(467,32): error C2143: syntax error: missing ')' before 'constant' [C:\Users\samda\Code\Distributed-Compute-Coin\dcc_client\out\CMakeFiles\CMakeTmp\cmTC_ae888.vcxproj]
  C:\Users\samda\Code\Distributed-Compute-Coin\dcc_client\out\_deps\curl-src\CMake\CurlTests.c(467,40): error C2059: syntax error: ')' [C:\Users\samda\Code\Distributed-Compute-Coin\dcc_client\out\CMakeFiles\CMakeTmp\cmTC_ae888.vcxproj]
  C:\Users\samda\Code\Distributed-Compute-Coin\dcc_client\out\_deps\curl-src\CMake\CurlTests.c(467,41): error C2059: syntax error: ')' [C:\Users\samda\Code\Distributed-Compute-Coin\dcc_client\out\CMakeFiles\CMakeTmp\cmTC_ae888.vcxproj]

    1 Warning(s)
    4 Error(s)

Time Elapsed 00:00:00.47


